<?xml version="1.0" encoding="UTF-8"?>
<coverage generated="1626704487056" clover="3.2.0">
  <project timestamp="1626704487056" name="All files">
    <metrics statements="971" coveredstatements="314" conditionals="427" coveredconditionals="61" methods="268" coveredmethods="69" elements="1666" coveredelements="444" complexity="0" loc="971" ncloc="971" packages="21" files="60" classes="60"/>
    <package name="src">
      <metrics statements="2" coveredstatements="2" conditionals="0" coveredconditionals="0" methods="2" coveredmethods="2"/>
      <file name="App.js" path="/home/maria-baeta/trybe/trybe-projects/sd-010-a-project-recipes-app/src/App.js">
        <metrics statements="1" coveredstatements="1" conditionals="0" coveredconditionals="0" methods="1" coveredmethods="1"/>
        <line num="8" count="18" type="stmt"/>
      </file>
      <file name="Routes.js" path="/home/maria-baeta/trybe/trybe-projects/sd-010-a-project-recipes-app/src/Routes.js">
        <metrics statements="1" coveredstatements="1" conditionals="0" coveredconditionals="0" methods="1" coveredmethods="1"/>
        <line num="26" count="18" type="stmt"/>
      </file>
    </package>
    <package name="src.components">
      <metrics statements="97" coveredstatements="34" conditionals="50" coveredconditionals="9" methods="21" coveredmethods="8"/>
      <file name="Footer.jsx" path="/home/maria-baeta/trybe/trybe-projects/sd-010-a-project-recipes-app/src/components/Footer.jsx">
        <metrics statements="1" coveredstatements="1" conditionals="0" coveredconditionals="0" methods="1" coveredmethods="1"/>
        <line num="9" count="45" type="stmt"/>
      </file>
      <file name="Header.jsx" path="/home/maria-baeta/trybe/trybe-projects/sd-010-a-project-recipes-app/src/components/Header.jsx">
        <metrics statements="15" coveredstatements="12" conditionals="8" coveredconditionals="5" methods="2" coveredmethods="2"/>
        <line num="7" count="24" type="stmt"/>
        <line num="8" count="24" type="stmt"/>
        <line num="9" count="24" type="stmt"/>
        <line num="10" count="24" type="stmt"/>
        <line num="11" count="24" type="stmt"/>
        <line num="12" count="24" type="stmt"/>
        <line num="14" count="24" type="stmt"/>
        <line num="15" count="24" type="cond" truecount="3" falsecount="1"/>
        <line num="17" count="0" type="stmt"/>
        <line num="18" count="24" type="cond" truecount="1" falsecount="1"/>
        <line num="19" count="0" type="stmt"/>
        <line num="20" count="24" type="cond" truecount="1" falsecount="1"/>
        <line num="21" count="0" type="stmt"/>
        <line num="22" count="24" type="stmt"/>
        <line num="24" count="24" type="stmt"/>
      </file>
      <file name="HeaderSearchbar.jsx" path="/home/maria-baeta/trybe/trybe-projects/sd-010-a-project-recipes-app/src/components/HeaderSearchbar.jsx">
        <metrics statements="58" coveredstatements="5" conditionals="28" coveredconditionals="0" methods="13" coveredmethods="1"/>
        <line num="24" count="2" type="stmt"/>
        <line num="26" count="2" type="stmt"/>
        <line num="28" count="2" type="stmt"/>
        <line num="29" count="0" type="stmt"/>
        <line num="30" count="0" type="stmt"/>
        <line num="31" count="0" type="stmt"/>
        <line num="32" count="0" type="cond" truecount="0" falsecount="4"/>
        <line num="33" count="0" type="stmt"/>
        <line num="34" count="0" type="stmt"/>
        <line num="38" count="2" type="stmt"/>
        <line num="39" count="0" type="cond" truecount="0" falsecount="4"/>
        <line num="40" count="0" type="stmt"/>
        <line num="41" count="0" type="stmt"/>
        <line num="42" count="0" type="stmt"/>
        <line num="43" count="0" type="stmt"/>
        <line num="44" count="0" type="stmt"/>
        <line num="46" count="0" type="stmt"/>
        <line num="47" count="0" type="cond" truecount="0" falsecount="4"/>
        <line num="48" count="0" type="stmt"/>
        <line num="49" count="0" type="stmt"/>
        <line num="50" count="0" type="stmt"/>
        <line num="51" count="0" type="stmt"/>
        <line num="52" count="0" type="stmt"/>
        <line num="54" count="0" type="stmt"/>
        <line num="55" count="0" type="cond" truecount="0" falsecount="4"/>
        <line num="56" count="0" type="stmt"/>
        <line num="57" count="0" type="stmt"/>
        <line num="58" count="0" type="stmt"/>
        <line num="59" count="0" type="stmt"/>
        <line num="60" count="0" type="stmt"/>
        <line num="62" count="0" type="stmt"/>
        <line num="63" count="0" type="cond" truecount="0" falsecount="4"/>
        <line num="64" count="0" type="stmt"/>
        <line num="65" count="0" type="stmt"/>
        <line num="66" count="0" type="stmt"/>
        <line num="67" count="0" type="stmt"/>
        <line num="68" count="0" type="stmt"/>
        <line num="70" count="0" type="stmt"/>
        <line num="71" count="0" type="cond" truecount="0" falsecount="4"/>
        <line num="72" count="0" type="stmt"/>
        <line num="73" count="0" type="stmt"/>
        <line num="74" count="0" type="stmt"/>
        <line num="75" count="0" type="stmt"/>
        <line num="76" count="0" type="stmt"/>
        <line num="78" count="0" type="stmt"/>
        <line num="79" count="0" type="cond" truecount="0" falsecount="4"/>
        <line num="80" count="0" type="stmt"/>
        <line num="81" count="0" type="stmt"/>
        <line num="82" count="0" type="stmt"/>
        <line num="83" count="0" type="stmt"/>
        <line num="84" count="0" type="stmt"/>
        <line num="86" count="0" type="stmt"/>
        <line num="88" count="0" type="stmt"/>
        <line num="91" count="2" type="stmt"/>
        <line num="97" count="0" type="stmt"/>
        <line num="119" count="0" type="stmt"/>
        <line num="128" count="0" type="stmt"/>
        <line num="137" count="0" type="stmt"/>
      </file>
      <file name="HeaderWithSearch.jsx" path="/home/maria-baeta/trybe/trybe-projects/sd-010-a-project-recipes-app/src/components/HeaderWithSearch.jsx">
        <metrics statements="23" coveredstatements="16" conditionals="14" coveredconditionals="4" methods="5" coveredmethods="4"/>
        <line num="15" count="26" type="stmt"/>
        <line num="17" count="26" type="stmt"/>
        <line num="18" count="26" type="stmt"/>
        <line num="19" count="26" type="stmt"/>
        <line num="20" count="26" type="stmt"/>
        <line num="21" count="26" type="stmt"/>
        <line num="22" count="26" type="stmt"/>
        <line num="24" count="26" type="stmt"/>
        <line num="26" count="26" type="cond" truecount="1" falsecount="1"/>
        <line num="29" count="26" type="stmt"/>
        <line num="34" count="26" type="stmt"/>
        <line num="35" count="0" type="stmt"/>
        <line num="36" count="0" type="stmt"/>
        <line num="37" count="0" type="stmt"/>
        <line num="40" count="26" type="stmt"/>
        <line num="41" count="2" type="cond" truecount="1" falsecount="1"/>
        <line num="42" count="2" type="stmt"/>
        <line num="43" count="0" type="cond" truecount="0" falsecount="4"/>
        <line num="44" count="0" type="stmt"/>
        <line num="45" count="0" type="cond" truecount="0" falsecount="4"/>
        <line num="46" count="0" type="stmt"/>
        <line num="50" count="26" type="stmt"/>
        <line num="64" count="2" type="stmt"/>
      </file>
    </package>
    <package name="src.context">
      <metrics statements="111" coveredstatements="73" conditionals="26" coveredconditionals="8" methods="20" coveredmethods="11"/>
      <file name="Context.js" path="/home/maria-baeta/trybe/trybe-projects/sd-010-a-project-recipes-app/src/context/Context.js">
        <metrics statements="1" coveredstatements="1" conditionals="0" coveredconditionals="0" methods="0" coveredmethods="0"/>
        <line num="3" count="9" type="stmt"/>
      </file>
      <file name="Provider.js" path="/home/maria-baeta/trybe/trybe-projects/sd-010-a-project-recipes-app/src/context/Provider.js">
        <metrics statements="110" coveredstatements="72" conditionals="26" coveredconditionals="8" methods="20" coveredmethods="11"/>
        <line num="12" count="160" type="stmt"/>
        <line num="13" count="160" type="stmt"/>
        <line num="14" count="160" type="stmt"/>
        <line num="15" count="160" type="stmt"/>
        <line num="16" count="160" type="stmt"/>
        <line num="17" count="160" type="stmt"/>
        <line num="18" count="160" type="stmt"/>
        <line num="19" count="160" type="stmt"/>
        <line num="20" count="160" type="stmt"/>
        <line num="21" count="160" type="stmt"/>
        <line num="22" count="160" type="stmt"/>
        <line num="23" count="160" type="stmt"/>
        <line num="24" count="160" type="stmt"/>
        <line num="25" count="160" type="stmt"/>
        <line num="26" count="160" type="stmt"/>
        <line num="27" count="160" type="stmt"/>
        <line num="28" count="160" type="stmt"/>
        <line num="29" count="160" type="stmt"/>
        <line num="30" count="160" type="stmt"/>
        <line num="31" count="160" type="stmt"/>
        <line num="32" count="160" type="stmt"/>
        <line num="33" count="160" type="stmt"/>
        <line num="34" count="160" type="stmt"/>
        <line num="35" count="160" type="stmt"/>
        <line num="36" count="160" type="stmt"/>
        <line num="37" count="160" type="stmt"/>
        <line num="40" count="44" type="stmt"/>
        <line num="41" count="44" type="stmt"/>
        <line num="42" count="44" type="stmt"/>
        <line num="43" count="44" type="stmt"/>
        <line num="44" count="4" type="stmt"/>
        <line num="45" count="4" type="stmt"/>
        <line num="46" count="4" type="stmt"/>
        <line num="47" count="4" type="stmt"/>
        <line num="48" count="4" type="stmt"/>
        <line num="49" count="4" type="stmt"/>
        <line num="50" count="4" type="stmt"/>
        <line num="52" count="44" type="stmt"/>
        <line num="53" count="44" type="cond" truecount="1" falsecount="1"/>
        <line num="54" count="44" type="stmt"/>
        <line num="55" count="44" type="stmt"/>
        <line num="57" count="44" type="cond" truecount="1" falsecount="1"/>
        <line num="58" count="44" type="stmt"/>
        <line num="59" count="44" type="stmt"/>
        <line num="62" count="160" type="stmt"/>
        <line num="63" count="0" type="stmt"/>
        <line num="64" count="0" type="cond" truecount="0" falsecount="2"/>
        <line num="65" count="0" type="stmt"/>
        <line num="66" count="0" type="stmt"/>
        <line num="67" count="0" type="stmt"/>
        <line num="68" count="0" type="stmt"/>
        <line num="69" count="0" type="stmt"/>
        <line num="71" count="0" type="stmt"/>
        <line num="72" count="0" type="cond" truecount="0" falsecount="2"/>
        <line num="73" count="0" type="stmt"/>
        <line num="74" count="0" type="cond" truecount="0" falsecount="2"/>
        <line num="75" count="0" type="stmt"/>
        <line num="79" count="160" type="stmt"/>
        <line num="80" count="0" type="stmt"/>
        <line num="81" count="0" type="cond" truecount="0" falsecount="2"/>
        <line num="82" count="0" type="stmt"/>
        <line num="83" count="0" type="stmt"/>
        <line num="84" count="0" type="stmt"/>
        <line num="85" count="0" type="stmt"/>
        <line num="86" count="0" type="stmt"/>
        <line num="88" count="0" type="stmt"/>
        <line num="90" count="0" type="cond" truecount="0" falsecount="2"/>
        <line num="91" count="0" type="stmt"/>
        <line num="93" count="0" type="cond" truecount="0" falsecount="2"/>
        <line num="94" count="0" type="stmt"/>
        <line num="98" count="160" type="stmt"/>
        <line num="99" count="0" type="stmt"/>
        <line num="100" count="0" type="stmt"/>
        <line num="101" count="0" type="stmt"/>
        <line num="103" count="0" type="stmt"/>
        <line num="106" count="160" type="stmt"/>
        <line num="107" count="0" type="stmt"/>
        <line num="108" count="0" type="stmt"/>
        <line num="109" count="0" type="stmt"/>
        <line num="111" count="0" type="stmt"/>
        <line num="115" count="44" type="stmt"/>
        <line num="116" count="44" type="stmt"/>
        <line num="117" count="4" type="stmt"/>
        <line num="119" count="44" type="stmt"/>
        <line num="123" count="44" type="stmt"/>
        <line num="124" count="44" type="stmt"/>
        <line num="125" count="4" type="stmt"/>
        <line num="127" count="44" type="stmt"/>
        <line num="131" count="0" type="cond" truecount="0" falsecount="2"/>
        <line num="132" count="0" type="stmt"/>
        <line num="133" count="0" type="stmt"/>
        <line num="134" count="0" type="stmt"/>
        <line num="136" count="0" type="cond" truecount="0" falsecount="2"/>
        <line num="137" count="0" type="stmt"/>
        <line num="142" count="44" type="cond" truecount="2" falsecount="0"/>
        <line num="143" count="9" type="stmt"/>
        <line num="148" count="44" type="cond" truecount="2" falsecount="0"/>
        <line num="149" count="9" type="stmt"/>
        <line num="153" count="44" type="cond" truecount="2" falsecount="0"/>
        <line num="154" count="9" type="stmt"/>
        <line num="157" count="160" type="stmt"/>
        <line num="158" count="44" type="stmt"/>
        <line num="159" count="44" type="stmt"/>
        <line num="160" count="44" type="stmt"/>
        <line num="161" count="44" type="stmt"/>
        <line num="162" count="44" type="stmt"/>
        <line num="163" count="44" type="stmt"/>
        <line num="166" count="160" type="stmt"/>
        <line num="219" count="160" type="stmt"/>
        <line num="226" count="9" type="stmt"/>
      </file>
    </package>
    <package name="src.pages.DetailsPages">
      <metrics statements="54" coveredstatements="2" conditionals="34" coveredconditionals="0" methods="16" coveredmethods="0"/>
      <file name="ComponentAux.js" path="/home/maria-baeta/trybe/trybe-projects/sd-010-a-project-recipes-app/src/pages/DetailsPages/ComponentAux.js">
        <metrics statements="2" coveredstatements="0" conditionals="14" coveredconditionals="0" methods="1" coveredmethods="0"/>
        <line num="15" count="0" type="stmt"/>
        <line num="17" count="0" type="stmt"/>
      </file>
      <file name="ComponentAuxProgress.js" path="/home/maria-baeta/trybe/trybe-projects/sd-010-a-project-recipes-app/src/pages/DetailsPages/ComponentAuxProgress.js">
        <metrics statements="10" coveredstatements="0" conditionals="12" coveredconditionals="0" methods="3" coveredmethods="0"/>
        <line num="14" count="0" type="stmt"/>
        <line num="15" count="0" type="stmt"/>
        <line num="16" count="0" type="stmt"/>
        <line num="17" count="0" type="stmt"/>
        <line num="18" count="0" type="stmt"/>
        <line num="19" count="0" type="cond" truecount="0" falsecount="2"/>
        <line num="20" count="0" type="stmt"/>
        <line num="21" count="0" type="stmt"/>
        <line num="26" count="0" type="stmt"/>
        <line num="40" count="0" type="stmt"/>
      </file>
      <file name="DetailsDrinkRecipe.jsx" path="/home/maria-baeta/trybe/trybe-projects/sd-010-a-project-recipes-app/src/pages/DetailsPages/DetailsDrinkRecipe.jsx">
        <metrics statements="11" coveredstatements="1" conditionals="2" coveredconditionals="0" methods="3" coveredmethods="0"/>
        <line num="16" count="4" type="stmt"/>
        <line num="18" count="0" type="stmt"/>
        <line num="19" count="0" type="stmt"/>
        <line num="20" count="0" type="stmt"/>
        <line num="21" count="0" type="stmt"/>
        <line num="23" count="0" type="stmt"/>
        <line num="24" count="0" type="stmt"/>
        <line num="25" count="0" type="stmt"/>
        <line num="26" count="0" type="stmt"/>
        <line num="28" count="0" type="stmt"/>
        <line num="31" count="0" type="stmt"/>
      </file>
      <file name="DetailsFoodRecipe.jsx" path="/home/maria-baeta/trybe/trybe-projects/sd-010-a-project-recipes-app/src/pages/DetailsPages/DetailsFoodRecipe.jsx">
        <metrics statements="11" coveredstatements="1" conditionals="2" coveredconditionals="0" methods="3" coveredmethods="0"/>
        <line num="18" count="4" type="stmt"/>
        <line num="21" count="0" type="stmt"/>
        <line num="22" count="0" type="stmt"/>
        <line num="23" count="0" type="stmt"/>
        <line num="25" count="0" type="stmt"/>
        <line num="27" count="0" type="stmt"/>
        <line num="28" count="0" type="stmt"/>
        <line num="29" count="0" type="stmt"/>
        <line num="30" count="0" type="stmt"/>
        <line num="32" count="0" type="stmt"/>
        <line num="35" count="0" type="stmt"/>
      </file>
      <file name="DetailsInProgressDrink.jsx" path="/home/maria-baeta/trybe/trybe-projects/sd-010-a-project-recipes-app/src/pages/DetailsPages/DetailsInProgressDrink.jsx">
        <metrics statements="10" coveredstatements="0" conditionals="2" coveredconditionals="0" methods="3" coveredmethods="0"/>
        <line num="7" count="0" type="stmt"/>
        <line num="8" count="0" type="stmt"/>
        <line num="9" count="0" type="stmt"/>
        <line num="10" count="0" type="stmt"/>
        <line num="12" count="0" type="stmt"/>
        <line num="13" count="0" type="stmt"/>
        <line num="14" count="0" type="stmt"/>
        <line num="15" count="0" type="stmt"/>
        <line num="17" count="0" type="stmt"/>
        <line num="19" count="0" type="stmt"/>
      </file>
      <file name="DetailsInProgressFood.jsx" path="/home/maria-baeta/trybe/trybe-projects/sd-010-a-project-recipes-app/src/pages/DetailsPages/DetailsInProgressFood.jsx">
        <metrics statements="10" coveredstatements="0" conditionals="2" coveredconditionals="0" methods="3" coveredmethods="0"/>
        <line num="7" count="0" type="stmt"/>
        <line num="8" count="0" type="stmt"/>
        <line num="9" count="0" type="stmt"/>
        <line num="10" count="0" type="stmt"/>
        <line num="12" count="0" type="stmt"/>
        <line num="13" count="0" type="stmt"/>
        <line num="14" count="0" type="stmt"/>
        <line num="15" count="0" type="stmt"/>
        <line num="17" count="0" type="stmt"/>
        <line num="19" count="0" type="stmt"/>
      </file>
    </package>
    <package name="src.pages.DetailsPages.components">
      <metrics statements="82" coveredstatements="13" conditionals="32" coveredconditionals="0" methods="18" coveredmethods="0"/>
      <file name="Heading.jsx" path="/home/maria-baeta/trybe/trybe-projects/sd-010-a-project-recipes-app/src/pages/DetailsPages/components/Heading.jsx">
        <metrics statements="3" coveredstatements="2" conditionals="4" coveredconditionals="0" methods="1" coveredmethods="0"/>
        <line num="6" count="4" type="stmt"/>
        <line num="7" count="0" type="stmt"/>
        <line num="17" count="4" type="stmt"/>
      </file>
      <file name="Ingredients.jsx" path="/home/maria-baeta/trybe/trybe-projects/sd-010-a-project-recipes-app/src/pages/DetailsPages/components/Ingredients.jsx">
        <metrics statements="8" coveredstatements="2" conditionals="2" coveredconditionals="0" methods="2" coveredmethods="0"/>
        <line num="5" count="4" type="stmt"/>
        <line num="6" count="0" type="stmt"/>
        <line num="7" count="0" type="stmt"/>
        <line num="8" count="0" type="cond" truecount="0" falsecount="2"/>
        <line num="9" count="0" type="stmt"/>
        <line num="11" count="0" type="stmt"/>
        <line num="18" count="0" type="stmt"/>
        <line num="31" count="4" type="stmt"/>
      </file>
      <file name="IngredinetsRadio.jsx" path="/home/maria-baeta/trybe/trybe-projects/sd-010-a-project-recipes-app/src/pages/DetailsPages/components/IngredinetsRadio.jsx">
        <metrics statements="51" coveredstatements="3" conditionals="18" coveredconditionals="0" methods="11" coveredmethods="0"/>
        <line num="7" count="4" type="stmt"/>
        <line num="10" count="0" type="stmt"/>
        <line num="11" count="0" type="stmt"/>
        <line num="13" count="0" type="stmt"/>
        <line num="15" count="0" type="cond" truecount="0" falsecount="2"/>
        <line num="16" count="0" type="stmt"/>
        <line num="18" count="0" type="cond" truecount="0" falsecount="2"/>
        <line num="19" count="0" type="stmt"/>
        <line num="21" count="0" type="stmt"/>
        <line num="22" count="0" type="stmt"/>
        <line num="23" count="0" type="stmt"/>
        <line num="29" count="0" type="stmt"/>
        <line num="30" count="0" type="stmt"/>
        <line num="32" count="0" type="stmt"/>
        <line num="33" count="0" type="cond" truecount="0" falsecount="2"/>
        <line num="35" count="0" type="cond" truecount="0" falsecount="2"/>
        <line num="36" count="0" type="stmt"/>
        <line num="37" count="0" type="stmt"/>
        <line num="39" count="0" type="stmt"/>
        <line num="40" count="0" type="stmt"/>
        <line num="44" count="4" type="stmt"/>
        <line num="45" count="0" type="stmt"/>
        <line num="46" count="0" type="stmt"/>
        <line num="47" count="0" type="cond" truecount="0" falsecount="2"/>
        <line num="48" count="0" type="stmt"/>
        <line num="52" count="0" type="stmt"/>
        <line num="54" count="0" type="stmt"/>
        <line num="55" count="0" type="cond" truecount="0" falsecount="2"/>
        <line num="56" count="0" type="stmt"/>
        <line num="57" count="0" type="stmt"/>
        <line num="59" count="0" type="stmt"/>
        <line num="60" count="0" type="stmt"/>
        <line num="65" count="0" type="stmt"/>
        <line num="66" count="0" type="stmt"/>
        <line num="68" count="0" type="stmt"/>
        <line num="69" count="0" type="stmt"/>
        <line num="70" count="0" type="stmt"/>
        <line num="71" count="0" type="cond" truecount="0" falsecount="2"/>
        <line num="74" count="0" type="stmt"/>
        <line num="75" count="0" type="cond" truecount="0" falsecount="2"/>
        <line num="76" count="0" type="stmt"/>
        <line num="78" count="0" type="cond" truecount="0" falsecount="2"/>
        <line num="79" count="0" type="stmt"/>
        <line num="82" count="0" type="stmt"/>
        <line num="83" count="0" type="stmt"/>
        <line num="86" count="0" type="stmt"/>
        <line num="87" count="0" type="stmt"/>
        <line num="90" count="0" type="stmt"/>
        <line num="93" count="0" type="stmt"/>
        <line num="106" count="0" type="stmt"/>
        <line num="121" count="4" type="stmt"/>
      </file>
      <file name="Instructions.jsx" path="/home/maria-baeta/trybe/trybe-projects/sd-010-a-project-recipes-app/src/pages/DetailsPages/components/Instructions.jsx">
        <metrics statements="3" coveredstatements="2" conditionals="0" coveredconditionals="0" methods="1" coveredmethods="0"/>
        <line num="6" count="4" type="stmt"/>
        <line num="7" count="0" type="stmt"/>
        <line num="17" count="4" type="stmt"/>
      </file>
      <file name="Recommends.jsx" path="/home/maria-baeta/trybe/trybe-projects/sd-010-a-project-recipes-app/src/pages/DetailsPages/components/Recommends.jsx">
        <metrics statements="10" coveredstatements="2" conditionals="6" coveredconditionals="0" methods="2" coveredmethods="0"/>
        <line num="7" count="4" type="stmt"/>
        <line num="8" count="0" type="stmt"/>
        <line num="9" count="0" type="stmt"/>
        <line num="10" count="0" type="cond" truecount="0" falsecount="2"/>
        <line num="11" count="0" type="stmt"/>
        <line num="13" count="0" type="cond" truecount="0" falsecount="4"/>
        <line num="14" count="0" type="stmt"/>
        <line num="16" count="0" type="stmt"/>
        <line num="20" count="0" type="stmt"/>
        <line num="26" count="4" type="stmt"/>
      </file>
      <file name="Video.jsx" path="/home/maria-baeta/trybe/trybe-projects/sd-010-a-project-recipes-app/src/pages/DetailsPages/components/Video.jsx">
        <metrics statements="7" coveredstatements="2" conditionals="2" coveredconditionals="0" methods="1" coveredmethods="0"/>
        <line num="4" count="4" type="stmt"/>
        <line num="5" count="0" type="stmt"/>
        <line num="6" count="0" type="stmt"/>
        <line num="7" count="0" type="cond" truecount="0" falsecount="2"/>
        <line num="8" count="0" type="stmt"/>
        <line num="11" count="0" type="stmt"/>
        <line num="27" count="4" type="stmt"/>
      </file>
    </package>
    <package name="src.pages.DetailsPages.components.ImageComponent">
      <metrics statements="3" coveredstatements="2" conditionals="4" coveredconditionals="0" methods="1" coveredmethods="0"/>
      <file name="Image.jsx" path="/home/maria-baeta/trybe/trybe-projects/sd-010-a-project-recipes-app/src/pages/DetailsPages/components/ImageComponent/Image.jsx">
        <metrics statements="3" coveredstatements="2" conditionals="4" coveredconditionals="0" methods="1" coveredmethods="0"/>
        <line num="5" count="4" type="stmt"/>
        <line num="6" count="0" type="stmt"/>
        <line num="15" count="4" type="stmt"/>
      </file>
      <file name="index.style.js" path="/home/maria-baeta/trybe/trybe-projects/sd-010-a-project-recipes-app/src/pages/DetailsPages/components/ImageComponent/index.style.js">
        <metrics statements="0" coveredstatements="0" conditionals="0" coveredconditionals="0" methods="0" coveredmethods="0"/>
      </file>
    </package>
    <package name="src.pages.DetailsPages.components.buttons">
      <metrics statements="87" coveredstatements="10" conditionals="40" coveredconditionals="0" methods="26" coveredmethods="0"/>
      <file name="ButtonMakeRecipeDrink.jsx" path="/home/maria-baeta/trybe/trybe-projects/sd-010-a-project-recipes-app/src/pages/DetailsPages/components/buttons/ButtonMakeRecipeDrink.jsx">
        <metrics statements="33" coveredstatements="3" conditionals="12" coveredconditionals="0" methods="10" coveredmethods="0"/>
        <line num="10" count="9" type="stmt"/>
        <line num="11" count="0" type="stmt"/>
        <line num="12" count="0" type="stmt"/>
        <line num="13" count="0" type="cond" truecount="0" falsecount="2"/>
        <line num="14" count="0" type="stmt"/>
        <line num="15" count="0" type="stmt"/>
        <line num="18" count="0" type="cond" truecount="0" falsecount="2"/>
        <line num="19" count="0" type="stmt"/>
        <line num="21" count="0" type="stmt"/>
        <line num="22" count="0" type="stmt"/>
        <line num="26" count="0" type="cond" truecount="0" falsecount="2"/>
        <line num="27" count="0" type="stmt"/>
        <line num="29" count="0" type="stmt"/>
        <line num="34" count="0" type="cond" truecount="0" falsecount="2"/>
        <line num="35" count="0" type="stmt"/>
        <line num="39" count="9" type="stmt"/>
        <line num="40" count="0" type="stmt"/>
        <line num="42" count="0" type="stmt"/>
        <line num="44" count="0" type="cond" truecount="0" falsecount="2"/>
        <line num="45" count="0" type="stmt"/>
        <line num="46" count="0" type="stmt"/>
        <line num="51" count="0" type="cond" truecount="0" falsecount="2"/>
        <line num="52" count="0" type="stmt"/>
        <line num="56" count="0" type="stmt"/>
        <line num="57" count="0" type="stmt"/>
        <line num="58" count="0" type="stmt"/>
        <line num="59" count="0" type="stmt"/>
        <line num="62" count="0" type="stmt"/>
        <line num="63" count="0" type="stmt"/>
        <line num="64" count="0" type="stmt"/>
        <line num="67" count="0" type="stmt"/>
        <line num="74" count="0" type="stmt"/>
        <line num="82" count="9" type="stmt"/>
      </file>
      <file name="ButtonMakeRecipeFood.jsx" path="/home/maria-baeta/trybe/trybe-projects/sd-010-a-project-recipes-app/src/pages/DetailsPages/components/buttons/ButtonMakeRecipeFood.jsx">
        <metrics statements="33" coveredstatements="4" conditionals="10" coveredconditionals="0" methods="9" coveredmethods="0"/>
        <line num="8" count="4" type="stmt"/>
        <line num="9" count="0" type="stmt"/>
        <line num="11" count="0" type="stmt"/>
        <line num="12" count="0" type="cond" truecount="0" falsecount="2"/>
        <line num="13" count="0" type="stmt"/>
        <line num="14" count="0" type="stmt"/>
        <line num="17" count="0" type="cond" truecount="0" falsecount="2"/>
        <line num="18" count="0" type="stmt"/>
        <line num="20" count="0" type="stmt"/>
        <line num="21" count="0" type="stmt"/>
        <line num="24" count="4" type="stmt"/>
        <line num="25" count="0" type="cond" truecount="0" falsecount="2"/>
        <line num="26" count="0" type="stmt"/>
        <line num="27" count="0" type="stmt"/>
        <line num="29" count="0" type="stmt"/>
        <line num="30" count="0" type="stmt"/>
        <line num="34" count="4" type="stmt"/>
        <line num="35" count="0" type="stmt"/>
        <line num="37" count="0" type="stmt"/>
        <line num="39" count="0" type="cond" truecount="0" falsecount="2"/>
        <line num="40" count="0" type="stmt"/>
        <line num="41" count="0" type="stmt"/>
        <line num="45" count="0" type="cond" truecount="0" falsecount="2"/>
        <line num="46" count="0" type="stmt"/>
        <line num="51" count="0" type="stmt"/>
        <line num="52" count="0" type="stmt"/>
        <line num="53" count="0" type="stmt"/>
        <line num="56" count="0" type="stmt"/>
        <line num="57" count="0" type="stmt"/>
        <line num="58" count="0" type="stmt"/>
        <line num="60" count="0" type="stmt"/>
        <line num="67" count="0" type="stmt"/>
        <line num="75" count="4" type="stmt"/>
      </file>
      <file name="ButtonShare.jsx" path="/home/maria-baeta/trybe/trybe-projects/sd-010-a-project-recipes-app/src/pages/DetailsPages/components/buttons/ButtonShare.jsx">
        <metrics statements="10" coveredstatements="2" conditionals="0" coveredconditionals="0" methods="3" coveredmethods="0"/>
        <line num="6" count="4" type="stmt"/>
        <line num="9" count="0" type="stmt"/>
        <line num="10" count="0" type="stmt"/>
        <line num="11" count="0" type="stmt"/>
        <line num="13" count="0" type="stmt"/>
        <line num="15" count="0" type="stmt"/>
        <line num="16" count="0" type="stmt"/>
        <line num="19" count="0" type="stmt"/>
        <line num="24" count="0" type="stmt"/>
        <line num="36" count="4" type="stmt"/>
      </file>
      <file name="FavButton.jsx" path="/home/maria-baeta/trybe/trybe-projects/sd-010-a-project-recipes-app/src/pages/DetailsPages/components/buttons/FavButton.jsx">
        <metrics statements="11" coveredstatements="1" conditionals="18" coveredconditionals="0" methods="4" coveredmethods="0"/>
        <line num="10" count="0" type="stmt"/>
        <line num="11" count="0" type="stmt"/>
        <line num="20" count="0" type="stmt"/>
        <line num="21" count="0" type="stmt"/>
        <line num="23" count="0" type="stmt"/>
        <line num="24" count="0" type="cond" truecount="0" falsecount="4"/>
        <line num="25" count="0" type="stmt"/>
        <line num="27" count="0" type="stmt"/>
        <line num="30" count="0" type="stmt"/>
        <line num="32" count="0" type="stmt"/>
        <line num="48" count="4" type="stmt"/>
      </file>
    </package>
    <package name="src.pages.LoginPage">
      <metrics statements="19" coveredstatements="19" conditionals="4" coveredconditionals="4" methods="6" coveredmethods="6"/>
      <file name="Login.js" path="/home/maria-baeta/trybe/trybe-projects/sd-010-a-project-recipes-app/src/pages/LoginPage/Login.js">
        <metrics statements="19" coveredstatements="19" conditionals="4" coveredconditionals="4" methods="6" coveredmethods="6"/>
        <line num="14" count="72" type="stmt"/>
        <line num="16" count="72" type="stmt"/>
        <line num="17" count="72" type="stmt"/>
        <line num="18" count="72" type="stmt"/>
        <line num="19" count="72" type="cond" truecount="4" falsecount="0"/>
        <line num="20" count="4" type="stmt"/>
        <line num="22" count="68" type="stmt"/>
        <line num="25" count="72" type="stmt"/>
        <line num="26" count="1" type="stmt"/>
        <line num="27" count="1" type="stmt"/>
        <line num="28" count="1" type="stmt"/>
        <line num="29" count="1" type="stmt"/>
        <line num="30" count="1" type="stmt"/>
        <line num="31" count="1" type="stmt"/>
        <line num="34" count="72" type="stmt"/>
        <line num="41" count="26" type="stmt"/>
        <line num="51" count="16" type="stmt"/>
        <line num="62" count="1" type="stmt"/>
        <line num="73" count="4" type="stmt"/>
      </file>
    </package>
    <package name="src.pages.ProfileScreen">
      <metrics statements="19" coveredstatements="19" conditionals="10" coveredconditionals="8" methods="2" coveredmethods="2"/>
      <file name="ProfileScreen.jsx" path="/home/maria-baeta/trybe/trybe-projects/sd-010-a-project-recipes-app/src/pages/ProfileScreen/ProfileScreen.jsx">
        <metrics statements="19" coveredstatements="19" conditionals="10" coveredconditionals="8" methods="2" coveredmethods="2"/>
        <line num="10" count="4" type="stmt"/>
        <line num="17" count="8" type="stmt"/>
        <line num="18" count="8" type="stmt"/>
        <line num="20" count="8" type="stmt"/>
        <line num="21" count="4" type="cond" truecount="2" falsecount="0"/>
        <line num="22" count="2" type="stmt"/>
        <line num="23" count="2" type="cond" truecount="1" falsecount="1"/>
        <line num="24" count="2" type="stmt"/>
        <line num="25" count="2" type="stmt"/>
        <line num="28" count="4" type="cond" truecount="2" falsecount="0"/>
        <line num="29" count="1" type="stmt"/>
        <line num="30" count="1" type="stmt"/>
        <line num="31" count="1" type="stmt"/>
        <line num="32" count="1" type="stmt"/>
        <line num="34" count="4" type="cond" truecount="2" falsecount="0"/>
        <line num="35" count="1" type="stmt"/>
        <line num="36" count="1" type="stmt"/>
        <line num="37" count="1" type="stmt"/>
        <line num="41" count="8" type="stmt"/>
      </file>
    </package>
    <package name="src.pages.RecipesDone">
      <metrics statements="55" coveredstatements="17" conditionals="22" coveredconditionals="3" methods="20" coveredmethods="3"/>
      <file name="ButtonFilter.js" path="/home/maria-baeta/trybe/trybe-projects/sd-010-a-project-recipes-app/src/pages/RecipesDone/ButtonFilter.js">
        <metrics statements="23" coveredstatements="3" conditionals="10" coveredconditionals="0" methods="7" coveredmethods="1"/>
        <line num="12" count="4" type="stmt"/>
        <line num="13" count="4" type="stmt"/>
        <line num="14" count="0" type="stmt"/>
        <line num="15" count="0" type="stmt"/>
        <line num="16" count="0" type="stmt"/>
        <line num="17" count="0" type="cond" truecount="0" falsecount="2"/>
        <line num="18" count="0" type="stmt"/>
        <line num="19" count="0" type="stmt"/>
        <line num="20" count="0" type="stmt"/>
        <line num="22" count="0" type="cond" truecount="0" falsecount="2"/>
        <line num="23" count="0" type="stmt"/>
        <line num="24" count="0" type="stmt"/>
        <line num="25" count="0" type="cond" truecount="0" falsecount="2"/>
        <line num="26" count="0" type="stmt"/>
        <line num="28" count="0" type="cond" truecount="0" falsecount="2"/>
        <line num="29" count="0" type="stmt"/>
        <line num="30" count="0" type="stmt"/>
        <line num="31" count="0" type="cond" truecount="0" falsecount="2"/>
        <line num="32" count="0" type="stmt"/>
        <line num="35" count="4" type="stmt"/>
        <line num="43" count="0" type="stmt"/>
        <line num="53" count="0" type="stmt"/>
        <line num="63" count="0" type="stmt"/>
      </file>
      <file name="Recipes.js" path="/home/maria-baeta/trybe/trybe-projects/sd-010-a-project-recipes-app/src/pages/RecipesDone/Recipes.js">
        <metrics statements="31" coveredstatements="13" conditionals="12" coveredconditionals="3" methods="12" coveredmethods="1"/>
        <line num="9" count="5" type="stmt"/>
        <line num="12" count="4" type="stmt"/>
        <line num="13" count="4" type="stmt"/>
        <line num="14" count="4" type="stmt"/>
        <line num="15" count="4" type="stmt"/>
        <line num="16" count="4" type="cond" truecount="1" falsecount="1"/>
        <line num="17" count="4" type="stmt"/>
        <line num="19" count="0" type="stmt"/>
        <line num="21" count="4" type="stmt"/>
        <line num="22" count="0" type="stmt"/>
        <line num="23" count="0" type="stmt"/>
        <line num="24" count="0" type="stmt"/>
        <line num="26" count="0" type="stmt"/>
        <line num="28" count="4" type="stmt"/>
        <line num="29" count="0" type="stmt"/>
        <line num="30" count="0" type="stmt"/>
        <line num="31" count="0" type="stmt"/>
        <line num="33" count="0" type="stmt"/>
        <line num="36" count="4" type="stmt"/>
        <line num="37" count="0" type="stmt"/>
        <line num="38" count="0" type="cond" truecount="0" falsecount="2"/>
        <line num="39" count="0" type="stmt"/>
        <line num="40" count="0" type="stmt"/>
        <line num="47" count="4" type="stmt"/>
        <line num="48" count="0" type="stmt"/>
        <line num="72" count="0" type="stmt"/>
        <line num="105" count="4" type="stmt"/>
        <line num="106" count="0" type="stmt"/>
        <line num="130" count="0" type="stmt"/>
        <line num="164" count="4" type="stmt"/>
        <line num="167" count="0" type="cond" truecount="0" falsecount="2"/>
      </file>
      <file name="RecipesDone.js" path="/home/maria-baeta/trybe/trybe-projects/sd-010-a-project-recipes-app/src/pages/RecipesDone/RecipesDone.js">
        <metrics statements="1" coveredstatements="1" conditionals="0" coveredconditionals="0" methods="1" coveredmethods="1"/>
        <line num="8" count="3" type="stmt"/>
      </file>
    </package>
    <package name="src.pages.RecipesFav">
      <metrics statements="58" coveredstatements="18" conditionals="22" coveredconditionals="3" methods="22" coveredmethods="3"/>
      <file name="ButtonFilter.js" path="/home/maria-baeta/trybe/trybe-projects/sd-010-a-project-recipes-app/src/pages/RecipesFav/ButtonFilter.js">
        <metrics statements="23" coveredstatements="3" conditionals="10" coveredconditionals="0" methods="7" coveredmethods="1"/>
        <line num="13" count="3" type="stmt"/>
        <line num="15" count="3" type="stmt"/>
        <line num="16" count="0" type="stmt"/>
        <line num="17" count="0" type="stmt"/>
        <line num="18" count="0" type="stmt"/>
        <line num="19" count="0" type="cond" truecount="0" falsecount="2"/>
        <line num="20" count="0" type="stmt"/>
        <line num="21" count="0" type="stmt"/>
        <line num="22" count="0" type="stmt"/>
        <line num="24" count="0" type="cond" truecount="0" falsecount="2"/>
        <line num="25" count="0" type="stmt"/>
        <line num="26" count="0" type="stmt"/>
        <line num="27" count="0" type="cond" truecount="0" falsecount="2"/>
        <line num="28" count="0" type="stmt"/>
        <line num="30" count="0" type="cond" truecount="0" falsecount="2"/>
        <line num="31" count="0" type="stmt"/>
        <line num="32" count="0" type="stmt"/>
        <line num="33" count="0" type="cond" truecount="0" falsecount="2"/>
        <line num="34" count="0" type="stmt"/>
        <line num="37" count="3" type="stmt"/>
        <line num="45" count="0" type="stmt"/>
        <line num="55" count="0" type="stmt"/>
        <line num="65" count="0" type="stmt"/>
      </file>
      <file name="Recipes.js" path="/home/maria-baeta/trybe/trybe-projects/sd-010-a-project-recipes-app/src/pages/RecipesFav/Recipes.js">
        <metrics statements="33" coveredstatements="13" conditionals="12" coveredconditionals="3" methods="14" coveredmethods="1"/>
        <line num="10" count="5" type="stmt"/>
        <line num="13" count="3" type="stmt"/>
        <line num="14" count="3" type="stmt"/>
        <line num="19" count="3" type="stmt"/>
        <line num="20" count="3" type="stmt"/>
        <line num="21" count="3" type="cond" truecount="1" falsecount="1"/>
        <line num="22" count="3" type="stmt"/>
        <line num="24" count="0" type="stmt"/>
        <line num="26" count="3" type="stmt"/>
        <line num="27" count="0" type="stmt"/>
        <line num="28" count="0" type="stmt"/>
        <line num="29" count="0" type="stmt"/>
        <line num="31" count="0" type="stmt"/>
        <line num="33" count="3" type="stmt"/>
        <line num="34" count="0" type="stmt"/>
        <line num="35" count="0" type="stmt"/>
        <line num="36" count="0" type="stmt"/>
        <line num="38" count="0" type="stmt"/>
        <line num="41" count="3" type="stmt"/>
        <line num="43" count="0" type="cond" truecount="0" falsecount="2"/>
        <line num="44" count="0" type="stmt"/>
        <line num="45" count="0" type="stmt"/>
        <line num="46" count="0" type="stmt"/>
        <line num="49" count="3" type="stmt"/>
        <line num="50" count="0" type="stmt"/>
        <line num="74" count="0" type="stmt"/>
        <line num="86" count="0" type="stmt"/>
        <line num="110" count="3" type="stmt"/>
        <line num="111" count="0" type="stmt"/>
        <line num="135" count="0" type="stmt"/>
        <line num="147" count="0" type="stmt"/>
        <line num="171" count="3" type="stmt"/>
        <line num="174" count="0" type="cond" truecount="0" falsecount="2"/>
      </file>
      <file name="RecipesFav.jsx" path="/home/maria-baeta/trybe/trybe-projects/sd-010-a-project-recipes-app/src/pages/RecipesFav/RecipesFav.jsx">
        <metrics statements="2" coveredstatements="2" conditionals="0" coveredconditionals="0" methods="1" coveredmethods="1"/>
        <line num="6" count="5" type="stmt"/>
        <line num="7" count="2" type="stmt"/>
      </file>
    </package>
    <package name="src.pages.explore">
      <metrics statements="39" coveredstatements="3" conditionals="6" coveredconditionals="0" methods="21" coveredmethods="3"/>
      <file name="Explore.jsx" path="/home/maria-baeta/trybe/trybe-projects/sd-010-a-project-recipes-app/src/pages/explore/Explore.jsx">
        <metrics statements="1" coveredstatements="1" conditionals="0" coveredconditionals="0" methods="1" coveredmethods="1"/>
        <line num="9" count="5" type="stmt"/>
      </file>
      <file name="ExploreDrinks.jsx" path="/home/maria-baeta/trybe/trybe-projects/sd-010-a-project-recipes-app/src/pages/explore/ExploreDrinks.jsx">
        <metrics statements="1" coveredstatements="1" conditionals="0" coveredconditionals="0" methods="1" coveredmethods="1"/>
        <line num="7" count="3" type="stmt"/>
      </file>
      <file name="ExploreDrinksByIngredients.jsx" path="/home/maria-baeta/trybe/trybe-projects/sd-010-a-project-recipes-app/src/pages/explore/ExploreDrinksByIngredients.jsx">
        <metrics statements="7" coveredstatements="0" conditionals="0" coveredconditionals="0" methods="4" coveredmethods="0"/>
        <line num="8" count="0" type="stmt"/>
        <line num="10" count="0" type="stmt"/>
        <line num="11" count="0" type="stmt"/>
        <line num="14" count="0" type="stmt"/>
        <line num="15" count="0" type="stmt"/>
        <line num="16" count="0" type="stmt"/>
        <line num="21" count="0" type="stmt"/>
      </file>
      <file name="ExploreFood.jsx" path="/home/maria-baeta/trybe/trybe-projects/sd-010-a-project-recipes-app/src/pages/explore/ExploreFood.jsx">
        <metrics statements="1" coveredstatements="1" conditionals="0" coveredconditionals="0" methods="1" coveredmethods="1"/>
        <line num="7" count="3" type="stmt"/>
      </file>
      <file name="ExploreFoodByIngredients.jsx" path="/home/maria-baeta/trybe/trybe-projects/sd-010-a-project-recipes-app/src/pages/explore/ExploreFoodByIngredients.jsx">
        <metrics statements="7" coveredstatements="0" conditionals="0" coveredconditionals="0" methods="4" coveredmethods="0"/>
        <line num="8" count="0" type="stmt"/>
        <line num="10" count="0" type="stmt"/>
        <line num="11" count="0" type="stmt"/>
        <line num="13" count="0" type="stmt"/>
        <line num="14" count="0" type="stmt"/>
        <line num="15" count="0" type="stmt"/>
        <line num="20" count="0" type="stmt"/>
      </file>
      <file name="ExploreFoodByOrigin.jsx" path="/home/maria-baeta/trybe/trybe-projects/sd-010-a-project-recipes-app/src/pages/explore/ExploreFoodByOrigin.jsx">
        <metrics statements="21" coveredstatements="0" conditionals="6" coveredconditionals="0" methods="9" coveredmethods="0"/>
        <line num="13" count="0" type="stmt"/>
        <line num="14" count="0" type="stmt"/>
        <line num="15" count="0" type="stmt"/>
        <line num="17" count="0" type="stmt"/>
        <line num="18" count="0" type="stmt"/>
        <line num="19" count="0" type="stmt"/>
        <line num="22" count="0" type="stmt"/>
        <line num="23" count="0" type="stmt"/>
        <line num="24" count="0" type="stmt"/>
        <line num="27" count="0" type="stmt"/>
        <line num="28" count="0" type="cond" truecount="0" falsecount="2"/>
        <line num="29" count="0" type="stmt"/>
        <line num="30" count="0" type="stmt"/>
        <line num="32" count="0" type="cond" truecount="0" falsecount="2"/>
        <line num="33" count="0" type="stmt"/>
        <line num="34" count="0" type="stmt"/>
        <line num="38" count="0" type="stmt"/>
        <line num="40" count="0" type="stmt"/>
        <line num="51" count="0" type="stmt"/>
        <line num="63" count="0" type="stmt"/>
        <line num="67" count="0" type="stmt"/>
      </file>
      <file name="NotFound.jsx" path="/home/maria-baeta/trybe/trybe-projects/sd-010-a-project-recipes-app/src/pages/explore/NotFound.jsx">
        <metrics statements="1" coveredstatements="0" conditionals="0" coveredconditionals="0" methods="1" coveredmethods="0"/>
        <line num="4" count="0" type="stmt"/>
      </file>
    </package>
    <package name="src.pages.explore.components">
      <metrics statements="31" coveredstatements="15" conditionals="8" coveredconditionals="4" methods="12" coveredmethods="7"/>
      <file name="ButtonsByType.jsx" path="/home/maria-baeta/trybe/trybe-projects/sd-010-a-project-recipes-app/src/pages/explore/components/ButtonsByType.jsx">
        <metrics statements="14" coveredstatements="14" conditionals="4" coveredconditionals="4" methods="9" coveredmethods="7"/>
        <line num="8" count="6" type="stmt"/>
        <line num="9" count="6" type="stmt"/>
        <line num="10" count="6" type="stmt"/>
        <line num="12" count="6" type="stmt"/>
        <line num="13" count="6" type="stmt"/>
        <line num="14" count="6" type="stmt"/>
        <line num="18" count="2" type="stmt"/>
        <line num="22" count="2" type="cond" truecount="2" falsecount="0"/>
        <line num="23" count="1" type="stmt"/>
        <line num="26" count="6" type="stmt"/>
        <line num="32" count="1" type="stmt"/>
        <line num="42" count="1" type="stmt"/>
        <line num="51" count="2" type="stmt"/>
        <line num="59" count="5" type="stmt"/>
      </file>
      <file name="IngredientCards.jsx" path="/home/maria-baeta/trybe/trybe-projects/sd-010-a-project-recipes-app/src/pages/explore/components/IngredientCards.jsx">
        <metrics statements="17" coveredstatements="1" conditionals="4" coveredconditionals="0" methods="3" coveredmethods="0"/>
        <line num="12" count="0" type="stmt"/>
        <line num="15" count="0" type="stmt"/>
        <line num="16" count="0" type="stmt"/>
        <line num="17" count="0" type="stmt"/>
        <line num="18" count="0" type="stmt"/>
        <line num="19" count="0" type="cond" truecount="0" falsecount="2"/>
        <line num="20" count="0" type="stmt"/>
        <line num="21" count="0" type="stmt"/>
        <line num="22" count="0" type="stmt"/>
        <line num="24" count="0" type="cond" truecount="0" falsecount="2"/>
        <line num="25" count="0" type="stmt"/>
        <line num="26" count="0" type="stmt"/>
        <line num="27" count="0" type="stmt"/>
        <line num="30" count="0" type="stmt"/>
        <line num="33" count="0" type="stmt"/>
        <line num="37" count="0" type="stmt"/>
        <line num="57" count="4" type="stmt"/>
      </file>
    </package>
    <package name="src.pages.recipes-main.Drinks">
      <metrics statements="49" coveredstatements="22" conditionals="28" coveredconditionals="11" methods="17" coveredmethods="7"/>
      <file name="CardsFilterRecipes.js" path="/home/maria-baeta/trybe/trybe-projects/sd-010-a-project-recipes-app/src/pages/recipes-main/Drinks/CardsFilterRecipes.js">
        <metrics statements="21" coveredstatements="0" conditionals="8" coveredconditionals="0" methods="7" coveredmethods="0"/>
        <line num="8" count="0" type="stmt"/>
        <line num="9" count="0" type="stmt"/>
        <line num="10" count="0" type="stmt"/>
        <line num="11" count="0" type="stmt"/>
        <line num="12" count="0" type="stmt"/>
        <line num="16" count="0" type="stmt"/>
        <line num="20" count="0" type="stmt"/>
        <line num="44" count="0" type="stmt"/>
        <line num="45" count="0" type="stmt"/>
        <line num="46" count="0" type="stmt"/>
        <line num="47" count="0" type="stmt"/>
        <line num="52" count="0" type="stmt"/>
        <line num="53" count="0" type="stmt"/>
        <line num="54" count="0" type="stmt"/>
        <line num="57" count="0" type="stmt"/>
        <line num="58" count="0" type="cond" truecount="0" falsecount="4"/>
        <line num="59" count="0" type="stmt"/>
        <line num="60" count="0" type="cond" truecount="0" falsecount="4"/>
        <line num="61" count="0" type="stmt"/>
        <line num="62" count="0" type="stmt"/>
        <line num="65" count="0" type="stmt"/>
      </file>
      <file name="Drinks.js" path="/home/maria-baeta/trybe/trybe-projects/sd-010-a-project-recipes-app/src/pages/recipes-main/Drinks/Drinks.js">
        <metrics statements="18" coveredstatements="14" conditionals="18" coveredconditionals="10" methods="5" coveredmethods="4"/>
        <line num="12" count="13" type="stmt"/>
        <line num="13" count="13" type="stmt"/>
        <line num="14" count="13" type="stmt"/>
        <line num="15" count="13" type="cond" truecount="1" falsecount="1"/>
        <line num="16" count="13" type="stmt"/>
        <line num="17" count="13" type="stmt"/>
        <line num="21" count="12" type="stmt"/>
        <line num="25" count="0" type="stmt"/>
        <line num="49" count="13" type="stmt"/>
        <line num="50" count="13" type="cond" truecount="2" falsecount="2"/>
        <line num="51" count="0" type="stmt"/>
        <line num="52" count="13" type="cond" truecount="4" falsecount="0"/>
        <line num="53" count="12" type="stmt"/>
        <line num="54" count="1" type="cond" truecount="3" falsecount="1"/>
        <line num="55" count="1" type="stmt"/>
        <line num="56" count="0" type="cond" truecount="0" falsecount="4"/>
        <line num="57" count="0" type="stmt"/>
        <line num="61" count="13" type="stmt"/>
      </file>
      <file name="FilterDrinks.js" path="/home/maria-baeta/trybe/trybe-projects/sd-010-a-project-recipes-app/src/pages/recipes-main/Drinks/FilterDrinks.js">
        <metrics statements="10" coveredstatements="8" conditionals="2" coveredconditionals="1" methods="5" coveredmethods="3"/>
        <line num="6" count="13" type="stmt"/>
        <line num="7" count="13" type="stmt"/>
        <line num="8" count="13" type="stmt"/>
        <line num="9" count="13" type="cond" truecount="1" falsecount="1"/>
        <line num="10" count="13" type="stmt"/>
        <line num="11" count="13" type="stmt"/>
        <line num="20" count="0" type="stmt"/>
        <line num="26" count="10" type="stmt"/>
        <line num="33" count="0" type="stmt"/>
        <line num="42" count="13" type="stmt"/>
      </file>
    </package>
    <package name="src.pages.recipes-main.Foods">
      <metrics statements="49" coveredstatements="22" conditionals="28" coveredconditionals="11" methods="17" coveredmethods="7"/>
      <file name="CardsFilterRecipes.js" path="/home/maria-baeta/trybe/trybe-projects/sd-010-a-project-recipes-app/src/pages/recipes-main/Foods/CardsFilterRecipes.js">
        <metrics statements="21" coveredstatements="0" conditionals="8" coveredconditionals="0" methods="7" coveredmethods="0"/>
        <line num="8" count="0" type="stmt"/>
        <line num="10" count="0" type="stmt"/>
        <line num="11" count="0" type="stmt"/>
        <line num="12" count="0" type="stmt"/>
        <line num="13" count="0" type="stmt"/>
        <line num="17" count="0" type="stmt"/>
        <line num="21" count="0" type="stmt"/>
        <line num="45" count="0" type="stmt"/>
        <line num="46" count="0" type="stmt"/>
        <line num="47" count="0" type="stmt"/>
        <line num="48" count="0" type="stmt"/>
        <line num="53" count="0" type="stmt"/>
        <line num="54" count="0" type="stmt"/>
        <line num="55" count="0" type="stmt"/>
        <line num="58" count="0" type="stmt"/>
        <line num="59" count="0" type="cond" truecount="0" falsecount="4"/>
        <line num="60" count="0" type="stmt"/>
        <line num="61" count="0" type="cond" truecount="0" falsecount="4"/>
        <line num="62" count="0" type="stmt"/>
        <line num="63" count="0" type="stmt"/>
        <line num="66" count="0" type="stmt"/>
      </file>
      <file name="FilterFoods.js" path="/home/maria-baeta/trybe/trybe-projects/sd-010-a-project-recipes-app/src/pages/recipes-main/Foods/FilterFoods.js">
        <metrics statements="10" coveredstatements="8" conditionals="2" coveredconditionals="1" methods="5" coveredmethods="3"/>
        <line num="6" count="13" type="stmt"/>
        <line num="7" count="13" type="stmt"/>
        <line num="9" count="13" type="stmt"/>
        <line num="10" count="13" type="cond" truecount="1" falsecount="1"/>
        <line num="11" count="13" type="stmt"/>
        <line num="12" count="13" type="stmt"/>
        <line num="21" count="0" type="stmt"/>
        <line num="27" count="20" type="stmt"/>
        <line num="34" count="0" type="stmt"/>
        <line num="43" count="13" type="stmt"/>
      </file>
      <file name="Foods.js" path="/home/maria-baeta/trybe/trybe-projects/sd-010-a-project-recipes-app/src/pages/recipes-main/Foods/Foods.js">
        <metrics statements="18" coveredstatements="14" conditionals="18" coveredconditionals="10" methods="5" coveredmethods="4"/>
        <line num="12" count="13" type="stmt"/>
        <line num="13" count="13" type="stmt"/>
        <line num="14" count="13" type="stmt"/>
        <line num="15" count="13" type="cond" truecount="1" falsecount="1"/>
        <line num="16" count="13" type="stmt"/>
        <line num="17" count="13" type="stmt"/>
        <line num="21" count="36" type="stmt"/>
        <line num="25" count="0" type="stmt"/>
        <line num="49" count="13" type="stmt"/>
        <line num="50" count="13" type="cond" truecount="2" falsecount="2"/>
        <line num="51" count="0" type="stmt"/>
        <line num="52" count="13" type="cond" truecount="4" falsecount="0"/>
        <line num="53" count="12" type="stmt"/>
        <line num="54" count="1" type="cond" truecount="3" falsecount="1"/>
        <line num="55" count="1" type="stmt"/>
        <line num="56" count="0" type="cond" truecount="0" falsecount="4"/>
        <line num="57" count="0" type="stmt"/>
        <line num="61" count="13" type="stmt"/>
      </file>
    </package>
    <package name="src.services">
      <metrics statements="82" coveredstatements="34" conditionals="0" coveredconditionals="0" methods="22" coveredmethods="8"/>
      <file name="fetchApi.js" path="/home/maria-baeta/trybe/trybe-projects/sd-010-a-project-recipes-app/src/services/fetchApi.js">
        <metrics statements="82" coveredstatements="34" conditionals="0" coveredconditionals="0" methods="22" coveredmethods="8"/>
        <line num="2" count="9" type="stmt"/>
        <line num="5" count="44" type="stmt"/>
        <line num="6" count="4" type="stmt"/>
        <line num="7" count="4" type="stmt"/>
        <line num="10" count="9" type="stmt"/>
        <line num="13" count="4" type="stmt"/>
        <line num="14" count="4" type="stmt"/>
        <line num="15" count="4" type="stmt"/>
        <line num="19" count="9" type="stmt"/>
        <line num="21" count="4" type="stmt"/>
        <line num="22" count="4" type="stmt"/>
        <line num="23" count="4" type="stmt"/>
        <line num="27" count="9" type="stmt"/>
        <line num="29" count="4" type="stmt"/>
        <line num="30" count="4" type="stmt"/>
        <line num="31" count="4" type="stmt"/>
        <line num="36" count="0" type="stmt"/>
        <line num="37" count="0" type="stmt"/>
        <line num="38" count="0" type="stmt"/>
        <line num="42" count="0" type="stmt"/>
        <line num="43" count="0" type="stmt"/>
        <line num="44" count="0" type="stmt"/>
        <line num="48" count="0" type="stmt"/>
        <line num="49" count="0" type="stmt"/>
        <line num="52" count="0" type="stmt"/>
        <line num="57" count="0" type="stmt"/>
        <line num="58" count="0" type="stmt"/>
        <line num="60" count="0" type="stmt"/>
        <line num="64" count="44" type="stmt"/>
        <line num="65" count="44" type="stmt"/>
        <line num="66" count="4" type="stmt"/>
        <line num="67" count="4" type="stmt"/>
        <line num="69" count="4" type="stmt"/>
        <line num="70" count="24" type="stmt"/>
        <line num="72" count="4" type="stmt"/>
        <line num="76" count="44" type="stmt"/>
        <line num="77" count="44" type="stmt"/>
        <line num="78" count="4" type="stmt"/>
        <line num="79" count="4" type="stmt"/>
        <line num="80" count="4" type="stmt"/>
        <line num="81" count="24" type="stmt"/>
        <line num="83" count="4" type="stmt"/>
        <line num="87" count="6" type="stmt"/>
        <line num="88" count="6" type="stmt"/>
        <line num="89" count="0" type="stmt"/>
        <line num="90" count="0" type="stmt"/>
        <line num="94" count="6" type="stmt"/>
        <line num="95" count="6" type="stmt"/>
        <line num="96" count="0" type="stmt"/>
        <line num="97" count="0" type="stmt"/>
        <line num="102" count="0" type="stmt"/>
        <line num="103" count="0" type="stmt"/>
        <line num="104" count="0" type="stmt"/>
        <line num="105" count="0" type="stmt"/>
        <line num="109" count="0" type="stmt"/>
        <line num="110" count="0" type="stmt"/>
        <line num="111" count="0" type="stmt"/>
        <line num="112" count="0" type="stmt"/>
        <line num="116" count="0" type="stmt"/>
        <line num="117" count="0" type="stmt"/>
        <line num="118" count="0" type="stmt"/>
        <line num="122" count="0" type="stmt"/>
        <line num="123" count="0" type="stmt"/>
        <line num="124" count="0" type="stmt"/>
        <line num="128" count="0" type="stmt"/>
        <line num="129" count="0" type="stmt"/>
        <line num="130" count="0" type="stmt"/>
        <line num="134" count="0" type="stmt"/>
        <line num="135" count="0" type="stmt"/>
        <line num="136" count="0" type="stmt"/>
        <line num="140" count="0" type="stmt"/>
        <line num="141" count="0" type="stmt"/>
        <line num="142" count="0" type="stmt"/>
        <line num="146" count="0" type="stmt"/>
        <line num="147" count="0" type="stmt"/>
        <line num="148" count="0" type="stmt"/>
        <line num="152" count="0" type="stmt"/>
        <line num="153" count="0" type="stmt"/>
        <line num="154" count="0" type="stmt"/>
        <line num="158" count="0" type="stmt"/>
        <line num="159" count="0" type="stmt"/>
        <line num="160" count="0" type="stmt"/>
      </file>
    </package>
    <package name="src.services.MakeArray">
      <metrics statements="4" coveredstatements="0" conditionals="18" coveredconditionals="0" methods="1" coveredmethods="0"/>
      <file name="makeArr.js" path="/home/maria-baeta/trybe/trybe-projects/sd-010-a-project-recipes-app/src/services/MakeArray/makeArr.js">
        <metrics statements="4" coveredstatements="0" conditionals="18" coveredconditionals="0" methods="1" coveredmethods="0"/>
        <line num="7" count="0" type="stmt"/>
        <line num="8" count="0" type="stmt"/>
        <line num="12" count="0" type="stmt"/>
        <line num="72" count="0" type="stmt"/>
      </file>
    </package>
    <package name="src.services.MakeIds">
      <metrics statements="13" coveredstatements="3" conditionals="8" coveredconditionals="0" methods="2" coveredmethods="0"/>
      <file name="generateIdByIndex.js" path="/home/maria-baeta/trybe/trybe-projects/sd-010-a-project-recipes-app/src/services/MakeIds/generateIdByIndex.js">
        <metrics statements="13" coveredstatements="3" conditionals="8" coveredconditionals="0" methods="2" coveredmethods="0"/>
        <line num="1" count="4" type="stmt"/>
        <line num="2" count="4" type="stmt"/>
        <line num="3" count="4" type="stmt"/>
        <line num="6" count="0" type="cond" truecount="0" falsecount="2"/>
        <line num="7" count="0" type="stmt"/>
        <line num="8" count="0" type="cond" truecount="0" falsecount="2"/>
        <line num="9" count="0" type="stmt"/>
        <line num="11" count="0" type="stmt"/>
        <line num="15" count="0" type="cond" truecount="0" falsecount="2"/>
        <line num="16" count="0" type="stmt"/>
        <line num="18" count="0" type="cond" truecount="0" falsecount="2"/>
        <line num="19" count="0" type="stmt"/>
        <line num="21" count="0" type="stmt"/>
      </file>
    </package>
    <package name="src.services.formatObjects">
      <metrics statements="8" coveredstatements="1" conditionals="9" coveredconditionals="0" methods="2" coveredmethods="0"/>
      <file name="makeObjIngredients.js" path="/home/maria-baeta/trybe/trybe-projects/sd-010-a-project-recipes-app/src/services/formatObjects/makeObjIngredients.js">
        <metrics statements="8" coveredstatements="1" conditionals="9" coveredconditionals="0" methods="2" coveredmethods="0"/>
        <line num="1" count="4" type="stmt"/>
        <line num="2" count="0" type="stmt"/>
        <line num="3" count="0" type="cond" truecount="0" falsecount="5"/>
        <line num="6" count="0" type="cond" truecount="0" falsecount="2"/>
        <line num="7" count="0" type="stmt"/>
        <line num="8" count="0" type="stmt"/>
        <line num="10" count="0" type="cond" truecount="0" falsecount="2"/>
        <line num="12" count="0" type="stmt"/>
      </file>
    </package>
    <package name="src.services.localStorage">
      <metrics statements="104" coveredstatements="2" conditionals="78" coveredconditionals="0" methods="19" coveredmethods="1"/>
      <file name="clearLS.js" path="/home/maria-baeta/trybe/trybe-projects/sd-010-a-project-recipes-app/src/services/localStorage/clearLS.js">
        <metrics statements="1" coveredstatements="1" conditionals="0" coveredconditionals="0" methods="1" coveredmethods="1"/>
        <line num="1" count="4" type="stmt"/>
      </file>
      <file name="doneRecipes.js" path="/home/maria-baeta/trybe/trybe-projects/sd-010-a-project-recipes-app/src/services/localStorage/doneRecipes.js">
        <metrics statements="36" coveredstatements="1" conditionals="36" coveredconditionals="0" methods="6" coveredmethods="0"/>
        <line num="6" count="0" type="stmt"/>
        <line num="7" count="0" type="stmt"/>
        <line num="8" count="0" type="cond" truecount="0" falsecount="2"/>
        <line num="9" count="0" type="stmt"/>
        <line num="10" count="0" type="cond" truecount="0" falsecount="2"/>
        <line num="11" count="0" type="stmt"/>
        <line num="12" count="0" type="stmt"/>
        <line num="16" count="0" type="cond" truecount="0" falsecount="2"/>
        <line num="17" count="0" type="stmt"/>
        <line num="18" count="0" type="stmt"/>
        <line num="19" count="0" type="stmt"/>
        <line num="20" count="0" type="cond" truecount="0" falsecount="2"/>
        <line num="21" count="0" type="stmt"/>
        <line num="24" count="0" type="stmt"/>
        <line num="29" count="0" type="stmt"/>
        <line num="30" count="0" type="cond" truecount="0" falsecount="2"/>
        <line num="31" count="0" type="stmt"/>
        <line num="32" count="0" type="stmt"/>
        <line num="34" count="0" type="cond" truecount="0" falsecount="2"/>
        <line num="35" count="0" type="stmt"/>
        <line num="36" count="0" type="stmt"/>
        <line num="38" count="0" type="stmt"/>
        <line num="41" count="9" type="stmt"/>
        <line num="42" count="0" type="stmt"/>
        <line num="57" count="0" type="stmt"/>
        <line num="58" count="0" type="stmt"/>
        <line num="61" count="0" type="cond" truecount="0" falsecount="2"/>
        <line num="62" count="0" type="stmt"/>
        <line num="63" count="0" type="cond" truecount="0" falsecount="4"/>
        <line num="64" count="0" type="cond" truecount="0" falsecount="4"/>
        <line num="65" count="0" type="stmt"/>
        <line num="66" count="0" type="stmt"/>
        <line num="68" count="0" type="cond" truecount="0" falsecount="2"/>
        <line num="69" count="0" type="stmt"/>
        <line num="71" count="0" type="stmt"/>
        <line num="83" count="0" type="stmt"/>
      </file>
      <file name="setFavRecipes.js" path="/home/maria-baeta/trybe/trybe-projects/sd-010-a-project-recipes-app/src/services/localStorage/setFavRecipes.js">
        <metrics statements="26" coveredstatements="0" conditionals="10" coveredconditionals="0" methods="5" coveredmethods="0"/>
        <line num="5" count="0" type="stmt"/>
        <line num="6" count="0" type="cond" truecount="0" falsecount="2"/>
        <line num="7" count="0" type="stmt"/>
        <line num="8" count="0" type="stmt"/>
        <line num="9" count="0" type="cond" truecount="0" falsecount="2"/>
        <line num="10" count="0" type="stmt"/>
        <line num="12" count="0" type="stmt"/>
        <line num="15" count="0" type="stmt"/>
        <line num="20" count="0" type="stmt"/>
        <line num="21" count="0" type="cond" truecount="0" falsecount="2"/>
        <line num="22" count="0" type="stmt"/>
        <line num="23" count="0" type="stmt"/>
        <line num="24" count="0" type="stmt"/>
        <line num="26" count="0" type="stmt"/>
        <line num="27" count="0" type="stmt"/>
        <line num="28" count="0" type="stmt"/>
        <line num="33" count="0" type="stmt"/>
        <line num="34" count="0" type="stmt"/>
        <line num="35" count="0" type="cond" truecount="0" falsecount="2"/>
        <line num="36" count="0" type="stmt"/>
        <line num="40" count="0" type="stmt"/>
        <line num="44" count="0" type="cond" truecount="0" falsecount="2"/>
        <line num="45" count="0" type="stmt"/>
        <line num="46" count="0" type="stmt"/>
        <line num="48" count="0" type="stmt"/>
        <line num="49" count="0" type="stmt"/>
      </file>
      <file name="setIdAndIngredients.js" path="/home/maria-baeta/trybe/trybe-projects/sd-010-a-project-recipes-app/src/services/localStorage/setIdAndIngredients.js">
        <metrics statements="14" coveredstatements="0" conditionals="8" coveredconditionals="0" methods="2" coveredmethods="0"/>
        <line num="2" count="0" type="stmt"/>
        <line num="3" count="0" type="cond" truecount="0" falsecount="2"/>
        <line num="4" count="0" type="stmt"/>
        <line num="6" count="0" type="cond" truecount="0" falsecount="2"/>
        <line num="7" count="0" type="stmt"/>
        <line num="9" count="0" type="stmt"/>
        <line num="13" count="0" type="stmt"/>
        <line num="15" count="0" type="stmt"/>
        <line num="16" count="0" type="stmt"/>
        <line num="17" count="0" type="cond" truecount="0" falsecount="2"/>
        <line num="18" count="0" type="stmt"/>
        <line num="20" count="0" type="cond" truecount="0" falsecount="2"/>
        <line num="21" count="0" type="stmt"/>
        <line num="23" count="0" type="stmt"/>
      </file>
      <file name="setProgressRecipesLS.js" path="/home/maria-baeta/trybe/trybe-projects/sd-010-a-project-recipes-app/src/services/localStorage/setProgressRecipesLS.js">
        <metrics statements="27" coveredstatements="0" conditionals="24" coveredconditionals="0" methods="5" coveredmethods="0"/>
        <line num="2" count="0" type="stmt"/>
        <line num="3" count="0" type="cond" truecount="0" falsecount="2"/>
        <line num="6" count="0" type="stmt"/>
        <line num="7" count="0" type="cond" truecount="0" falsecount="2"/>
        <line num="8" count="0" type="stmt"/>
        <line num="10" count="0" type="cond" truecount="0" falsecount="2"/>
        <line num="11" count="0" type="stmt"/>
        <line num="12" count="0" type="cond" truecount="0" falsecount="2"/>
        <line num="16" count="0" type="cond" truecount="0" falsecount="2"/>
        <line num="17" count="0" type="stmt"/>
        <line num="18" count="0" type="cond" truecount="0" falsecount="2"/>
        <line num="19" count="0" type="stmt"/>
        <line num="20" count="0" type="cond" truecount="0" falsecount="2"/>
        <line num="23" count="0" type="stmt"/>
        <line num="27" count="0" type="stmt"/>
        <line num="29" count="0" type="stmt"/>
        <line num="30" count="0" type="stmt"/>
        <line num="31" count="0" type="cond" truecount="0" falsecount="2"/>
        <line num="32" count="0" type="stmt"/>
        <line num="37" count="0" type="cond" truecount="0" falsecount="2"/>
        <line num="38" count="0" type="stmt"/>
        <line num="43" count="0" type="stmt"/>
        <line num="47" count="0" type="stmt"/>
        <line num="48" count="0" type="stmt"/>
        <line num="49" count="0" type="cond" truecount="0" falsecount="4"/>
        <line num="50" count="0" type="cond" truecount="0" falsecount="2"/>
        <line num="51" count="0" type="stmt"/>
      </file>
    </package>
    <package name="src.tests">
      <metrics statements="5" coveredstatements="3" conditionals="0" coveredconditionals="0" methods="1" coveredmethods="1"/>
      <file name="mock.js" path="/home/maria-baeta/trybe/trybe-projects/sd-010-a-project-recipes-app/src/tests/mock.js">
        <metrics statements="2" coveredstatements="0" conditionals="0" coveredconditionals="0" methods="0" coveredmethods="0"/>
        <line num="1" count="0" type="stmt"/>
        <line num="156" count="0" type="stmt"/>
      </file>
      <file name="renderWithRouter.js" path="/home/maria-baeta/trybe/trybe-projects/sd-010-a-project-recipes-app/src/tests/renderWithRouter.js">
        <metrics statements="3" coveredstatements="3" conditionals="0" coveredconditionals="0" methods="1" coveredmethods="1"/>
        <line num="7" count="8" type="stmt"/>
        <line num="8" count="25" type="stmt"/>
        <line num="10" count="25" type="stmt"/>
      </file>
    </package>
  </project>
</coverage>
