{"total": {"lines":{"total":969,"covered":280,"skipped":0,"pct":28.9},"statements":{"total":1000,"covered":287,"skipped":0,"pct":28.7},"functions":{"total":268,"covered":62,"skipped":0,"pct":23.13},"branches":{"total":427,"covered":61,"skipped":0,"pct":14.29}}
,"/home/maria-baeta/trybe/trybe-projects/sd-010-a-project-recipes-app/src/App.js": {"lines":{"total":1,"covered":1,"skipped":0,"pct":100},"functions":{"total":1,"covered":1,"skipped":0,"pct":100},"statements":{"total":1,"covered":1,"skipped":0,"pct":100},"branches":{"total":0,"covered":0,"skipped":0,"pct":100}}
,"/home/maria-baeta/trybe/trybe-projects/sd-010-a-project-recipes-app/src/Routes.js": {"lines":{"total":1,"covered":1,"skipped":0,"pct":100},"functions":{"total":1,"covered":1,"skipped":0,"pct":100},"statements":{"total":1,"covered":1,"skipped":0,"pct":100},"branches":{"total":0,"covered":0,"skipped":0,"pct":100}}
,"/home/maria-baeta/trybe/trybe-projects/sd-010-a-project-recipes-app/src/components/Footer.jsx": {"lines":{"total":1,"covered":1,"skipped":0,"pct":100},"functions":{"total":1,"covered":1,"skipped":0,"pct":100},"statements":{"total":1,"covered":1,"skipped":0,"pct":100},"branches":{"total":0,"covered":0,"skipped":0,"pct":100}}
,"/home/maria-baeta/trybe/trybe-projects/sd-010-a-project-recipes-app/src/components/Header.jsx": {"lines":{"total":15,"covered":12,"skipped":0,"pct":80},"functions":{"total":2,"covered":2,"skipped":0,"pct":100},"statements":{"total":16,"covered":13,"skipped":0,"pct":81.25},"branches":{"total":8,"covered":5,"skipped":0,"pct":62.5}}
,"/home/maria-baeta/trybe/trybe-projects/sd-010-a-project-recipes-app/src/components/HeaderSearchbar.jsx": {"lines":{"total":58,"covered":5,"skipped":0,"pct":8.62},"functions":{"total":13,"covered":1,"skipped":0,"pct":7.69},"statements":{"total":58,"covered":5,"skipped":0,"pct":8.62},"branches":{"total":28,"covered":0,"skipped":0,"pct":0}}
,"/home/maria-baeta/trybe/trybe-projects/sd-010-a-project-recipes-app/src/components/HeaderWithSearch.jsx": {"lines":{"total":23,"covered":16,"skipped":0,"pct":69.57},"functions":{"total":5,"covered":4,"skipped":0,"pct":80},"statements":{"total":24,"covered":17,"skipped":0,"pct":70.83},"branches":{"total":14,"covered":4,"skipped":0,"pct":28.57}}
,"/home/maria-baeta/trybe/trybe-projects/sd-010-a-project-recipes-app/src/context/Context.js": {"lines":{"total":1,"covered":1,"skipped":0,"pct":100},"functions":{"total":0,"covered":0,"skipped":0,"pct":100},"statements":{"total":1,"covered":1,"skipped":0,"pct":100},"branches":{"total":0,"covered":0,"skipped":0,"pct":100}}
,"/home/maria-baeta/trybe/trybe-projects/sd-010-a-project-recipes-app/src/context/Provider.js": {"lines":{"total":110,"covered":63,"skipped":0,"pct":57.27},"functions":{"total":20,"covered":11,"skipped":0,"pct":55},"statements":{"total":113,"covered":66,"skipped":0,"pct":58.41},"branches":{"total":26,"covered":8,"skipped":0,"pct":30.77}}
,"/home/maria-baeta/trybe/trybe-projects/sd-010-a-project-recipes-app/src/pages/DetailsPages/ComponentAux.js": {"lines":{"total":2,"covered":0,"skipped":0,"pct":0},"functions":{"total":1,"covered":0,"skipped":0,"pct":0},"statements":{"total":2,"covered":0,"skipped":0,"pct":0},"branches":{"total":14,"covered":0,"skipped":0,"pct":0}}
,"/home/maria-baeta/trybe/trybe-projects/sd-010-a-project-recipes-app/src/pages/DetailsPages/ComponentAuxProgress.js": {"lines":{"total":10,"covered":0,"skipped":0,"pct":0},"functions":{"total":3,"covered":0,"skipped":0,"pct":0},"statements":{"total":10,"covered":0,"skipped":0,"pct":0},"branches":{"total":12,"covered":0,"skipped":0,"pct":0}}
,"/home/maria-baeta/trybe/trybe-projects/sd-010-a-project-recipes-app/src/pages/DetailsPages/DetailsDrinkRecipe.jsx": {"lines":{"total":11,"covered":1,"skipped":0,"pct":9.09},"functions":{"total":3,"covered":0,"skipped":0,"pct":0},"statements":{"total":11,"covered":1,"skipped":0,"pct":9.09},"branches":{"total":2,"covered":0,"skipped":0,"pct":0}}
,"/home/maria-baeta/trybe/trybe-projects/sd-010-a-project-recipes-app/src/pages/DetailsPages/DetailsFoodRecipe.jsx": {"lines":{"total":11,"covered":1,"skipped":0,"pct":9.09},"functions":{"total":3,"covered":0,"skipped":0,"pct":0},"statements":{"total":11,"covered":1,"skipped":0,"pct":9.09},"branches":{"total":2,"covered":0,"skipped":0,"pct":0}}
,"/home/maria-baeta/trybe/trybe-projects/sd-010-a-project-recipes-app/src/pages/DetailsPages/DetailsInProgressDrink.jsx": {"lines":{"total":10,"covered":0,"skipped":0,"pct":0},"functions":{"total":3,"covered":0,"skipped":0,"pct":0},"statements":{"total":10,"covered":0,"skipped":0,"pct":0},"branches":{"total":2,"covered":0,"skipped":0,"pct":0}}
,"/home/maria-baeta/trybe/trybe-projects/sd-010-a-project-recipes-app/src/pages/DetailsPages/DetailsInProgressFood.jsx": {"lines":{"total":10,"covered":0,"skipped":0,"pct":0},"functions":{"total":3,"covered":0,"skipped":0,"pct":0},"statements":{"total":10,"covered":0,"skipped":0,"pct":0},"branches":{"total":2,"covered":0,"skipped":0,"pct":0}}
,"/home/maria-baeta/trybe/trybe-projects/sd-010-a-project-recipes-app/src/pages/DetailsPages/components/Heading.jsx": {"lines":{"total":3,"covered":2,"skipped":0,"pct":66.67},"functions":{"total":1,"covered":0,"skipped":0,"pct":0},"statements":{"total":3,"covered":2,"skipped":0,"pct":66.67},"branches":{"total":4,"covered":0,"skipped":0,"pct":0}}
,"/home/maria-baeta/trybe/trybe-projects/sd-010-a-project-recipes-app/src/pages/DetailsPages/components/Ingredients.jsx": {"lines":{"total":8,"covered":2,"skipped":0,"pct":25},"functions":{"total":2,"covered":0,"skipped":0,"pct":0},"statements":{"total":8,"covered":2,"skipped":0,"pct":25},"branches":{"total":2,"covered":0,"skipped":0,"pct":0}}
,"/home/maria-baeta/trybe/trybe-projects/sd-010-a-project-recipes-app/src/pages/DetailsPages/components/IngredinetsRadio.jsx": {"lines":{"total":51,"covered":3,"skipped":0,"pct":5.88},"functions":{"total":11,"covered":0,"skipped":0,"pct":0},"statements":{"total":55,"covered":3,"skipped":0,"pct":5.45},"branches":{"total":18,"covered":0,"skipped":0,"pct":0}}
,"/home/maria-baeta/trybe/trybe-projects/sd-010-a-project-recipes-app/src/pages/DetailsPages/components/Instructions.jsx": {"lines":{"total":3,"covered":2,"skipped":0,"pct":66.67},"functions":{"total":1,"covered":0,"skipped":0,"pct":0},"statements":{"total":3,"covered":2,"skipped":0,"pct":66.67},"branches":{"total":0,"covered":0,"skipped":0,"pct":100}}
,"/home/maria-baeta/trybe/trybe-projects/sd-010-a-project-recipes-app/src/pages/DetailsPages/components/Recommends.jsx": {"lines":{"total":10,"covered":2,"skipped":0,"pct":20},"functions":{"total":2,"covered":0,"skipped":0,"pct":0},"statements":{"total":10,"covered":2,"skipped":0,"pct":20},"branches":{"total":6,"covered":0,"skipped":0,"pct":0}}
,"/home/maria-baeta/trybe/trybe-projects/sd-010-a-project-recipes-app/src/pages/DetailsPages/components/Video.jsx": {"lines":{"total":7,"covered":2,"skipped":0,"pct":28.57},"functions":{"total":1,"covered":0,"skipped":0,"pct":0},"statements":{"total":7,"covered":2,"skipped":0,"pct":28.57},"branches":{"total":2,"covered":0,"skipped":0,"pct":0}}
,"/home/maria-baeta/trybe/trybe-projects/sd-010-a-project-recipes-app/src/pages/DetailsPages/components/ImageComponent/Image.jsx": {"lines":{"total":3,"covered":2,"skipped":0,"pct":66.67},"functions":{"total":1,"covered":0,"skipped":0,"pct":0},"statements":{"total":3,"covered":2,"skipped":0,"pct":66.67},"branches":{"total":4,"covered":0,"skipped":0,"pct":0}}
,"/home/maria-baeta/trybe/trybe-projects/sd-010-a-project-recipes-app/src/pages/DetailsPages/components/ImageComponent/index.style.js": {"lines":{"total":0,"covered":0,"skipped":0,"pct":100},"functions":{"total":0,"covered":0,"skipped":0,"pct":100},"statements":{"total":0,"covered":0,"skipped":0,"pct":100},"branches":{"total":0,"covered":0,"skipped":0,"pct":100}}
,"/home/maria-baeta/trybe/trybe-projects/sd-010-a-project-recipes-app/src/pages/DetailsPages/components/buttons/ButtonMakeRecipeDrink.jsx": {"lines":{"total":33,"covered":3,"skipped":0,"pct":9.09},"functions":{"total":10,"covered":0,"skipped":0,"pct":0},"statements":{"total":33,"covered":3,"skipped":0,"pct":9.09},"branches":{"total":12,"covered":0,"skipped":0,"pct":0}}
,"/home/maria-baeta/trybe/trybe-projects/sd-010-a-project-recipes-app/src/pages/DetailsPages/components/buttons/ButtonMakeRecipeFood.jsx": {"lines":{"total":33,"covered":4,"skipped":0,"pct":12.12},"functions":{"total":9,"covered":0,"skipped":0,"pct":0},"statements":{"total":33,"covered":4,"skipped":0,"pct":12.12},"branches":{"total":10,"covered":0,"skipped":0,"pct":0}}
,"/home/maria-baeta/trybe/trybe-projects/sd-010-a-project-recipes-app/src/pages/DetailsPages/components/buttons/ButtonShare.jsx": {"lines":{"total":10,"covered":2,"skipped":0,"pct":20},"functions":{"total":3,"covered":0,"skipped":0,"pct":0},"statements":{"total":10,"covered":2,"skipped":0,"pct":20},"branches":{"total":0,"covered":0,"skipped":0,"pct":100}}
,"/home/maria-baeta/trybe/trybe-projects/sd-010-a-project-recipes-app/src/pages/DetailsPages/components/buttons/FavButton.jsx": {"lines":{"total":11,"covered":1,"skipped":0,"pct":9.09},"functions":{"total":4,"covered":0,"skipped":0,"pct":0},"statements":{"total":11,"covered":1,"skipped":0,"pct":9.09},"branches":{"total":18,"covered":0,"skipped":0,"pct":0}}
,"/home/maria-baeta/trybe/trybe-projects/sd-010-a-project-recipes-app/src/pages/LoginPage/Login.js": {"lines":{"total":19,"covered":19,"skipped":0,"pct":100},"functions":{"total":6,"covered":6,"skipped":0,"pct":100},"statements":{"total":19,"covered":19,"skipped":0,"pct":100},"branches":{"total":4,"covered":4,"skipped":0,"pct":100}}
,"/home/maria-baeta/trybe/trybe-projects/sd-010-a-project-recipes-app/src/pages/ProfileScreen/ProfileScreen.jsx": {"lines":{"total":19,"covered":19,"skipped":0,"pct":100},"functions":{"total":2,"covered":2,"skipped":0,"pct":100},"statements":{"total":19,"covered":19,"skipped":0,"pct":100},"branches":{"total":10,"covered":8,"skipped":0,"pct":80}}
,"/home/maria-baeta/trybe/trybe-projects/sd-010-a-project-recipes-app/src/pages/RecipesDone/ButtonFilter.js": {"lines":{"total":23,"covered":3,"skipped":0,"pct":13.04},"functions":{"total":7,"covered":1,"skipped":0,"pct":14.29},"statements":{"total":23,"covered":3,"skipped":0,"pct":13.04},"branches":{"total":10,"covered":0,"skipped":0,"pct":0}}
,"/home/maria-baeta/trybe/trybe-projects/sd-010-a-project-recipes-app/src/pages/RecipesDone/Recipes.js": {"lines":{"total":31,"covered":13,"skipped":0,"pct":41.94},"functions":{"total":12,"covered":1,"skipped":0,"pct":8.33},"statements":{"total":32,"covered":13,"skipped":0,"pct":40.63},"branches":{"total":12,"covered":3,"skipped":0,"pct":25}}
,"/home/maria-baeta/trybe/trybe-projects/sd-010-a-project-recipes-app/src/pages/RecipesDone/RecipesDone.js": {"lines":{"total":1,"covered":1,"skipped":0,"pct":100},"functions":{"total":1,"covered":1,"skipped":0,"pct":100},"statements":{"total":1,"covered":1,"skipped":0,"pct":100},"branches":{"total":0,"covered":0,"skipped":0,"pct":100}}
,"/home/maria-baeta/trybe/trybe-projects/sd-010-a-project-recipes-app/src/pages/RecipesFav/ButtonFilter.js": {"lines":{"total":23,"covered":3,"skipped":0,"pct":13.04},"functions":{"total":7,"covered":1,"skipped":0,"pct":14.29},"statements":{"total":23,"covered":3,"skipped":0,"pct":13.04},"branches":{"total":10,"covered":0,"skipped":0,"pct":0}}
,"/home/maria-baeta/trybe/trybe-projects/sd-010-a-project-recipes-app/src/pages/RecipesFav/Recipes.js": {"lines":{"total":33,"covered":13,"skipped":0,"pct":39.39},"functions":{"total":14,"covered":1,"skipped":0,"pct":7.14},"statements":{"total":34,"covered":13,"skipped":0,"pct":38.24},"branches":{"total":12,"covered":3,"skipped":0,"pct":25}}
,"/home/maria-baeta/trybe/trybe-projects/sd-010-a-project-recipes-app/src/pages/RecipesFav/RecipesFav.jsx": {"lines":{"total":2,"covered":2,"skipped":0,"pct":100},"functions":{"total":1,"covered":1,"skipped":0,"pct":100},"statements":{"total":2,"covered":2,"skipped":0,"pct":100},"branches":{"total":0,"covered":0,"skipped":0,"pct":100}}
,"/home/maria-baeta/trybe/trybe-projects/sd-010-a-project-recipes-app/src/pages/explore/Explore.jsx": {"lines":{"total":1,"covered":1,"skipped":0,"pct":100},"functions":{"total":1,"covered":1,"skipped":0,"pct":100},"statements":{"total":1,"covered":1,"skipped":0,"pct":100},"branches":{"total":0,"covered":0,"skipped":0,"pct":100}}
,"/home/maria-baeta/trybe/trybe-projects/sd-010-a-project-recipes-app/src/pages/explore/ExploreDrinks.jsx": {"lines":{"total":1,"covered":1,"skipped":0,"pct":100},"functions":{"total":1,"covered":1,"skipped":0,"pct":100},"statements":{"total":1,"covered":1,"skipped":0,"pct":100},"branches":{"total":0,"covered":0,"skipped":0,"pct":100}}
,"/home/maria-baeta/trybe/trybe-projects/sd-010-a-project-recipes-app/src/pages/explore/ExploreDrinksByIngredients.jsx": {"lines":{"total":7,"covered":0,"skipped":0,"pct":0},"functions":{"total":4,"covered":0,"skipped":0,"pct":0},"statements":{"total":8,"covered":0,"skipped":0,"pct":0},"branches":{"total":0,"covered":0,"skipped":0,"pct":100}}
,"/home/maria-baeta/trybe/trybe-projects/sd-010-a-project-recipes-app/src/pages/explore/ExploreFood.jsx": {"lines":{"total":1,"covered":1,"skipped":0,"pct":100},"functions":{"total":1,"covered":1,"skipped":0,"pct":100},"statements":{"total":1,"covered":1,"skipped":0,"pct":100},"branches":{"total":0,"covered":0,"skipped":0,"pct":100}}
,"/home/maria-baeta/trybe/trybe-projects/sd-010-a-project-recipes-app/src/pages/explore/ExploreFoodByIngredients.jsx": {"lines":{"total":7,"covered":0,"skipped":0,"pct":0},"functions":{"total":4,"covered":0,"skipped":0,"pct":0},"statements":{"total":8,"covered":0,"skipped":0,"pct":0},"branches":{"total":0,"covered":0,"skipped":0,"pct":100}}
,"/home/maria-baeta/trybe/trybe-projects/sd-010-a-project-recipes-app/src/pages/explore/ExploreFoodByOrigin.jsx": {"lines":{"total":21,"covered":0,"skipped":0,"pct":0},"functions":{"total":9,"covered":0,"skipped":0,"pct":0},"statements":{"total":21,"covered":0,"skipped":0,"pct":0},"branches":{"total":6,"covered":0,"skipped":0,"pct":0}}
,"/home/maria-baeta/trybe/trybe-projects/sd-010-a-project-recipes-app/src/pages/explore/NotFound.jsx": {"lines":{"total":1,"covered":0,"skipped":0,"pct":0},"functions":{"total":1,"covered":0,"skipped":0,"pct":0},"statements":{"total":1,"covered":0,"skipped":0,"pct":0},"branches":{"total":0,"covered":0,"skipped":0,"pct":100}}
,"/home/maria-baeta/trybe/trybe-projects/sd-010-a-project-recipes-app/src/pages/explore/components/ButtonsByType.jsx": {"lines":{"total":14,"covered":14,"skipped":0,"pct":100},"functions":{"total":9,"covered":7,"skipped":0,"pct":77.78},"statements":{"total":17,"covered":15,"skipped":0,"pct":88.24},"branches":{"total":4,"covered":4,"skipped":0,"pct":100}}
,"/home/maria-baeta/trybe/trybe-projects/sd-010-a-project-recipes-app/src/pages/explore/components/IngredientCards.jsx": {"lines":{"total":17,"covered":1,"skipped":0,"pct":5.88},"functions":{"total":3,"covered":0,"skipped":0,"pct":0},"statements":{"total":17,"covered":1,"skipped":0,"pct":5.88},"branches":{"total":4,"covered":0,"skipped":0,"pct":0}}
,"/home/maria-baeta/trybe/trybe-projects/sd-010-a-project-recipes-app/src/pages/recipes-main/Drinks/CardsFilterRecipes.js": {"lines":{"total":21,"covered":0,"skipped":0,"pct":0},"functions":{"total":7,"covered":0,"skipped":0,"pct":0},"statements":{"total":21,"covered":0,"skipped":0,"pct":0},"branches":{"total":8,"covered":0,"skipped":0,"pct":0}}
,"/home/maria-baeta/trybe/trybe-projects/sd-010-a-project-recipes-app/src/pages/recipes-main/Drinks/Drinks.js": {"lines":{"total":18,"covered":13,"skipped":0,"pct":72.22},"functions":{"total":5,"covered":3,"skipped":0,"pct":60},"statements":{"total":18,"covered":13,"skipped":0,"pct":72.22},"branches":{"total":18,"covered":10,"skipped":0,"pct":55.56}}
,"/home/maria-baeta/trybe/trybe-projects/sd-010-a-project-recipes-app/src/pages/recipes-main/Drinks/FilterDrinks.js": {"lines":{"total":10,"covered":7,"skipped":0,"pct":70},"functions":{"total":5,"covered":2,"skipped":0,"pct":40},"statements":{"total":10,"covered":7,"skipped":0,"pct":70},"branches":{"total":2,"covered":1,"skipped":0,"pct":50}}
,"/home/maria-baeta/trybe/trybe-projects/sd-010-a-project-recipes-app/src/pages/recipes-main/Foods/CardsFilterRecipes.js": {"lines":{"total":21,"covered":0,"skipped":0,"pct":0},"functions":{"total":7,"covered":0,"skipped":0,"pct":0},"statements":{"total":21,"covered":0,"skipped":0,"pct":0},"branches":{"total":8,"covered":0,"skipped":0,"pct":0}}
,"/home/maria-baeta/trybe/trybe-projects/sd-010-a-project-recipes-app/src/pages/recipes-main/Foods/FilterFoods.js": {"lines":{"total":10,"covered":7,"skipped":0,"pct":70},"functions":{"total":5,"covered":2,"skipped":0,"pct":40},"statements":{"total":10,"covered":7,"skipped":0,"pct":70},"branches":{"total":2,"covered":1,"skipped":0,"pct":50}}
,"/home/maria-baeta/trybe/trybe-projects/sd-010-a-project-recipes-app/src/pages/recipes-main/Foods/Foods.js": {"lines":{"total":18,"covered":13,"skipped":0,"pct":72.22},"functions":{"total":5,"covered":3,"skipped":0,"pct":60},"statements":{"total":18,"covered":13,"skipped":0,"pct":72.22},"branches":{"total":18,"covered":10,"skipped":0,"pct":55.56}}
,"/home/maria-baeta/trybe/trybe-projects/sd-010-a-project-recipes-app/src/services/fetchApi.js": {"lines":{"total":82,"covered":13,"skipped":0,"pct":15.85},"functions":{"total":22,"covered":5,"skipped":0,"pct":22.73},"statements":{"total":84,"covered":13,"skipped":0,"pct":15.48},"branches":{"total":0,"covered":0,"skipped":0,"pct":100}}
,"/home/maria-baeta/trybe/trybe-projects/sd-010-a-project-recipes-app/src/services/MakeArray/makeArr.js": {"lines":{"total":4,"covered":0,"skipped":0,"pct":0},"functions":{"total":1,"covered":0,"skipped":0,"pct":0},"statements":{"total":5,"covered":0,"skipped":0,"pct":0},"branches":{"total":18,"covered":0,"skipped":0,"pct":0}}
,"/home/maria-baeta/trybe/trybe-projects/sd-010-a-project-recipes-app/src/services/MakeIds/generateIdByIndex.js": {"lines":{"total":13,"covered":3,"skipped":0,"pct":23.08},"functions":{"total":2,"covered":0,"skipped":0,"pct":0},"statements":{"total":13,"covered":3,"skipped":0,"pct":23.08},"branches":{"total":8,"covered":0,"skipped":0,"pct":0}}
,"/home/maria-baeta/trybe/trybe-projects/sd-010-a-project-recipes-app/src/services/formatObjects/makeObjIngredients.js": {"lines":{"total":8,"covered":1,"skipped":0,"pct":12.5},"functions":{"total":2,"covered":0,"skipped":0,"pct":0},"statements":{"total":11,"covered":1,"skipped":0,"pct":9.09},"branches":{"total":9,"covered":0,"skipped":0,"pct":0}}
,"/home/maria-baeta/trybe/trybe-projects/sd-010-a-project-recipes-app/src/services/localStorage/clearLS.js": {"lines":{"total":1,"covered":1,"skipped":0,"pct":100},"functions":{"total":1,"covered":1,"skipped":0,"pct":100},"statements":{"total":2,"covered":2,"skipped":0,"pct":100},"branches":{"total":0,"covered":0,"skipped":0,"pct":100}}
,"/home/maria-baeta/trybe/trybe-projects/sd-010-a-project-recipes-app/src/services/localStorage/doneRecipes.js": {"lines":{"total":36,"covered":1,"skipped":0,"pct":2.78},"functions":{"total":6,"covered":0,"skipped":0,"pct":0},"statements":{"total":37,"covered":1,"skipped":0,"pct":2.7},"branches":{"total":36,"covered":0,"skipped":0,"pct":0}}
,"/home/maria-baeta/trybe/trybe-projects/sd-010-a-project-recipes-app/src/services/localStorage/setFavRecipes.js": {"lines":{"total":26,"covered":0,"skipped":0,"pct":0},"functions":{"total":5,"covered":0,"skipped":0,"pct":0},"statements":{"total":28,"covered":0,"skipped":0,"pct":0},"branches":{"total":10,"covered":0,"skipped":0,"pct":0}}
,"/home/maria-baeta/trybe/trybe-projects/sd-010-a-project-recipes-app/src/services/localStorage/setIdAndIngredients.js": {"lines":{"total":14,"covered":0,"skipped":0,"pct":0},"functions":{"total":2,"covered":0,"skipped":0,"pct":0},"statements":{"total":14,"covered":0,"skipped":0,"pct":0},"branches":{"total":8,"covered":0,"skipped":0,"pct":0}}
,"/home/maria-baeta/trybe/trybe-projects/sd-010-a-project-recipes-app/src/services/localStorage/setProgressRecipesLS.js": {"lines":{"total":27,"covered":0,"skipped":0,"pct":0},"functions":{"total":5,"covered":0,"skipped":0,"pct":0},"statements":{"total":32,"covered":0,"skipped":0,"pct":0},"branches":{"total":24,"covered":0,"skipped":0,"pct":0}}
,"/home/maria-baeta/trybe/trybe-projects/sd-010-a-project-recipes-app/src/tests/renderWithRouter.js": {"lines":{"total":3,"covered":3,"skipped":0,"pct":100},"functions":{"total":1,"covered":1,"skipped":0,"pct":100},"statements":{"total":3,"covered":3,"skipped":0,"pct":100},"branches":{"total":0,"covered":0,"skipped":0,"pct":100}}
}
