{"/home/maria-baeta/trybe/trybe-projects/sd-010-a-project-recipes-app/src/App.js": {"path":"/home/maria-baeta/trybe/trybe-projects/sd-010-a-project-recipes-app/src/App.js","statementMap":{"0":{"start":{"line":8,"column":2},"end":{"line":12,"column":4}}},"fnMap":{"0":{"name":"App","decl":{"start":{"line":7,"column":9},"end":{"line":7,"column":12}},"loc":{"start":{"line":7,"column":15},"end":{"line":13,"column":1}},"line":7}},"branchMap":{},"s":{"0":18},"f":{"0":18},"b":{},"_coverageSchema":"43e27e138ebf9cfc5966b082cf9a028302ed4184","hash":"5bc16ea8b12220949ceeb479dceae06ac9887d21"}
,"/home/maria-baeta/trybe/trybe-projects/sd-010-a-project-recipes-app/src/Routes.js": {"path":"/home/maria-baeta/trybe/trybe-projects/sd-010-a-project-recipes-app/src/Routes.js","statementMap":{"0":{"start":{"line":26,"column":2},"end":{"line":57,"column":4}}},"fnMap":{"0":{"name":"Routes","decl":{"start":{"line":25,"column":9},"end":{"line":25,"column":15}},"loc":{"start":{"line":25,"column":18},"end":{"line":58,"column":1}},"line":25}},"branchMap":{},"s":{"0":18},"f":{"0":18},"b":{},"_coverageSchema":"43e27e138ebf9cfc5966b082cf9a028302ed4184","hash":"89909b8a0a0724b7606943591f9a1a12f69a448f"}
,"/home/maria-baeta/trybe/trybe-projects/sd-010-a-project-recipes-app/src/components/Footer.jsx": {"path":"/home/maria-baeta/trybe/trybe-projects/sd-010-a-project-recipes-app/src/components/Footer.jsx","statementMap":{"0":{"start":{"line":9,"column":2},"end":{"line":41,"column":4}}},"fnMap":{"0":{"name":"Footer","decl":{"start":{"line":8,"column":9},"end":{"line":8,"column":15}},"loc":{"start":{"line":8,"column":18},"end":{"line":42,"column":1}},"line":8}},"branchMap":{},"s":{"0":45},"f":{"0":45},"b":{},"_coverageSchema":"43e27e138ebf9cfc5966b082cf9a028302ed4184","hash":"4f536a411bc1cd5ae855f1fea7a6786a93765532"}
,"/home/maria-baeta/trybe/trybe-projects/sd-010-a-project-recipes-app/src/components/Header.jsx": {"path":"/home/maria-baeta/trybe/trybe-projects/sd-010-a-project-recipes-app/src/components/Header.jsx","statementMap":{"0":{"start":{"line":7,"column":20},"end":{"line":23,"column":3}},"1":{"start":{"line":8,"column":17},"end":{"line":8,"column":41}},"2":{"start":{"line":9,"column":16},"end":{"line":9,"column":33}},"3":{"start":{"line":10,"column":16},"end":{"line":10,"column":30}},"4":{"start":{"line":11,"column":4},"end":{"line":13,"column":5}},"5":{"start":{"line":11,"column":21},"end":{"line":11,"column":22}},"6":{"start":{"line":12,"column":6},"end":{"line":12,"column":76}},"7":{"start":{"line":14,"column":18},"end":{"line":14,"column":31}},"8":{"start":{"line":15,"column":4},"end":{"line":18,"column":5}},"9":{"start":{"line":17,"column":6},"end":{"line":17,"column":37}},"10":{"start":{"line":18,"column":6},"end":{"line":20,"column":5}},"11":{"start":{"line":19,"column":6},"end":{"line":19,"column":31}},"12":{"start":{"line":20,"column":6},"end":{"line":22,"column":5}},"13":{"start":{"line":21,"column":6},"end":{"line":21,"column":34}},"14":{"start":{"line":22,"column":6},"end":{"line":22,"column":19}},"15":{"start":{"line":24,"column":2},"end":{"line":38,"column":4}}},"fnMap":{"0":{"name":"Header","decl":{"start":{"line":6,"column":9},"end":{"line":6,"column":15}},"loc":{"start":{"line":6,"column":18},"end":{"line":39,"column":1}},"line":6},"1":{"name":"(anonymous_1)","decl":{"start":{"line":7,"column":20},"end":{"line":7,"column":21}},"loc":{"start":{"line":7,"column":26},"end":{"line":23,"column":3}},"line":7}},"branchMap":{"0":{"loc":{"start":{"line":15,"column":4},"end":{"line":18,"column":5}},"type":"if","locations":[{"start":{"line":15,"column":4},"end":{"line":18,"column":5}},{"start":{"line":15,"column":4},"end":{"line":18,"column":5}}],"line":15},"1":{"loc":{"start":{"line":15,"column":8},"end":{"line":16,"column":49}},"type":"binary-expr","locations":[{"start":{"line":15,"column":8},"end":{"line":15,"column":49}},{"start":{"line":16,"column":8},"end":{"line":16,"column":49}}],"line":15},"2":{"loc":{"start":{"line":18,"column":6},"end":{"line":20,"column":5}},"type":"if","locations":[{"start":{"line":18,"column":6},"end":{"line":20,"column":5}},{"start":{"line":18,"column":6},"end":{"line":20,"column":5}}],"line":18},"3":{"loc":{"start":{"line":20,"column":6},"end":{"line":22,"column":5}},"type":"if","locations":[{"start":{"line":20,"column":6},"end":{"line":22,"column":5}},{"start":{"line":20,"column":6},"end":{"line":22,"column":5}}],"line":20}},"s":{"0":24,"1":24,"2":24,"3":24,"4":24,"5":24,"6":24,"7":24,"8":24,"9":0,"10":24,"11":0,"12":24,"13":0,"14":24,"15":24},"f":{"0":24,"1":24},"b":{"0":[0,24],"1":[24,24],"2":[0,24],"3":[0,24]},"_coverageSchema":"43e27e138ebf9cfc5966b082cf9a028302ed4184","hash":"316e35587bd14ba67e130f7ec1bc622120aaf403"}
,"/home/maria-baeta/trybe/trybe-projects/sd-010-a-project-recipes-app/src/components/HeaderSearchbar.jsx": {"path":"/home/maria-baeta/trybe/trybe-projects/sd-010-a-project-recipes-app/src/components/HeaderSearchbar.jsx","statementMap":{"0":{"start":{"line":24,"column":6},"end":{"line":24,"column":25}},"1":{"start":{"line":26,"column":17},"end":{"line":26,"column":33}},"2":{"start":{"line":28,"column":23},"end":{"line":36,"column":3}},"3":{"start":{"line":29,"column":4},"end":{"line":29,"column":35}},"4":{"start":{"line":30,"column":21},"end":{"line":30,"column":58}},"5":{"start":{"line":31,"column":4},"end":{"line":31,"column":22}},"6":{"start":{"line":32,"column":4},"end":{"line":35,"column":5}},"7":{"start":{"line":33,"column":6},"end":{"line":33,"column":68}},"8":{"start":{"line":34,"column":6},"end":{"line":34,"column":25}},"9":{"start":{"line":38,"column":28},"end":{"line":89,"column":3}},"10":{"start":{"line":39,"column":4},"end":{"line":47,"column":5}},"11":{"start":{"line":40,"column":34},"end":{"line":45,"column":7}},"12":{"start":{"line":41,"column":8},"end":{"line":41,"column":28}},"13":{"start":{"line":42,"column":8},"end":{"line":42,"column":27}},"14":{"start":{"line":43,"column":21},"end":{"line":43,"column":67}},"15":{"start":{"line":44,"column":8},"end":{"line":44,"column":29}},"16":{"start":{"line":46,"column":6},"end":{"line":46,"column":28}},"17":{"start":{"line":47,"column":6},"end":{"line":55,"column":5}},"18":{"start":{"line":48,"column":6},"end":{"line":48,"column":26}},"19":{"start":{"line":49,"column":6},"end":{"line":49,"column":26}},"20":{"start":{"line":50,"column":35},"end":{"line":53,"column":7}},"21":{"start":{"line":51,"column":21},"end":{"line":51,"column":68}},"22":{"start":{"line":52,"column":8},"end":{"line":52,"column":30}},"23":{"start":{"line":54,"column":6},"end":{"line":54,"column":29}},"24":{"start":{"line":55,"column":6},"end":{"line":63,"column":5}},"25":{"start":{"line":56,"column":28},"end":{"line":61,"column":7}},"26":{"start":{"line":57,"column":8},"end":{"line":57,"column":28}},"27":{"start":{"line":58,"column":8},"end":{"line":58,"column":27}},"28":{"start":{"line":59,"column":21},"end":{"line":59,"column":61}},"29":{"start":{"line":60,"column":8},"end":{"line":60,"column":29}},"30":{"start":{"line":62,"column":6},"end":{"line":62,"column":22}},"31":{"start":{"line":63,"column":6},"end":{"line":71,"column":5}},"32":{"start":{"line":64,"column":6},"end":{"line":64,"column":26}},"33":{"start":{"line":65,"column":6},"end":{"line":65,"column":26}},"34":{"start":{"line":66,"column":29},"end":{"line":69,"column":7}},"35":{"start":{"line":67,"column":21},"end":{"line":67,"column":62}},"36":{"start":{"line":68,"column":8},"end":{"line":68,"column":30}},"37":{"start":{"line":70,"column":6},"end":{"line":70,"column":23}},"38":{"start":{"line":71,"column":6},"end":{"line":79,"column":5}},"39":{"start":{"line":72,"column":30},"end":{"line":77,"column":7}},"40":{"start":{"line":73,"column":8},"end":{"line":73,"column":28}},"41":{"start":{"line":74,"column":8},"end":{"line":74,"column":27}},"42":{"start":{"line":75,"column":21},"end":{"line":75,"column":63}},"43":{"start":{"line":76,"column":8},"end":{"line":76,"column":29}},"44":{"start":{"line":78,"column":6},"end":{"line":78,"column":24}},"45":{"start":{"line":79,"column":6},"end":{"line":87,"column":5}},"46":{"start":{"line":80,"column":6},"end":{"line":80,"column":26}},"47":{"start":{"line":81,"column":6},"end":{"line":81,"column":26}},"48":{"start":{"line":82,"column":31},"end":{"line":85,"column":7}},"49":{"start":{"line":83,"column":21},"end":{"line":83,"column":64}},"50":{"start":{"line":84,"column":8},"end":{"line":84,"column":30}},"51":{"start":{"line":86,"column":6},"end":{"line":86,"column":25}},"52":{"start":{"line":88,"column":4},"end":{"line":88,"column":23}},"53":{"start":{"line":91,"column":2},"end":{"line":141,"column":4}},"54":{"start":{"line":97,"column":28},"end":{"line":97,"column":43}},"55":{"start":{"line":119,"column":27},"end":{"line":119,"column":51}},"56":{"start":{"line":128,"column":27},"end":{"line":128,"column":51}},"57":{"start":{"line":137,"column":27},"end":{"line":137,"column":51}}},"fnMap":{"0":{"name":"HeaderSearchbar","decl":{"start":{"line":13,"column":9},"end":{"line":13,"column":24}},"loc":{"start":{"line":13,"column":27},"end":{"line":142,"column":1}},"line":13},"1":{"name":"(anonymous_1)","decl":{"start":{"line":28,"column":23},"end":{"line":28,"column":24}},"loc":{"start":{"line":28,"column":30},"end":{"line":36,"column":3}},"line":28},"2":{"name":"(anonymous_2)","decl":{"start":{"line":38,"column":28},"end":{"line":38,"column":29}},"loc":{"start":{"line":38,"column":34},"end":{"line":89,"column":3}},"line":38},"3":{"name":"(anonymous_3)","decl":{"start":{"line":40,"column":34},"end":{"line":40,"column":35}},"loc":{"start":{"line":40,"column":46},"end":{"line":45,"column":7}},"line":40},"4":{"name":"(anonymous_4)","decl":{"start":{"line":50,"column":35},"end":{"line":50,"column":36}},"loc":{"start":{"line":50,"column":47},"end":{"line":53,"column":7}},"line":50},"5":{"name":"(anonymous_5)","decl":{"start":{"line":56,"column":28},"end":{"line":56,"column":29}},"loc":{"start":{"line":56,"column":40},"end":{"line":61,"column":7}},"line":56},"6":{"name":"(anonymous_6)","decl":{"start":{"line":66,"column":29},"end":{"line":66,"column":30}},"loc":{"start":{"line":66,"column":41},"end":{"line":69,"column":7}},"line":66},"7":{"name":"(anonymous_7)","decl":{"start":{"line":72,"column":30},"end":{"line":72,"column":31}},"loc":{"start":{"line":72,"column":42},"end":{"line":77,"column":7}},"line":72},"8":{"name":"(anonymous_8)","decl":{"start":{"line":82,"column":31},"end":{"line":82,"column":32}},"loc":{"start":{"line":82,"column":43},"end":{"line":85,"column":7}},"line":82},"9":{"name":"(anonymous_9)","decl":{"start":{"line":97,"column":21},"end":{"line":97,"column":22}},"loc":{"start":{"line":97,"column":28},"end":{"line":97,"column":43}},"line":97},"10":{"name":"(anonymous_10)","decl":{"start":{"line":119,"column":20},"end":{"line":119,"column":21}},"loc":{"start":{"line":119,"column":27},"end":{"line":119,"column":51}},"line":119},"11":{"name":"(anonymous_11)","decl":{"start":{"line":128,"column":20},"end":{"line":128,"column":21}},"loc":{"start":{"line":128,"column":27},"end":{"line":128,"column":51}},"line":128},"12":{"name":"(anonymous_12)","decl":{"start":{"line":137,"column":20},"end":{"line":137,"column":21}},"loc":{"start":{"line":137,"column":27},"end":{"line":137,"column":51}},"line":137}},"branchMap":{"0":{"loc":{"start":{"line":32,"column":4},"end":{"line":35,"column":5}},"type":"if","locations":[{"start":{"line":32,"column":4},"end":{"line":35,"column":5}},{"start":{"line":32,"column":4},"end":{"line":35,"column":5}}],"line":32},"1":{"loc":{"start":{"line":32,"column":8},"end":{"line":32,"column":53}},"type":"binary-expr","locations":[{"start":{"line":32,"column":8},"end":{"line":32,"column":24}},{"start":{"line":32,"column":28},"end":{"line":32,"column":53}}],"line":32},"2":{"loc":{"start":{"line":39,"column":4},"end":{"line":47,"column":5}},"type":"if","locations":[{"start":{"line":39,"column":4},"end":{"line":47,"column":5}},{"start":{"line":39,"column":4},"end":{"line":47,"column":5}}],"line":39},"3":{"loc":{"start":{"line":39,"column":8},"end":{"line":39,"column":53}},"type":"binary-expr","locations":[{"start":{"line":39,"column":8},"end":{"line":39,"column":26}},{"start":{"line":39,"column":30},"end":{"line":39,"column":53}}],"line":39},"4":{"loc":{"start":{"line":47,"column":6},"end":{"line":55,"column":5}},"type":"if","locations":[{"start":{"line":47,"column":6},"end":{"line":55,"column":5}},{"start":{"line":47,"column":6},"end":{"line":55,"column":5}}],"line":47},"5":{"loc":{"start":{"line":47,"column":10},"end":{"line":47,"column":55}},"type":"binary-expr","locations":[{"start":{"line":47,"column":10},"end":{"line":47,"column":28}},{"start":{"line":47,"column":32},"end":{"line":47,"column":55}}],"line":47},"6":{"loc":{"start":{"line":55,"column":6},"end":{"line":63,"column":5}},"type":"if","locations":[{"start":{"line":55,"column":6},"end":{"line":63,"column":5}},{"start":{"line":55,"column":6},"end":{"line":63,"column":5}}],"line":55},"7":{"loc":{"start":{"line":55,"column":10},"end":{"line":55,"column":48}},"type":"binary-expr","locations":[{"start":{"line":55,"column":10},"end":{"line":55,"column":28}},{"start":{"line":55,"column":32},"end":{"line":55,"column":48}}],"line":55},"8":{"loc":{"start":{"line":63,"column":6},"end":{"line":71,"column":5}},"type":"if","locations":[{"start":{"line":63,"column":6},"end":{"line":71,"column":5}},{"start":{"line":63,"column":6},"end":{"line":71,"column":5}}],"line":63},"9":{"loc":{"start":{"line":63,"column":10},"end":{"line":63,"column":48}},"type":"binary-expr","locations":[{"start":{"line":63,"column":10},"end":{"line":63,"column":28}},{"start":{"line":63,"column":32},"end":{"line":63,"column":48}}],"line":63},"10":{"loc":{"start":{"line":71,"column":6},"end":{"line":79,"column":5}},"type":"if","locations":[{"start":{"line":71,"column":6},"end":{"line":79,"column":5}},{"start":{"line":71,"column":6},"end":{"line":79,"column":5}}],"line":71},"11":{"loc":{"start":{"line":71,"column":10},"end":{"line":71,"column":48}},"type":"binary-expr","locations":[{"start":{"line":71,"column":10},"end":{"line":71,"column":28}},{"start":{"line":71,"column":32},"end":{"line":71,"column":48}}],"line":71},"12":{"loc":{"start":{"line":79,"column":6},"end":{"line":87,"column":5}},"type":"if","locations":[{"start":{"line":79,"column":6},"end":{"line":87,"column":5}},{"start":{"line":79,"column":6},"end":{"line":87,"column":5}}],"line":79},"13":{"loc":{"start":{"line":79,"column":10},"end":{"line":79,"column":48}},"type":"binary-expr","locations":[{"start":{"line":79,"column":10},"end":{"line":79,"column":28}},{"start":{"line":79,"column":32},"end":{"line":79,"column":48}}],"line":79}},"s":{"0":2,"1":2,"2":2,"3":0,"4":0,"5":0,"6":0,"7":0,"8":0,"9":2,"10":0,"11":0,"12":0,"13":0,"14":0,"15":0,"16":0,"17":0,"18":0,"19":0,"20":0,"21":0,"22":0,"23":0,"24":0,"25":0,"26":0,"27":0,"28":0,"29":0,"30":0,"31":0,"32":0,"33":0,"34":0,"35":0,"36":0,"37":0,"38":0,"39":0,"40":0,"41":0,"42":0,"43":0,"44":0,"45":0,"46":0,"47":0,"48":0,"49":0,"50":0,"51":0,"52":0,"53":2,"54":0,"55":0,"56":0,"57":0},"f":{"0":2,"1":0,"2":0,"3":0,"4":0,"5":0,"6":0,"7":0,"8":0,"9":0,"10":0,"11":0,"12":0},"b":{"0":[0,0],"1":[0,0],"2":[0,0],"3":[0,0],"4":[0,0],"5":[0,0],"6":[0,0],"7":[0,0],"8":[0,0],"9":[0,0],"10":[0,0],"11":[0,0],"12":[0,0],"13":[0,0]},"_coverageSchema":"43e27e138ebf9cfc5966b082cf9a028302ed4184","hash":"edd2bf59063c54a4e653e674ee38b6050d003bfb"}
,"/home/maria-baeta/trybe/trybe-projects/sd-010-a-project-recipes-app/src/components/HeaderWithSearch.jsx": {"path":"/home/maria-baeta/trybe/trybe-projects/sd-010-a-project-recipes-app/src/components/HeaderWithSearch.jsx","statementMap":{"0":{"start":{"line":15,"column":6},"end":{"line":15,"column":25}},"1":{"start":{"line":17,"column":20},"end":{"line":27,"column":3}},"2":{"start":{"line":18,"column":17},"end":{"line":18,"column":41}},"3":{"start":{"line":19,"column":16},"end":{"line":19,"column":33}},"4":{"start":{"line":20,"column":16},"end":{"line":20,"column":30}},"5":{"start":{"line":21,"column":4},"end":{"line":23,"column":5}},"6":{"start":{"line":21,"column":21},"end":{"line":21,"column":22}},"7":{"start":{"line":22,"column":6},"end":{"line":22,"column":76}},"8":{"start":{"line":24,"column":18},"end":{"line":24,"column":31}},"9":{"start":{"line":26,"column":4},"end":{"line":26,"column":64}},"10":{"start":{"line":29,"column":16},"end":{"line":32,"column":3}},"11":{"start":{"line":34,"column":21},"end":{"line":38,"column":3}},"12":{"start":{"line":35,"column":4},"end":{"line":35,"column":25}},"13":{"start":{"line":36,"column":4},"end":{"line":36,"column":21}},"14":{"start":{"line":37,"column":4},"end":{"line":37,"column":23}},"15":{"start":{"line":40,"column":23},"end":{"line":48,"column":3}},"16":{"start":{"line":41,"column":4},"end":{"line":43,"column":5}},"17":{"start":{"line":42,"column":6},"end":{"line":42,"column":29}},"18":{"start":{"line":43,"column":6},"end":{"line":45,"column":5}},"19":{"start":{"line":44,"column":6},"end":{"line":44,"column":26}},"20":{"start":{"line":45,"column":6},"end":{"line":47,"column":5}},"21":{"start":{"line":46,"column":6},"end":{"line":46,"column":30}},"22":{"start":{"line":50,"column":2},"end":{"line":77,"column":4}},"23":{"start":{"line":64,"column":26},"end":{"line":64,"column":40}}},"fnMap":{"0":{"name":"HeaderWithSearch","decl":{"start":{"line":8,"column":9},"end":{"line":8,"column":25}},"loc":{"start":{"line":8,"column":28},"end":{"line":78,"column":1}},"line":8},"1":{"name":"(anonymous_1)","decl":{"start":{"line":17,"column":20},"end":{"line":17,"column":21}},"loc":{"start":{"line":17,"column":26},"end":{"line":27,"column":3}},"line":17},"2":{"name":"(anonymous_2)","decl":{"start":{"line":34,"column":21},"end":{"line":34,"column":22}},"loc":{"start":{"line":34,"column":27},"end":{"line":38,"column":3}},"line":34},"3":{"name":"(anonymous_3)","decl":{"start":{"line":40,"column":23},"end":{"line":40,"column":24}},"loc":{"start":{"line":40,"column":29},"end":{"line":48,"column":3}},"line":40},"4":{"name":"(anonymous_4)","decl":{"start":{"line":64,"column":20},"end":{"line":64,"column":21}},"loc":{"start":{"line":64,"column":26},"end":{"line":64,"column":40}},"line":64}},"branchMap":{"0":{"loc":{"start":{"line":26,"column":11},"end":{"line":26,"column":63}},"type":"cond-expr","locations":[{"start":{"line":26,"column":38},"end":{"line":26,"column":55}},{"start":{"line":26,"column":58},"end":{"line":26,"column":63}}],"line":26},"1":{"loc":{"start":{"line":41,"column":4},"end":{"line":43,"column":5}},"type":"if","locations":[{"start":{"line":41,"column":4},"end":{"line":43,"column":5}},{"start":{"line":41,"column":4},"end":{"line":43,"column":5}}],"line":41},"2":{"loc":{"start":{"line":43,"column":6},"end":{"line":45,"column":5}},"type":"if","locations":[{"start":{"line":43,"column":6},"end":{"line":45,"column":5}},{"start":{"line":43,"column":6},"end":{"line":45,"column":5}}],"line":43},"3":{"loc":{"start":{"line":43,"column":10},"end":{"line":43,"column":39}},"type":"binary-expr","locations":[{"start":{"line":43,"column":10},"end":{"line":43,"column":25}},{"start":{"line":43,"column":29},"end":{"line":43,"column":39}}],"line":43},"4":{"loc":{"start":{"line":45,"column":6},"end":{"line":47,"column":5}},"type":"if","locations":[{"start":{"line":45,"column":6},"end":{"line":47,"column":5}},{"start":{"line":45,"column":6},"end":{"line":47,"column":5}}],"line":45},"5":{"loc":{"start":{"line":45,"column":10},"end":{"line":45,"column":40}},"type":"binary-expr","locations":[{"start":{"line":45,"column":10},"end":{"line":45,"column":25}},{"start":{"line":45,"column":29},"end":{"line":45,"column":40}}],"line":45},"6":{"loc":{"start":{"line":75,"column":7},"end":{"line":75,"column":43}},"type":"cond-expr","locations":[{"start":{"line":75,"column":16},"end":{"line":75,"column":35}},{"start":{"line":75,"column":38},"end":{"line":75,"column":43}}],"line":75}},"s":{"0":26,"1":26,"2":26,"3":26,"4":26,"5":26,"6":26,"7":26,"8":26,"9":26,"10":26,"11":26,"12":0,"13":0,"14":0,"15":26,"16":2,"17":2,"18":0,"19":0,"20":0,"21":0,"22":26,"23":2},"f":{"0":26,"1":26,"2":0,"3":2,"4":2},"b":{"0":[0,26],"1":[2,0],"2":[0,0],"3":[0,0],"4":[0,0],"5":[0,0],"6":[2,24]},"_coverageSchema":"43e27e138ebf9cfc5966b082cf9a028302ed4184","hash":"168e1c19d407d4257c5074752f107a825317898b"}
,"/home/maria-baeta/trybe/trybe-projects/sd-010-a-project-recipes-app/src/context/Context.js": {"path":"/home/maria-baeta/trybe/trybe-projects/sd-010-a-project-recipes-app/src/context/Context.js","statementMap":{"0":{"start":{"line":3,"column":16},"end":{"line":3,"column":31}}},"fnMap":{},"branchMap":{},"s":{"0":9},"f":{},"b":{},"_coverageSchema":"43e27e138ebf9cfc5966b082cf9a028302ed4184","hash":"182f8a2125e14e1286ac545179431b642340bb60"}
,"/home/maria-baeta/trybe/trybe-projects/sd-010-a-project-recipes-app/src/context/Provider.js": {"path":"/home/maria-baeta/trybe/trybe-projects/sd-010-a-project-recipes-app/src/context/Provider.js","statementMap":{"0":{"start":{"line":12,"column":30},"end":{"line":12,"column":45}},"1":{"start":{"line":13,"column":28},"end":{"line":13,"column":40}},"2":{"start":{"line":14,"column":30},"end":{"line":14,"column":42}},"3":{"start":{"line":15,"column":44},"end":{"line":15,"column":56}},"4":{"start":{"line":16,"column":46},"end":{"line":16,"column":58}},"5":{"start":{"line":17,"column":40},"end":{"line":17,"column":52}},"6":{"start":{"line":18,"column":38},"end":{"line":18,"column":53}},"7":{"start":{"line":19,"column":42},"end":{"line":19,"column":54}},"8":{"start":{"line":20,"column":34},"end":{"line":20,"column":46}},"9":{"start":{"line":21,"column":28},"end":{"line":21,"column":40}},"10":{"start":{"line":22,"column":34},"end":{"line":22,"column":46}},"11":{"start":{"line":23,"column":30},"end":{"line":23,"column":45}},"12":{"start":{"line":24,"column":38},"end":{"line":24,"column":51}},"13":{"start":{"line":25,"column":40},"end":{"line":25,"column":53}},"14":{"start":{"line":26,"column":48},"end":{"line":26,"column":60}},"15":{"start":{"line":27,"column":50},"end":{"line":27,"column":62}},"16":{"start":{"line":28,"column":48},"end":{"line":28,"column":60}},"17":{"start":{"line":29,"column":28},"end":{"line":29,"column":40}},"18":{"start":{"line":30,"column":40},"end":{"line":30,"column":52}},"19":{"start":{"line":31,"column":26},"end":{"line":31,"column":38}},"20":{"start":{"line":32,"column":40},"end":{"line":32,"column":52}},"21":{"start":{"line":33,"column":41},"end":{"line":33,"column":53}},"22":{"start":{"line":34,"column":45},"end":{"line":34,"column":57}},"23":{"start":{"line":35,"column":38},"end":{"line":35,"column":50}},"24":{"start":{"line":36,"column":43},"end":{"line":36,"column":55}},"25":{"start":{"line":37,"column":44},"end":{"line":37,"column":56}},"26":{"start":{"line":40,"column":21},"end":{"line":40,"column":68}},"27":{"start":{"line":41,"column":25},"end":{"line":41,"column":76}},"28":{"start":{"line":42,"column":22},"end":{"line":51,"column":5}},"29":{"start":{"line":43,"column":24},"end":{"line":43,"column":45}},"30":{"start":{"line":44,"column":25},"end":{"line":44,"column":47}},"31":{"start":{"line":45,"column":27},"end":{"line":45,"column":53}},"32":{"start":{"line":46,"column":28},"end":{"line":46,"column":55}},"33":{"start":{"line":47,"column":6},"end":{"line":47,"column":37}},"34":{"start":{"line":48,"column":6},"end":{"line":48,"column":26}},"35":{"start":{"line":49,"column":6},"end":{"line":49,"column":39}},"36":{"start":{"line":50,"column":6},"end":{"line":50,"column":28}},"37":{"start":{"line":52,"column":4},"end":{"line":52,"column":16}},"38":{"start":{"line":53,"column":4},"end":{"line":56,"column":5}},"39":{"start":{"line":54,"column":6},"end":{"line":54,"column":34}},"40":{"start":{"line":55,"column":6},"end":{"line":55,"column":31}},"41":{"start":{"line":57,"column":4},"end":{"line":60,"column":5}},"42":{"start":{"line":58,"column":6},"end":{"line":58,"column":31}},"43":{"start":{"line":59,"column":6},"end":{"line":59,"column":28}},"44":{"start":{"line":62,"column":26},"end":{"line":77,"column":3}},"45":{"start":{"line":63,"column":4},"end":{"line":63,"column":36}},"46":{"start":{"line":64,"column":4},"end":{"line":72,"column":5}},"47":{"start":{"line":65,"column":6},"end":{"line":65,"column":26}},"48":{"start":{"line":66,"column":6},"end":{"line":66,"column":25}},"49":{"start":{"line":67,"column":31},"end":{"line":70,"column":7}},"50":{"start":{"line":68,"column":21},"end":{"line":68,"column":63}},"51":{"start":{"line":69,"column":8},"end":{"line":69,"column":29}},"52":{"start":{"line":71,"column":6},"end":{"line":71,"column":25}},"53":{"start":{"line":72,"column":6},"end":{"line":74,"column":5}},"54":{"start":{"line":73,"column":6},"end":{"line":73,"column":27}},"55":{"start":{"line":74,"column":6},"end":{"line":76,"column":5}},"56":{"start":{"line":75,"column":6},"end":{"line":75,"column":27}},"57":{"start":{"line":79,"column":28},"end":{"line":96,"column":3}},"58":{"start":{"line":80,"column":4},"end":{"line":80,"column":36}},"59":{"start":{"line":81,"column":4},"end":{"line":89,"column":5}},"60":{"start":{"line":82,"column":6},"end":{"line":82,"column":26}},"61":{"start":{"line":83,"column":6},"end":{"line":83,"column":26}},"62":{"start":{"line":84,"column":32},"end":{"line":87,"column":7}},"63":{"start":{"line":85,"column":21},"end":{"line":85,"column":64}},"64":{"start":{"line":86,"column":8},"end":{"line":86,"column":30}},"65":{"start":{"line":88,"column":6},"end":{"line":88,"column":26}},"66":{"start":{"line":90,"column":4},"end":{"line":92,"column":5}},"67":{"start":{"line":91,"column":6},"end":{"line":91,"column":27}},"68":{"start":{"line":93,"column":4},"end":{"line":95,"column":5}},"69":{"start":{"line":94,"column":6},"end":{"line":94,"column":27}},"70":{"start":{"line":98,"column":26},"end":{"line":104,"column":3}},"71":{"start":{"line":99,"column":26},"end":{"line":102,"column":5}},"72":{"start":{"line":100,"column":19},"end":{"line":100,"column":48}},"73":{"start":{"line":101,"column":6},"end":{"line":101,"column":26}},"74":{"start":{"line":103,"column":4},"end":{"line":103,"column":22}},"75":{"start":{"line":106,"column":28},"end":{"line":112,"column":3}},"76":{"start":{"line":107,"column":27},"end":{"line":110,"column":5}},"77":{"start":{"line":108,"column":19},"end":{"line":108,"column":50}},"78":{"start":{"line":109,"column":6},"end":{"line":109,"column":27}},"79":{"start":{"line":111,"column":4},"end":{"line":111,"column":23}},"80":{"start":{"line":115,"column":23},"end":{"line":118,"column":5}},"81":{"start":{"line":116,"column":19},"end":{"line":116,"column":48}},"82":{"start":{"line":117,"column":6},"end":{"line":117,"column":31}},"83":{"start":{"line":119,"column":4},"end":{"line":119,"column":17}},"84":{"start":{"line":123,"column":23},"end":{"line":126,"column":5}},"85":{"start":{"line":124,"column":19},"end":{"line":124,"column":49}},"86":{"start":{"line":125,"column":6},"end":{"line":125,"column":32}},"87":{"start":{"line":127,"column":4},"end":{"line":127,"column":17}},"88":{"start":{"line":131,"column":4},"end":{"line":135,"column":5}},"89":{"start":{"line":132,"column":6},"end":{"line":132,"column":38}},"90":{"start":{"line":133,"column":6},"end":{"line":133,"column":71}},"91":{"start":{"line":134,"column":6},"end":{"line":134,"column":35}},"92":{"start":{"line":136,"column":4},"end":{"line":138,"column":5}},"93":{"start":{"line":137,"column":6},"end":{"line":137,"column":49}},"94":{"start":{"line":142,"column":4},"end":{"line":142,"column":63}},"95":{"start":{"line":142,"column":51},"end":{"line":142,"column":63}},"96":{"start":{"line":143,"column":4},"end":{"line":144,"column":52}},"97":{"start":{"line":148,"column":4},"end":{"line":148,"column":57}},"98":{"start":{"line":148,"column":45},"end":{"line":148,"column":57}},"99":{"start":{"line":149,"column":4},"end":{"line":149,"column":60}},"100":{"start":{"line":153,"column":4},"end":{"line":153,"column":61}},"101":{"start":{"line":153,"column":49},"end":{"line":153,"column":61}},"102":{"start":{"line":154,"column":4},"end":{"line":154,"column":64}},"103":{"start":{"line":157,"column":2},"end":{"line":164,"column":9}},"104":{"start":{"line":158,"column":4},"end":{"line":158,"column":22}},"105":{"start":{"line":159,"column":4},"end":{"line":159,"column":24}},"106":{"start":{"line":160,"column":4},"end":{"line":160,"column":25}},"107":{"start":{"line":161,"column":4},"end":{"line":161,"column":23}},"108":{"start":{"line":162,"column":4},"end":{"line":162,"column":26}},"109":{"start":{"line":163,"column":4},"end":{"line":163,"column":25}},"110":{"start":{"line":166,"column":20},"end":{"line":217,"column":3}},"111":{"start":{"line":219,"column":2},"end":{"line":223,"column":4}},"112":{"start":{"line":226,"column":0},"end":{"line":228,"column":13}}},"fnMap":{"0":{"name":"Provider","decl":{"start":{"line":11,"column":9},"end":{"line":11,"column":17}},"loc":{"start":{"line":11,"column":32},"end":{"line":224,"column":1}},"line":11},"1":{"name":"getInFormations","decl":{"start":{"line":39,"column":11},"end":{"line":39,"column":26}},"loc":{"start":{"line":39,"column":29},"end":{"line":61,"column":3}},"line":39},"2":{"name":"(anonymous_2)","decl":{"start":{"line":42,"column":22},"end":{"line":42,"column":23}},"loc":{"start":{"line":42,"column":34},"end":{"line":51,"column":5}},"line":42},"3":{"name":"(anonymous_3)","decl":{"start":{"line":62,"column":26},"end":{"line":62,"column":27}},"loc":{"start":{"line":62,"column":33},"end":{"line":77,"column":3}},"line":62},"4":{"name":"(anonymous_4)","decl":{"start":{"line":67,"column":31},"end":{"line":67,"column":32}},"loc":{"start":{"line":67,"column":43},"end":{"line":70,"column":7}},"line":67},"5":{"name":"(anonymous_5)","decl":{"start":{"line":79,"column":28},"end":{"line":79,"column":29}},"loc":{"start":{"line":79,"column":35},"end":{"line":96,"column":3}},"line":79},"6":{"name":"(anonymous_6)","decl":{"start":{"line":84,"column":32},"end":{"line":84,"column":33}},"loc":{"start":{"line":84,"column":44},"end":{"line":87,"column":7}},"line":84},"7":{"name":"(anonymous_7)","decl":{"start":{"line":98,"column":26},"end":{"line":98,"column":27}},"loc":{"start":{"line":98,"column":34},"end":{"line":104,"column":3}},"line":98},"8":{"name":"(anonymous_8)","decl":{"start":{"line":99,"column":26},"end":{"line":99,"column":27}},"loc":{"start":{"line":99,"column":44},"end":{"line":102,"column":5}},"line":99},"9":{"name":"(anonymous_9)","decl":{"start":{"line":106,"column":28},"end":{"line":106,"column":29}},"loc":{"start":{"line":106,"column":36},"end":{"line":112,"column":3}},"line":106},"10":{"name":"(anonymous_10)","decl":{"start":{"line":107,"column":27},"end":{"line":107,"column":28}},"loc":{"start":{"line":107,"column":46},"end":{"line":110,"column":5}},"line":107},"11":{"name":"foodsRecommendedF","decl":{"start":{"line":114,"column":11},"end":{"line":114,"column":28}},"loc":{"start":{"line":114,"column":31},"end":{"line":120,"column":3}},"line":114},"12":{"name":"(anonymous_12)","decl":{"start":{"line":115,"column":23},"end":{"line":115,"column":24}},"loc":{"start":{"line":115,"column":35},"end":{"line":118,"column":5}},"line":115},"13":{"name":"drinksRecommendedF","decl":{"start":{"line":122,"column":11},"end":{"line":122,"column":29}},"loc":{"start":{"line":122,"column":32},"end":{"line":128,"column":3}},"line":122},"14":{"name":"(anonymous_14)","decl":{"start":{"line":123,"column":23},"end":{"line":123,"column":24}},"loc":{"start":{"line":123,"column":35},"end":{"line":126,"column":5}},"line":123},"15":{"name":"clickSetProgress","decl":{"start":{"line":130,"column":11},"end":{"line":130,"column":27}},"loc":{"start":{"line":130,"column":56},"end":{"line":139,"column":3}},"line":130},"16":{"name":"initProgressInLS","decl":{"start":{"line":141,"column":11},"end":{"line":141,"column":27}},"loc":{"start":{"line":141,"column":30},"end":{"line":145,"column":3}},"line":141},"17":{"name":"initDoneRecipesInLS","decl":{"start":{"line":147,"column":11},"end":{"line":147,"column":30}},"loc":{"start":{"line":147,"column":33},"end":{"line":150,"column":3}},"line":147},"18":{"name":"initFavRecipesInLS","decl":{"start":{"line":152,"column":11},"end":{"line":152,"column":29}},"loc":{"start":{"line":152,"column":32},"end":{"line":155,"column":3}},"line":152},"19":{"name":"(anonymous_19)","decl":{"start":{"line":157,"column":12},"end":{"line":157,"column":13}},"loc":{"start":{"line":157,"column":18},"end":{"line":164,"column":3}},"line":157}},"branchMap":{"0":{"loc":{"start":{"line":53,"column":4},"end":{"line":56,"column":5}},"type":"if","locations":[{"start":{"line":53,"column":4},"end":{"line":56,"column":5}},{"start":{"line":53,"column":4},"end":{"line":56,"column":5}}],"line":53},"1":{"loc":{"start":{"line":57,"column":4},"end":{"line":60,"column":5}},"type":"if","locations":[{"start":{"line":57,"column":4},"end":{"line":60,"column":5}},{"start":{"line":57,"column":4},"end":{"line":60,"column":5}}],"line":57},"2":{"loc":{"start":{"line":64,"column":4},"end":{"line":72,"column":5}},"type":"if","locations":[{"start":{"line":64,"column":4},"end":{"line":72,"column":5}},{"start":{"line":64,"column":4},"end":{"line":72,"column":5}}],"line":64},"3":{"loc":{"start":{"line":72,"column":6},"end":{"line":74,"column":5}},"type":"if","locations":[{"start":{"line":72,"column":6},"end":{"line":74,"column":5}},{"start":{"line":72,"column":6},"end":{"line":74,"column":5}}],"line":72},"4":{"loc":{"start":{"line":74,"column":6},"end":{"line":76,"column":5}},"type":"if","locations":[{"start":{"line":74,"column":6},"end":{"line":76,"column":5}},{"start":{"line":74,"column":6},"end":{"line":76,"column":5}}],"line":74},"5":{"loc":{"start":{"line":81,"column":4},"end":{"line":89,"column":5}},"type":"if","locations":[{"start":{"line":81,"column":4},"end":{"line":89,"column":5}},{"start":{"line":81,"column":4},"end":{"line":89,"column":5}}],"line":81},"6":{"loc":{"start":{"line":90,"column":4},"end":{"line":92,"column":5}},"type":"if","locations":[{"start":{"line":90,"column":4},"end":{"line":92,"column":5}},{"start":{"line":90,"column":4},"end":{"line":92,"column":5}}],"line":90},"7":{"loc":{"start":{"line":93,"column":4},"end":{"line":95,"column":5}},"type":"if","locations":[{"start":{"line":93,"column":4},"end":{"line":95,"column":5}},{"start":{"line":93,"column":4},"end":{"line":95,"column":5}}],"line":93},"8":{"loc":{"start":{"line":131,"column":4},"end":{"line":135,"column":5}},"type":"if","locations":[{"start":{"line":131,"column":4},"end":{"line":135,"column":5}},{"start":{"line":131,"column":4},"end":{"line":135,"column":5}}],"line":131},"9":{"loc":{"start":{"line":136,"column":4},"end":{"line":138,"column":5}},"type":"if","locations":[{"start":{"line":136,"column":4},"end":{"line":138,"column":5}},{"start":{"line":136,"column":4},"end":{"line":138,"column":5}}],"line":136},"10":{"loc":{"start":{"line":142,"column":4},"end":{"line":142,"column":63}},"type":"if","locations":[{"start":{"line":142,"column":4},"end":{"line":142,"column":63}},{"start":{"line":142,"column":4},"end":{"line":142,"column":63}}],"line":142},"11":{"loc":{"start":{"line":148,"column":4},"end":{"line":148,"column":57}},"type":"if","locations":[{"start":{"line":148,"column":4},"end":{"line":148,"column":57}},{"start":{"line":148,"column":4},"end":{"line":148,"column":57}}],"line":148},"12":{"loc":{"start":{"line":153,"column":4},"end":{"line":153,"column":61}},"type":"if","locations":[{"start":{"line":153,"column":4},"end":{"line":153,"column":61}},{"start":{"line":153,"column":4},"end":{"line":153,"column":61}}],"line":153}},"s":{"0":160,"1":160,"2":160,"3":160,"4":160,"5":160,"6":160,"7":160,"8":160,"9":160,"10":160,"11":160,"12":160,"13":160,"14":160,"15":160,"16":160,"17":160,"18":160,"19":160,"20":160,"21":160,"22":160,"23":160,"24":160,"25":160,"26":44,"27":44,"28":44,"29":44,"30":4,"31":4,"32":4,"33":4,"34":4,"35":4,"36":4,"37":44,"38":44,"39":44,"40":44,"41":44,"42":44,"43":44,"44":160,"45":0,"46":0,"47":0,"48":0,"49":0,"50":0,"51":0,"52":0,"53":0,"54":0,"55":0,"56":0,"57":160,"58":0,"59":0,"60":0,"61":0,"62":0,"63":0,"64":0,"65":0,"66":0,"67":0,"68":0,"69":0,"70":160,"71":0,"72":0,"73":0,"74":0,"75":160,"76":0,"77":0,"78":0,"79":0,"80":44,"81":44,"82":4,"83":44,"84":44,"85":44,"86":4,"87":44,"88":0,"89":0,"90":0,"91":0,"92":0,"93":0,"94":44,"95":35,"96":9,"97":44,"98":35,"99":9,"100":44,"101":35,"102":9,"103":160,"104":44,"105":44,"106":44,"107":44,"108":44,"109":44,"110":160,"111":160,"112":9},"f":{"0":160,"1":44,"2":44,"3":0,"4":0,"5":0,"6":0,"7":0,"8":0,"9":0,"10":0,"11":44,"12":44,"13":44,"14":44,"15":0,"16":44,"17":44,"18":44,"19":44},"b":{"0":[44,0],"1":[44,0],"2":[0,0],"3":[0,0],"4":[0,0],"5":[0,0],"6":[0,0],"7":[0,0],"8":[0,0],"9":[0,0],"10":[35,9],"11":[35,9],"12":[35,9]},"_coverageSchema":"43e27e138ebf9cfc5966b082cf9a028302ed4184","hash":"0c3d472ec97a6f8193169fa9171904b3bedc7731"}
,"/home/maria-baeta/trybe/trybe-projects/sd-010-a-project-recipes-app/src/pages/DetailsPages/ComponentAux.js": {"path":"/home/maria-baeta/trybe/trybe-projects/sd-010-a-project-recipes-app/src/pages/DetailsPages/ComponentAux.js","statementMap":{"0":{"start":{"line":15,"column":38},"end":{"line":15,"column":44}},"1":{"start":{"line":17,"column":2},"end":{"line":30,"column":4}}},"fnMap":{"0":{"name":"ComponentAux","decl":{"start":{"line":14,"column":9},"end":{"line":14,"column":21}},"loc":{"start":{"line":14,"column":30},"end":{"line":31,"column":1}},"line":14}},"branchMap":{"0":{"loc":{"start":{"line":19,"column":22},"end":{"line":19,"column":47}},"type":"binary-expr","locations":[{"start":{"line":19,"column":22},"end":{"line":19,"column":32}},{"start":{"line":19,"column":36},"end":{"line":19,"column":47}}],"line":19},"1":{"loc":{"start":{"line":20,"column":24},"end":{"line":20,"column":49}},"type":"binary-expr","locations":[{"start":{"line":20,"column":24},"end":{"line":20,"column":34}},{"start":{"line":20,"column":38},"end":{"line":20,"column":49}}],"line":20},"2":{"loc":{"start":{"line":22,"column":30},"end":{"line":22,"column":55}},"type":"binary-expr","locations":[{"start":{"line":22,"column":30},"end":{"line":22,"column":40}},{"start":{"line":22,"column":44},"end":{"line":22,"column":55}}],"line":22},"3":{"loc":{"start":{"line":23,"column":31},"end":{"line":23,"column":56}},"type":"binary-expr","locations":[{"start":{"line":23,"column":31},"end":{"line":23,"column":41}},{"start":{"line":23,"column":45},"end":{"line":23,"column":56}}],"line":23},"4":{"loc":{"start":{"line":24,"column":10},"end":{"line":24,"column":71}},"type":"cond-expr","locations":[{"start":{"line":24,"column":24},"end":{"line":24,"column":28}},{"start":{"line":24,"column":31},"end":{"line":24,"column":71}}],"line":24},"5":{"loc":{"start":{"line":25,"column":9},"end":{"line":25,"column":60}},"type":"cond-expr","locations":[{"start":{"line":25,"column":23},"end":{"line":25,"column":37}},{"start":{"line":25,"column":40},"end":{"line":25,"column":60}}],"line":25},"6":{"loc":{"start":{"line":27,"column":8},"end":{"line":28,"column":58}},"type":"cond-expr","locations":[{"start":{"line":27,"column":21},"end":{"line":27,"column":67}},{"start":{"line":28,"column":10},"end":{"line":28,"column":58}}],"line":27}},"s":{"0":0,"1":0},"f":{"0":0},"b":{"0":[0,0],"1":[0,0],"2":[0,0],"3":[0,0],"4":[0,0],"5":[0,0],"6":[0,0]},"_coverageSchema":"43e27e138ebf9cfc5966b082cf9a028302ed4184","hash":"36f9a4a8cf196658b698c9dfe621e21cfa7e52f4"}
,"/home/maria-baeta/trybe/trybe-projects/sd-010-a-project-recipes-app/src/pages/DetailsPages/ComponentAuxProgress.js": {"path":"/home/maria-baeta/trybe/trybe-projects/sd-010-a-project-recipes-app/src/pages/DetailsPages/ComponentAuxProgress.js","statementMap":{"0":{"start":{"line":14,"column":42},"end":{"line":14,"column":61}},"1":{"start":{"line":15,"column":38},"end":{"line":15,"column":44}},"2":{"start":{"line":16,"column":22},"end":{"line":25,"column":3}},"3":{"start":{"line":17,"column":4},"end":{"line":17,"column":24}},"4":{"start":{"line":18,"column":21},"end":{"line":18,"column":68}},"5":{"start":{"line":19,"column":4},"end":{"line":22,"column":5}},"6":{"start":{"line":20,"column":6},"end":{"line":20,"column":31}},"7":{"start":{"line":21,"column":6},"end":{"line":21,"column":28}},"8":{"start":{"line":26,"column":2},"end":{"line":48,"column":4}},"9":{"start":{"line":40,"column":28},"end":{"line":40,"column":41}}},"fnMap":{"0":{"name":"ComponentAuxProgress","decl":{"start":{"line":13,"column":9},"end":{"line":13,"column":29}},"loc":{"start":{"line":13,"column":38},"end":{"line":49,"column":1}},"line":13},"1":{"name":"(anonymous_1)","decl":{"start":{"line":16,"column":22},"end":{"line":16,"column":23}},"loc":{"start":{"line":16,"column":28},"end":{"line":25,"column":3}},"line":16},"2":{"name":"(anonymous_2)","decl":{"start":{"line":40,"column":22},"end":{"line":40,"column":23}},"loc":{"start":{"line":40,"column":28},"end":{"line":40,"column":41}},"line":40}},"branchMap":{"0":{"loc":{"start":{"line":19,"column":4},"end":{"line":22,"column":5}},"type":"if","locations":[{"start":{"line":19,"column":4},"end":{"line":22,"column":5}},{"start":{"line":19,"column":4},"end":{"line":22,"column":5}}],"line":19},"1":{"loc":{"start":{"line":28,"column":22},"end":{"line":28,"column":47}},"type":"binary-expr","locations":[{"start":{"line":28,"column":22},"end":{"line":28,"column":32}},{"start":{"line":28,"column":36},"end":{"line":28,"column":47}}],"line":28},"2":{"loc":{"start":{"line":29,"column":24},"end":{"line":29,"column":49}},"type":"binary-expr","locations":[{"start":{"line":29,"column":24},"end":{"line":29,"column":34}},{"start":{"line":29,"column":38},"end":{"line":29,"column":49}}],"line":29},"3":{"loc":{"start":{"line":31,"column":36},"end":{"line":31,"column":61}},"type":"binary-expr","locations":[{"start":{"line":31,"column":36},"end":{"line":31,"column":46}},{"start":{"line":31,"column":50},"end":{"line":31,"column":61}}],"line":31},"4":{"loc":{"start":{"line":32,"column":31},"end":{"line":32,"column":56}},"type":"binary-expr","locations":[{"start":{"line":32,"column":31},"end":{"line":32,"column":41}},{"start":{"line":32,"column":45},"end":{"line":32,"column":56}}],"line":32},"5":{"loc":{"start":{"line":33,"column":9},"end":{"line":33,"column":60}},"type":"cond-expr","locations":[{"start":{"line":33,"column":23},"end":{"line":33,"column":37}},{"start":{"line":33,"column":40},"end":{"line":33,"column":60}}],"line":33}},"s":{"0":0,"1":0,"2":0,"3":0,"4":0,"5":0,"6":0,"7":0,"8":0,"9":0},"f":{"0":0,"1":0,"2":0},"b":{"0":[0,0],"1":[0,0],"2":[0,0],"3":[0,0],"4":[0,0],"5":[0,0]},"_coverageSchema":"43e27e138ebf9cfc5966b082cf9a028302ed4184","hash":"0cc0f0f7f20b330ffd1e2a04dd7ddefcc4b6d2f7"}
,"/home/maria-baeta/trybe/trybe-projects/sd-010-a-project-recipes-app/src/pages/DetailsPages/DetailsDrinkRecipe.jsx": {"path":"/home/maria-baeta/trybe/trybe-projects/sd-010-a-project-recipes-app/src/pages/DetailsPages/DetailsDrinkRecipe.jsx","statementMap":{"0":{"start":{"line":16,"column":27},"end":{"line":35,"column":1}},"1":{"start":{"line":18,"column":13},"end":{"line":18,"column":55}},"2":{"start":{"line":19,"column":32},"end":{"line":19,"column":46}},"3":{"start":{"line":20,"column":40},"end":{"line":20,"column":52}},"4":{"start":{"line":21,"column":2},"end":{"line":29,"column":11}},"5":{"start":{"line":23,"column":18},"end":{"line":23,"column":95}},"6":{"start":{"line":24,"column":19},"end":{"line":24,"column":35}},"7":{"start":{"line":25,"column":6},"end":{"line":25,"column":37}},"8":{"start":{"line":26,"column":6},"end":{"line":26,"column":24}},"9":{"start":{"line":28,"column":4},"end":{"line":28,"column":16}},"10":{"start":{"line":31,"column":2},"end":{"line":34,"column":4}}},"fnMap":{"0":{"name":"(anonymous_0)","decl":{"start":{"line":16,"column":27},"end":{"line":16,"column":28}},"loc":{"start":{"line":16,"column":33},"end":{"line":35,"column":1}},"line":16},"1":{"name":"(anonymous_1)","decl":{"start":{"line":21,"column":12},"end":{"line":21,"column":13}},"loc":{"start":{"line":21,"column":18},"end":{"line":29,"column":3}},"line":21},"2":{"name":"getRecipe","decl":{"start":{"line":22,"column":19},"end":{"line":22,"column":28}},"loc":{"start":{"line":22,"column":31},"end":{"line":27,"column":5}},"line":22}},"branchMap":{"0":{"loc":{"start":{"line":32,"column":4},"end":{"line":33,"column":52}},"type":"cond-expr","locations":[{"start":{"line":32,"column":14},"end":{"line":32,"column":64}},{"start":{"line":33,"column":8},"end":{"line":33,"column":52}}],"line":32}},"s":{"0":4,"1":0,"2":0,"3":0,"4":0,"5":0,"6":0,"7":0,"8":0,"9":0,"10":0},"f":{"0":0,"1":0,"2":0},"b":{"0":[0,0]},"_coverageSchema":"43e27e138ebf9cfc5966b082cf9a028302ed4184","hash":"7f66d91ef3058878c676d581f5caa3c1cd71dd10"}
,"/home/maria-baeta/trybe/trybe-projects/sd-010-a-project-recipes-app/src/pages/DetailsPages/DetailsFoodRecipe.jsx": {"path":"/home/maria-baeta/trybe/trybe-projects/sd-010-a-project-recipes-app/src/pages/DetailsPages/DetailsFoodRecipe.jsx","statementMap":{"0":{"start":{"line":18,"column":26},"end":{"line":39,"column":1}},"1":{"start":{"line":21,"column":13},"end":{"line":21,"column":55}},"2":{"start":{"line":22,"column":32},"end":{"line":22,"column":46}},"3":{"start":{"line":23,"column":38},"end":{"line":23,"column":50}},"4":{"start":{"line":25,"column":2},"end":{"line":33,"column":11}},"5":{"start":{"line":27,"column":18},"end":{"line":27,"column":91}},"6":{"start":{"line":28,"column":19},"end":{"line":28,"column":35}},"7":{"start":{"line":29,"column":6},"end":{"line":29,"column":35}},"8":{"start":{"line":30,"column":6},"end":{"line":30,"column":24}},"9":{"start":{"line":32,"column":4},"end":{"line":32,"column":16}},"10":{"start":{"line":35,"column":2},"end":{"line":38,"column":4}}},"fnMap":{"0":{"name":"(anonymous_0)","decl":{"start":{"line":18,"column":26},"end":{"line":18,"column":27}},"loc":{"start":{"line":18,"column":32},"end":{"line":39,"column":1}},"line":18},"1":{"name":"(anonymous_1)","decl":{"start":{"line":25,"column":12},"end":{"line":25,"column":13}},"loc":{"start":{"line":25,"column":18},"end":{"line":33,"column":3}},"line":25},"2":{"name":"getRecipe","decl":{"start":{"line":26,"column":19},"end":{"line":26,"column":28}},"loc":{"start":{"line":26,"column":31},"end":{"line":31,"column":5}},"line":26}},"branchMap":{"0":{"loc":{"start":{"line":36,"column":4},"end":{"line":37,"column":50}},"type":"cond-expr","locations":[{"start":{"line":36,"column":14},"end":{"line":36,"column":64}},{"start":{"line":37,"column":8},"end":{"line":37,"column":50}}],"line":36}},"s":{"0":4,"1":0,"2":0,"3":0,"4":0,"5":0,"6":0,"7":0,"8":0,"9":0,"10":0},"f":{"0":0,"1":0,"2":0},"b":{"0":[0,0]},"_coverageSchema":"43e27e138ebf9cfc5966b082cf9a028302ed4184","hash":"e6e80c83ba287dcbcc3d101a61298dbc11ce2e1e"}
,"/home/maria-baeta/trybe/trybe-projects/sd-010-a-project-recipes-app/src/pages/DetailsPages/DetailsInProgressDrink.jsx": {"path":"/home/maria-baeta/trybe/trybe-projects/sd-010-a-project-recipes-app/src/pages/DetailsPages/DetailsInProgressDrink.jsx","statementMap":{"0":{"start":{"line":7,"column":13},"end":{"line":7,"column":55}},"1":{"start":{"line":8,"column":32},"end":{"line":8,"column":46}},"2":{"start":{"line":9,"column":56},"end":{"line":9,"column":68}},"3":{"start":{"line":10,"column":2},"end":{"line":18,"column":11}},"4":{"start":{"line":12,"column":18},"end":{"line":12,"column":95}},"5":{"start":{"line":13,"column":19},"end":{"line":13,"column":35}},"6":{"start":{"line":14,"column":6},"end":{"line":14,"column":45}},"7":{"start":{"line":15,"column":6},"end":{"line":15,"column":24}},"8":{"start":{"line":17,"column":4},"end":{"line":17,"column":16}},"9":{"start":{"line":19,"column":2},"end":{"line":22,"column":4}}},"fnMap":{"0":{"name":"DetailsInProgressDrink","decl":{"start":{"line":5,"column":9},"end":{"line":5,"column":31}},"loc":{"start":{"line":5,"column":34},"end":{"line":23,"column":1}},"line":5},"1":{"name":"(anonymous_1)","decl":{"start":{"line":10,"column":12},"end":{"line":10,"column":13}},"loc":{"start":{"line":10,"column":18},"end":{"line":18,"column":3}},"line":10},"2":{"name":"getRecipe","decl":{"start":{"line":11,"column":19},"end":{"line":11,"column":28}},"loc":{"start":{"line":11,"column":31},"end":{"line":16,"column":5}},"line":11}},"branchMap":{"0":{"loc":{"start":{"line":20,"column":4},"end":{"line":21,"column":68}},"type":"cond-expr","locations":[{"start":{"line":20,"column":14},"end":{"line":20,"column":64}},{"start":{"line":21,"column":8},"end":{"line":21,"column":68}}],"line":20}},"s":{"0":0,"1":0,"2":0,"3":0,"4":0,"5":0,"6":0,"7":0,"8":0,"9":0},"f":{"0":0,"1":0,"2":0},"b":{"0":[0,0]},"_coverageSchema":"43e27e138ebf9cfc5966b082cf9a028302ed4184","hash":"96bd8861eea6db72e0ef6ce6edb7e23b6a6e417c"}
,"/home/maria-baeta/trybe/trybe-projects/sd-010-a-project-recipes-app/src/pages/DetailsPages/DetailsInProgressFood.jsx": {"path":"/home/maria-baeta/trybe/trybe-projects/sd-010-a-project-recipes-app/src/pages/DetailsPages/DetailsInProgressFood.jsx","statementMap":{"0":{"start":{"line":7,"column":13},"end":{"line":7,"column":55}},"1":{"start":{"line":8,"column":32},"end":{"line":8,"column":46}},"2":{"start":{"line":9,"column":54},"end":{"line":9,"column":66}},"3":{"start":{"line":10,"column":2},"end":{"line":18,"column":11}},"4":{"start":{"line":12,"column":18},"end":{"line":12,"column":91}},"5":{"start":{"line":13,"column":19},"end":{"line":13,"column":35}},"6":{"start":{"line":14,"column":6},"end":{"line":14,"column":43}},"7":{"start":{"line":15,"column":6},"end":{"line":15,"column":24}},"8":{"start":{"line":17,"column":4},"end":{"line":17,"column":16}},"9":{"start":{"line":19,"column":2},"end":{"line":22,"column":4}}},"fnMap":{"0":{"name":"DetailsInProgressFood","decl":{"start":{"line":5,"column":9},"end":{"line":5,"column":30}},"loc":{"start":{"line":5,"column":33},"end":{"line":23,"column":1}},"line":5},"1":{"name":"(anonymous_1)","decl":{"start":{"line":10,"column":12},"end":{"line":10,"column":13}},"loc":{"start":{"line":10,"column":18},"end":{"line":18,"column":3}},"line":10},"2":{"name":"getRecipe","decl":{"start":{"line":11,"column":19},"end":{"line":11,"column":28}},"loc":{"start":{"line":11,"column":31},"end":{"line":16,"column":5}},"line":11}},"branchMap":{"0":{"loc":{"start":{"line":20,"column":4},"end":{"line":21,"column":66}},"type":"cond-expr","locations":[{"start":{"line":20,"column":14},"end":{"line":20,"column":64}},{"start":{"line":21,"column":8},"end":{"line":21,"column":66}}],"line":20}},"s":{"0":0,"1":0,"2":0,"3":0,"4":0,"5":0,"6":0,"7":0,"8":0,"9":0},"f":{"0":0,"1":0,"2":0},"b":{"0":[0,0]},"_coverageSchema":"43e27e138ebf9cfc5966b082cf9a028302ed4184","hash":"138f9602b73459f35f7fa83aaf40cf627a5d943f"}
,"/home/maria-baeta/trybe/trybe-projects/sd-010-a-project-recipes-app/src/pages/DetailsPages/components/Heading.jsx": {"path":"/home/maria-baeta/trybe/trybe-projects/sd-010-a-project-recipes-app/src/pages/DetailsPages/components/Heading.jsx","statementMap":{"0":{"start":{"line":6,"column":16},"end":{"line":15,"column":1}},"1":{"start":{"line":7,"column":2},"end":{"line":14,"column":8}},"2":{"start":{"line":17,"column":0},"end":{"line":19,"column":13}}},"fnMap":{"0":{"name":"(anonymous_0)","decl":{"start":{"line":6,"column":16},"end":{"line":6,"column":17}},"loc":{"start":{"line":7,"column":2},"end":{"line":14,"column":8}},"line":7}},"branchMap":{"0":{"loc":{"start":{"line":9,"column":39},"end":{"line":9,"column":72}},"type":"binary-expr","locations":[{"start":{"line":9,"column":39},"end":{"line":9,"column":53}},{"start":{"line":9,"column":57},"end":{"line":9,"column":72}}],"line":9},"1":{"loc":{"start":{"line":10,"column":41},"end":{"line":10,"column":82}},"type":"binary-expr","locations":[{"start":{"line":10,"column":41},"end":{"line":10,"column":60}},{"start":{"line":10,"column":64},"end":{"line":10,"column":82}}],"line":10}},"s":{"0":4,"1":0,"2":4},"f":{"0":0},"b":{"0":[0,0],"1":[0,0]},"_coverageSchema":"43e27e138ebf9cfc5966b082cf9a028302ed4184","hash":"a08af5e944cae4c6ef6c98947de613f8237c55d8"}
,"/home/maria-baeta/trybe/trybe-projects/sd-010-a-project-recipes-app/src/pages/DetailsPages/components/Ingredients.jsx": {"path":"/home/maria-baeta/trybe/trybe-projects/sd-010-a-project-recipes-app/src/pages/DetailsPages/components/Ingredients.jsx","statementMap":{"0":{"start":{"line":5,"column":20},"end":{"line":29,"column":1}},"1":{"start":{"line":6,"column":25},"end":{"line":6,"column":51}},"2":{"start":{"line":7,"column":19},"end":{"line":7,"column":21}},"3":{"start":{"line":8,"column":2},"end":{"line":10,"column":3}},"4":{"start":{"line":9,"column":4},"end":{"line":9,"column":48}},"5":{"start":{"line":11,"column":2},"end":{"line":28,"column":4}},"6":{"start":{"line":18,"column":14},"end":{"line":24,"column":19}},"7":{"start":{"line":31,"column":0},"end":{"line":33,"column":13}}},"fnMap":{"0":{"name":"(anonymous_0)","decl":{"start":{"line":5,"column":20},"end":{"line":5,"column":21}},"loc":{"start":{"line":5,"column":36},"end":{"line":29,"column":1}},"line":5},"1":{"name":"(anonymous_1)","decl":{"start":{"line":17,"column":17},"end":{"line":17,"column":18}},"loc":{"start":{"line":18,"column":14},"end":{"line":24,"column":19}},"line":18}},"branchMap":{"0":{"loc":{"start":{"line":8,"column":2},"end":{"line":10,"column":3}},"type":"if","locations":[{"start":{"line":8,"column":2},"end":{"line":10,"column":3}},{"start":{"line":8,"column":2},"end":{"line":10,"column":3}}],"line":8}},"s":{"0":4,"1":0,"2":0,"3":0,"4":0,"5":0,"6":0,"7":4},"f":{"0":0,"1":0},"b":{"0":[0,0]},"_coverageSchema":"43e27e138ebf9cfc5966b082cf9a028302ed4184","hash":"b4cb1c110c5a2f047ec7044f110cb198020021c3"}
,"/home/maria-baeta/trybe/trybe-projects/sd-010-a-project-recipes-app/src/pages/DetailsPages/components/IngredinetsRadio.jsx": {"path":"/home/maria-baeta/trybe/trybe-projects/sd-010-a-project-recipes-app/src/pages/DetailsPages/components/IngredinetsRadio.jsx","statementMap":{"0":{"start":{"line":7,"column":33},"end":{"line":7,"column":57}},"1":{"start":{"line":10,"column":20},"end":{"line":10,"column":63}},"2":{"start":{"line":11,"column":24},"end":{"line":11,"column":62}},"3":{"start":{"line":13,"column":22},"end":{"line":13,"column":52}},"4":{"start":{"line":15,"column":2},"end":{"line":15,"column":32}},"5":{"start":{"line":15,"column":20},"end":{"line":15,"column":32}},"6":{"start":{"line":16,"column":2},"end":{"line":25,"column":3}},"7":{"start":{"line":16,"column":15},"end":{"line":16,"column":16}},"8":{"start":{"line":18,"column":4},"end":{"line":24,"column":5}},"9":{"start":{"line":19,"column":6},"end":{"line":19,"column":34}},"10":{"start":{"line":21,"column":6},"end":{"line":21,"column":49}},"11":{"start":{"line":22,"column":6},"end":{"line":22,"column":65}},"12":{"start":{"line":23,"column":6},"end":{"line":23,"column":60}},"13":{"start":{"line":29,"column":20},"end":{"line":29,"column":63}},"14":{"start":{"line":30,"column":19},"end":{"line":30,"column":21}},"15":{"start":{"line":32,"column":2},"end":{"line":34,"column":5}},"16":{"start":{"line":33,"column":4},"end":{"line":33,"column":56}},"17":{"start":{"line":33,"column":26},"end":{"line":33,"column":56}},"18":{"start":{"line":35,"column":2},"end":{"line":41,"column":3}},"19":{"start":{"line":36,"column":25},"end":{"line":36,"column":64}},"20":{"start":{"line":37,"column":4},"end":{"line":37,"column":37}},"21":{"start":{"line":39,"column":25},"end":{"line":39,"column":64}},"22":{"start":{"line":40,"column":4},"end":{"line":40,"column":36}},"23":{"start":{"line":44,"column":26},"end":{"line":119,"column":1}},"24":{"start":{"line":45,"column":25},"end":{"line":45,"column":51}},"25":{"start":{"line":46,"column":19},"end":{"line":46,"column":21}},"26":{"start":{"line":47,"column":2},"end":{"line":49,"column":3}},"27":{"start":{"line":48,"column":4},"end":{"line":48,"column":48}},"28":{"start":{"line":52,"column":19},"end":{"line":52,"column":57}},"29":{"start":{"line":54,"column":20},"end":{"line":54,"column":31}},"30":{"start":{"line":55,"column":4},"end":{"line":61,"column":5}},"31":{"start":{"line":56,"column":6},"end":{"line":56,"column":53}},"32":{"start":{"line":57,"column":6},"end":{"line":57,"column":56}},"33":{"start":{"line":59,"column":6},"end":{"line":59,"column":64}},"34":{"start":{"line":60,"column":6},"end":{"line":60,"column":59}},"35":{"start":{"line":65,"column":4},"end":{"line":65,"column":25}},"36":{"start":{"line":66,"column":4},"end":{"line":66,"column":26}},"37":{"start":{"line":68,"column":22},"end":{"line":68,"column":65}},"38":{"start":{"line":69,"column":21},"end":{"line":69,"column":23}},"39":{"start":{"line":70,"column":4},"end":{"line":72,"column":7}},"40":{"start":{"line":71,"column":6},"end":{"line":71,"column":58}},"41":{"start":{"line":71,"column":28},"end":{"line":71,"column":58}},"42":{"start":{"line":74,"column":32},"end":{"line":74,"column":38}},"43":{"start":{"line":75,"column":4},"end":{"line":77,"column":5}},"44":{"start":{"line":76,"column":6},"end":{"line":76,"column":52}},"45":{"start":{"line":78,"column":4},"end":{"line":80,"column":5}},"46":{"start":{"line":79,"column":6},"end":{"line":79,"column":54}},"47":{"start":{"line":82,"column":2},"end":{"line":84,"column":15}},"48":{"start":{"line":83,"column":4},"end":{"line":83,"column":36}},"49":{"start":{"line":86,"column":2},"end":{"line":88,"column":5}},"50":{"start":{"line":87,"column":4},"end":{"line":87,"column":26}},"51":{"start":{"line":90,"column":2},"end":{"line":118,"column":4}},"52":{"start":{"line":93,"column":8},"end":{"line":114,"column":13}},"53":{"start":{"line":106,"column":30},"end":{"line":106,"column":45}},"54":{"start":{"line":121,"column":0},"end":{"line":123,"column":13}}},"fnMap":{"0":{"name":"altTextDecorationWithId","decl":{"start":{"line":9,"column":9},"end":{"line":9,"column":32}},"loc":{"start":{"line":9,"column":42},"end":{"line":26,"column":1}},"line":9},"1":{"name":"observeAndEnableBtn","decl":{"start":{"line":28,"column":9},"end":{"line":28,"column":28}},"loc":{"start":{"line":28,"column":31},"end":{"line":42,"column":1}},"line":28},"2":{"name":"(anonymous_2)","decl":{"start":{"line":32,"column":20},"end":{"line":32,"column":21}},"loc":{"start":{"line":32,"column":34},"end":{"line":34,"column":3}},"line":32},"3":{"name":"(anonymous_3)","decl":{"start":{"line":44,"column":26},"end":{"line":44,"column":27}},"loc":{"start":{"line":44,"column":42},"end":{"line":119,"column":1}},"line":44},"4":{"name":"altTextDecoration","decl":{"start":{"line":51,"column":11},"end":{"line":51,"column":28}},"loc":{"start":{"line":51,"column":32},"end":{"line":62,"column":3}},"line":51},"5":{"name":"handleChange","decl":{"start":{"line":64,"column":11},"end":{"line":64,"column":23}},"loc":{"start":{"line":64,"column":27},"end":{"line":81,"column":3}},"line":64},"6":{"name":"(anonymous_6)","decl":{"start":{"line":70,"column":22},"end":{"line":70,"column":23}},"loc":{"start":{"line":70,"column":36},"end":{"line":72,"column":5}},"line":70},"7":{"name":"(anonymous_7)","decl":{"start":{"line":82,"column":12},"end":{"line":82,"column":13}},"loc":{"start":{"line":82,"column":18},"end":{"line":84,"column":3}},"line":82},"8":{"name":"(anonymous_8)","decl":{"start":{"line":86,"column":12},"end":{"line":86,"column":13}},"loc":{"start":{"line":86,"column":18},"end":{"line":88,"column":3}},"line":86},"9":{"name":"(anonymous_9)","decl":{"start":{"line":92,"column":22},"end":{"line":92,"column":23}},"loc":{"start":{"line":93,"column":8},"end":{"line":114,"column":13}},"line":93},"10":{"name":"(anonymous_10)","decl":{"start":{"line":106,"column":23},"end":{"line":106,"column":24}},"loc":{"start":{"line":106,"column":30},"end":{"line":106,"column":45}},"line":106}},"branchMap":{"0":{"loc":{"start":{"line":15,"column":2},"end":{"line":15,"column":32}},"type":"if","locations":[{"start":{"line":15,"column":2},"end":{"line":15,"column":32}},{"start":{"line":15,"column":2},"end":{"line":15,"column":32}}],"line":15},"1":{"loc":{"start":{"line":18,"column":4},"end":{"line":24,"column":5}},"type":"if","locations":[{"start":{"line":18,"column":4},"end":{"line":24,"column":5}},{"start":{"line":18,"column":4},"end":{"line":24,"column":5}}],"line":18},"2":{"loc":{"start":{"line":33,"column":4},"end":{"line":33,"column":56}},"type":"if","locations":[{"start":{"line":33,"column":4},"end":{"line":33,"column":56}},{"start":{"line":33,"column":4},"end":{"line":33,"column":56}}],"line":33},"3":{"loc":{"start":{"line":35,"column":2},"end":{"line":41,"column":3}},"type":"if","locations":[{"start":{"line":35,"column":2},"end":{"line":41,"column":3}},{"start":{"line":35,"column":2},"end":{"line":41,"column":3}}],"line":35},"4":{"loc":{"start":{"line":47,"column":2},"end":{"line":49,"column":3}},"type":"if","locations":[{"start":{"line":47,"column":2},"end":{"line":49,"column":3}},{"start":{"line":47,"column":2},"end":{"line":49,"column":3}}],"line":47},"5":{"loc":{"start":{"line":55,"column":4},"end":{"line":61,"column":5}},"type":"if","locations":[{"start":{"line":55,"column":4},"end":{"line":61,"column":5}},{"start":{"line":55,"column":4},"end":{"line":61,"column":5}}],"line":55},"6":{"loc":{"start":{"line":71,"column":6},"end":{"line":71,"column":58}},"type":"if","locations":[{"start":{"line":71,"column":6},"end":{"line":71,"column":58}},{"start":{"line":71,"column":6},"end":{"line":71,"column":58}}],"line":71},"7":{"loc":{"start":{"line":75,"column":4},"end":{"line":77,"column":5}},"type":"if","locations":[{"start":{"line":75,"column":4},"end":{"line":77,"column":5}},{"start":{"line":75,"column":4},"end":{"line":77,"column":5}}],"line":75},"8":{"loc":{"start":{"line":78,"column":4},"end":{"line":80,"column":5}},"type":"if","locations":[{"start":{"line":78,"column":4},"end":{"line":80,"column":5}},{"start":{"line":78,"column":4},"end":{"line":80,"column":5}}],"line":78}},"s":{"0":4,"1":0,"2":0,"3":0,"4":0,"5":0,"6":0,"7":0,"8":0,"9":0,"10":0,"11":0,"12":0,"13":0,"14":0,"15":0,"16":0,"17":0,"18":0,"19":0,"20":0,"21":0,"22":0,"23":4,"24":0,"25":0,"26":0,"27":0,"28":0,"29":0,"30":0,"31":0,"32":0,"33":0,"34":0,"35":0,"36":0,"37":0,"38":0,"39":0,"40":0,"41":0,"42":0,"43":0,"44":0,"45":0,"46":0,"47":0,"48":0,"49":0,"50":0,"51":0,"52":0,"53":0,"54":4},"f":{"0":0,"1":0,"2":0,"3":0,"4":0,"5":0,"6":0,"7":0,"8":0,"9":0,"10":0},"b":{"0":[0,0],"1":[0,0],"2":[0,0],"3":[0,0],"4":[0,0],"5":[0,0],"6":[0,0],"7":[0,0],"8":[0,0]},"_coverageSchema":"43e27e138ebf9cfc5966b082cf9a028302ed4184","hash":"1a1ec046ed5b96b9916fbc62ca07d3a896b72797"}
,"/home/maria-baeta/trybe/trybe-projects/sd-010-a-project-recipes-app/src/pages/DetailsPages/components/Instructions.jsx": {"path":"/home/maria-baeta/trybe/trybe-projects/sd-010-a-project-recipes-app/src/pages/DetailsPages/components/Instructions.jsx","statementMap":{"0":{"start":{"line":6,"column":21},"end":{"line":15,"column":1}},"1":{"start":{"line":7,"column":2},"end":{"line":14,"column":5}},"2":{"start":{"line":17,"column":0},"end":{"line":19,"column":13}}},"fnMap":{"0":{"name":"(anonymous_0)","decl":{"start":{"line":6,"column":21},"end":{"line":6,"column":22}},"loc":{"start":{"line":7,"column":2},"end":{"line":14,"column":5}},"line":7}},"branchMap":{},"s":{"0":4,"1":0,"2":4},"f":{"0":0},"b":{},"_coverageSchema":"43e27e138ebf9cfc5966b082cf9a028302ed4184","hash":"83a0d9dcf6c1688d195c426f008b437881d3a5a9"}
,"/home/maria-baeta/trybe/trybe-projects/sd-010-a-project-recipes-app/src/pages/DetailsPages/components/Recommends.jsx": {"path":"/home/maria-baeta/trybe/trybe-projects/sd-010-a-project-recipes-app/src/pages/DetailsPages/components/Recommends.jsx","statementMap":{"0":{"start":{"line":7,"column":19},"end":{"line":24,"column":1}},"1":{"start":{"line":8,"column":48},"end":{"line":8,"column":67}},"2":{"start":{"line":9,"column":12},"end":{"line":9,"column":14}},"3":{"start":{"line":10,"column":2},"end":{"line":12,"column":3}},"4":{"start":{"line":11,"column":4},"end":{"line":11,"column":37}},"5":{"start":{"line":13,"column":2},"end":{"line":15,"column":3}},"6":{"start":{"line":14,"column":4},"end":{"line":14,"column":38}},"7":{"start":{"line":16,"column":2},"end":{"line":23,"column":4}},"8":{"start":{"line":20,"column":33},"end":{"line":20,"column":43}},"9":{"start":{"line":26,"column":0},"end":{"line":28,"column":13}}},"fnMap":{"0":{"name":"(anonymous_0)","decl":{"start":{"line":7,"column":19},"end":{"line":7,"column":20}},"loc":{"start":{"line":7,"column":34},"end":{"line":24,"column":1}},"line":7},"1":{"name":"(anonymous_1)","decl":{"start":{"line":20,"column":17},"end":{"line":20,"column":18}},"loc":{"start":{"line":20,"column":33},"end":{"line":20,"column":43}},"line":20}},"branchMap":{"0":{"loc":{"start":{"line":10,"column":2},"end":{"line":12,"column":3}},"type":"if","locations":[{"start":{"line":10,"column":2},"end":{"line":12,"column":3}},{"start":{"line":10,"column":2},"end":{"line":12,"column":3}}],"line":10},"1":{"loc":{"start":{"line":13,"column":2},"end":{"line":15,"column":3}},"type":"if","locations":[{"start":{"line":13,"column":2},"end":{"line":15,"column":3}},{"start":{"line":13,"column":2},"end":{"line":15,"column":3}}],"line":13},"2":{"loc":{"start":{"line":13,"column":6},"end":{"line":13,"column":31}},"type":"binary-expr","locations":[{"start":{"line":13,"column":6},"end":{"line":13,"column":22}},{"start":{"line":13,"column":26},"end":{"line":13,"column":31}}],"line":13}},"s":{"0":4,"1":0,"2":0,"3":0,"4":0,"5":0,"6":0,"7":0,"8":0,"9":4},"f":{"0":0,"1":0},"b":{"0":[0,0],"1":[0,0],"2":[0,0]},"_coverageSchema":"43e27e138ebf9cfc5966b082cf9a028302ed4184","hash":"bf649e7f5889c3c2afad88d7004377ae49bc57ac"}
,"/home/maria-baeta/trybe/trybe-projects/sd-010-a-project-recipes-app/src/pages/DetailsPages/components/Video.jsx": {"path":"/home/maria-baeta/trybe/trybe-projects/sd-010-a-project-recipes-app/src/pages/DetailsPages/components/Video.jsx","statementMap":{"0":{"start":{"line":4,"column":23},"end":{"line":25,"column":1}},"1":{"start":{"line":5,"column":18},"end":{"line":5,"column":35}},"2":{"start":{"line":6,"column":17},"end":{"line":6,"column":19}},"3":{"start":{"line":7,"column":2},"end":{"line":10,"column":3}},"4":{"start":{"line":8,"column":4},"end":{"line":9,"column":40}},"5":{"start":{"line":11,"column":2},"end":{"line":24,"column":4}},"6":{"start":{"line":27,"column":0},"end":{"line":30,"column":13}}},"fnMap":{"0":{"name":"(anonymous_0)","decl":{"start":{"line":4,"column":23},"end":{"line":4,"column":24}},"loc":{"start":{"line":4,"column":39},"end":{"line":25,"column":1}},"line":4}},"branchMap":{"0":{"loc":{"start":{"line":7,"column":2},"end":{"line":10,"column":3}},"type":"if","locations":[{"start":{"line":7,"column":2},"end":{"line":10,"column":3}},{"start":{"line":7,"column":2},"end":{"line":10,"column":3}}],"line":7}},"s":{"0":4,"1":0,"2":0,"3":0,"4":0,"5":0,"6":4},"f":{"0":0},"b":{"0":[0,0]},"_coverageSchema":"43e27e138ebf9cfc5966b082cf9a028302ed4184","hash":"70cf5e4fd9be787e639139196ed0445481b9ec7c"}
,"/home/maria-baeta/trybe/trybe-projects/sd-010-a-project-recipes-app/src/pages/DetailsPages/components/ImageComponent/Image.jsx": {"path":"/home/maria-baeta/trybe/trybe-projects/sd-010-a-project-recipes-app/src/pages/DetailsPages/components/ImageComponent/Image.jsx","statementMap":{"0":{"start":{"line":5,"column":14},"end":{"line":13,"column":1}},"1":{"start":{"line":6,"column":2},"end":{"line":12,"column":8}},"2":{"start":{"line":15,"column":0},"end":{"line":17,"column":13}}},"fnMap":{"0":{"name":"(anonymous_0)","decl":{"start":{"line":5,"column":14},"end":{"line":5,"column":15}},"loc":{"start":{"line":6,"column":2},"end":{"line":12,"column":8}},"line":6}},"branchMap":{"0":{"loc":{"start":{"line":8,"column":12},"end":{"line":8,"column":55}},"type":"binary-expr","locations":[{"start":{"line":8,"column":12},"end":{"line":8,"column":31}},{"start":{"line":8,"column":35},"end":{"line":8,"column":55}}],"line":8},"1":{"loc":{"start":{"line":10,"column":12},"end":{"line":10,"column":45}},"type":"binary-expr","locations":[{"start":{"line":10,"column":12},"end":{"line":10,"column":26}},{"start":{"line":10,"column":30},"end":{"line":10,"column":45}}],"line":10}},"s":{"0":4,"1":0,"2":4},"f":{"0":0},"b":{"0":[0,0],"1":[0,0]},"_coverageSchema":"43e27e138ebf9cfc5966b082cf9a028302ed4184","hash":"e59ecbc4ddd9e940fd6a1f070646af2fc531db4f"}
,"/home/maria-baeta/trybe/trybe-projects/sd-010-a-project-recipes-app/src/pages/DetailsPages/components/ImageComponent/index.style.js": {"path":"/home/maria-baeta/trybe/trybe-projects/sd-010-a-project-recipes-app/src/pages/DetailsPages/components/ImageComponent/index.style.js","statementMap":{},"fnMap":{},"branchMap":{},"s":{},"f":{},"b":{},"hash":"296ac06ff880ebf0e4d370fb9f65c7df2cd45ffa"}
,"/home/maria-baeta/trybe/trybe-projects/sd-010-a-project-recipes-app/src/pages/DetailsPages/components/buttons/ButtonMakeRecipeDrink.jsx": {"path":"/home/maria-baeta/trybe/trybe-projects/sd-010-a-project-recipes-app/src/pages/DetailsPages/components/buttons/ButtonMakeRecipeDrink.jsx","statementMap":{"0":{"start":{"line":10,"column":26},"end":{"line":23,"column":1}},"1":{"start":{"line":11,"column":14},"end":{"line":11,"column":19}},"2":{"start":{"line":12,"column":2},"end":{"line":17,"column":5}},"3":{"start":{"line":13,"column":4},"end":{"line":16,"column":5}},"4":{"start":{"line":14,"column":6},"end":{"line":14,"column":74}},"5":{"start":{"line":15,"column":6},"end":{"line":15,"column":19}},"6":{"start":{"line":18,"column":2},"end":{"line":20,"column":3}},"7":{"start":{"line":19,"column":4},"end":{"line":19,"column":16}},"8":{"start":{"line":21,"column":2},"end":{"line":21,"column":68}},"9":{"start":{"line":22,"column":2},"end":{"line":22,"column":15}},"10":{"start":{"line":26,"column":2},"end":{"line":30,"column":3}},"11":{"start":{"line":27,"column":4},"end":{"line":27,"column":72}},"12":{"start":{"line":29,"column":4},"end":{"line":29,"column":70}},"13":{"start":{"line":34,"column":2},"end":{"line":36,"column":3}},"14":{"start":{"line":35,"column":4},"end":{"line":35,"column":63}},"15":{"start":{"line":39,"column":30},"end":{"line":80,"column":1}},"16":{"start":{"line":40,"column":22},"end":{"line":40,"column":28}},"17":{"start":{"line":42,"column":63},"end":{"line":42,"column":82}},"18":{"start":{"line":44,"column":4},"end":{"line":47,"column":5}},"19":{"start":{"line":45,"column":6},"end":{"line":45,"column":49}},"20":{"start":{"line":46,"column":6},"end":{"line":46,"column":25}},"21":{"start":{"line":51,"column":4},"end":{"line":53,"column":5}},"22":{"start":{"line":52,"column":6},"end":{"line":52,"column":28}},"23":{"start":{"line":56,"column":2},"end":{"line":60,"column":33}},"24":{"start":{"line":57,"column":4},"end":{"line":57,"column":41}},"25":{"start":{"line":58,"column":4},"end":{"line":58,"column":37}},"26":{"start":{"line":59,"column":4},"end":{"line":59,"column":27}},"27":{"start":{"line":62,"column":2},"end":{"line":65,"column":5}},"28":{"start":{"line":63,"column":4},"end":{"line":63,"column":29}},"29":{"start":{"line":64,"column":4},"end":{"line":64,"column":25}},"30":{"start":{"line":67,"column":2},"end":{"line":79,"column":4}},"31":{"start":{"line":74,"column":24},"end":{"line":74,"column":72}},"32":{"start":{"line":82,"column":0},"end":{"line":84,"column":13}}},"fnMap":{"0":{"name":"(anonymous_0)","decl":{"start":{"line":10,"column":26},"end":{"line":10,"column":27}},"loc":{"start":{"line":10,"column":51},"end":{"line":23,"column":1}},"line":10},"1":{"name":"(anonymous_1)","decl":{"start":{"line":12,"column":20},"end":{"line":12,"column":21}},"loc":{"start":{"line":12,"column":36},"end":{"line":17,"column":3}},"line":12},"2":{"name":"checkExistInLS","decl":{"start":{"line":25,"column":9},"end":{"line":25,"column":23}},"loc":{"start":{"line":25,"column":34},"end":{"line":31,"column":1}},"line":25},"3":{"name":"checkDoneInLS","decl":{"start":{"line":33,"column":9},"end":{"line":33,"column":22}},"loc":{"start":{"line":33,"column":27},"end":{"line":37,"column":1}},"line":33},"4":{"name":"(anonymous_4)","decl":{"start":{"line":39,"column":30},"end":{"line":39,"column":31}},"loc":{"start":{"line":39,"column":46},"end":{"line":80,"column":1}},"line":39},"5":{"name":"checkAndInitLSProgress","decl":{"start":{"line":43,"column":11},"end":{"line":43,"column":33}},"loc":{"start":{"line":43,"column":36},"end":{"line":48,"column":3}},"line":43},"6":{"name":"checkAndInitLSDone","decl":{"start":{"line":50,"column":11},"end":{"line":50,"column":29}},"loc":{"start":{"line":50,"column":32},"end":{"line":54,"column":3}},"line":50},"7":{"name":"(anonymous_7)","decl":{"start":{"line":56,"column":12},"end":{"line":56,"column":13}},"loc":{"start":{"line":56,"column":18},"end":{"line":60,"column":3}},"line":56},"8":{"name":"(anonymous_8)","decl":{"start":{"line":62,"column":12},"end":{"line":62,"column":13}},"loc":{"start":{"line":62,"column":18},"end":{"line":65,"column":3}},"line":62},"9":{"name":"(anonymous_9)","decl":{"start":{"line":74,"column":18},"end":{"line":74,"column":19}},"loc":{"start":{"line":74,"column":24},"end":{"line":74,"column":72}},"line":74}},"branchMap":{"0":{"loc":{"start":{"line":13,"column":4},"end":{"line":16,"column":5}},"type":"if","locations":[{"start":{"line":13,"column":4},"end":{"line":16,"column":5}},{"start":{"line":13,"column":4},"end":{"line":16,"column":5}}],"line":13},"1":{"loc":{"start":{"line":18,"column":2},"end":{"line":20,"column":3}},"type":"if","locations":[{"start":{"line":18,"column":2},"end":{"line":20,"column":3}},{"start":{"line":18,"column":2},"end":{"line":20,"column":3}}],"line":18},"2":{"loc":{"start":{"line":26,"column":2},"end":{"line":30,"column":3}},"type":"if","locations":[{"start":{"line":26,"column":2},"end":{"line":30,"column":3}},{"start":{"line":26,"column":2},"end":{"line":30,"column":3}}],"line":26},"3":{"loc":{"start":{"line":34,"column":2},"end":{"line":36,"column":3}},"type":"if","locations":[{"start":{"line":34,"column":2},"end":{"line":36,"column":3}},{"start":{"line":34,"column":2},"end":{"line":36,"column":3}}],"line":34},"4":{"loc":{"start":{"line":44,"column":4},"end":{"line":47,"column":5}},"type":"if","locations":[{"start":{"line":44,"column":4},"end":{"line":47,"column":5}},{"start":{"line":44,"column":4},"end":{"line":47,"column":5}}],"line":44},"5":{"loc":{"start":{"line":51,"column":4},"end":{"line":53,"column":5}},"type":"if","locations":[{"start":{"line":51,"column":4},"end":{"line":53,"column":5}},{"start":{"line":51,"column":4},"end":{"line":53,"column":5}}],"line":51}},"s":{"0":9,"1":0,"2":0,"3":0,"4":0,"5":0,"6":0,"7":0,"8":0,"9":0,"10":0,"11":0,"12":0,"13":0,"14":0,"15":9,"16":0,"17":0,"18":0,"19":0,"20":0,"21":0,"22":0,"23":0,"24":0,"25":0,"26":0,"27":0,"28":0,"29":0,"30":0,"31":0,"32":9},"f":{"0":0,"1":0,"2":0,"3":0,"4":0,"5":0,"6":0,"7":0,"8":0,"9":0},"b":{"0":[0,0],"1":[0,0],"2":[0,0],"3":[0,0],"4":[0,0],"5":[0,0]},"_coverageSchema":"43e27e138ebf9cfc5966b082cf9a028302ed4184","hash":"c0433a10631c20202460e330bc7572997d2d540f"}
,"/home/maria-baeta/trybe/trybe-projects/sd-010-a-project-recipes-app/src/pages/DetailsPages/components/buttons/ButtonMakeRecipeFood.jsx": {"path":"/home/maria-baeta/trybe/trybe-projects/sd-010-a-project-recipes-app/src/pages/DetailsPages/components/buttons/ButtonMakeRecipeFood.jsx","statementMap":{"0":{"start":{"line":8,"column":19},"end":{"line":22,"column":1}},"1":{"start":{"line":9,"column":14},"end":{"line":9,"column":19}},"2":{"start":{"line":11,"column":2},"end":{"line":16,"column":5}},"3":{"start":{"line":12,"column":4},"end":{"line":15,"column":5}},"4":{"start":{"line":13,"column":6},"end":{"line":13,"column":74}},"5":{"start":{"line":14,"column":6},"end":{"line":14,"column":19}},"6":{"start":{"line":17,"column":2},"end":{"line":19,"column":3}},"7":{"start":{"line":18,"column":4},"end":{"line":18,"column":16}},"8":{"start":{"line":20,"column":2},"end":{"line":20,"column":68}},"9":{"start":{"line":21,"column":2},"end":{"line":21,"column":15}},"10":{"start":{"line":24,"column":23},"end":{"line":32,"column":1}},"11":{"start":{"line":25,"column":2},"end":{"line":31,"column":3}},"12":{"start":{"line":26,"column":4},"end":{"line":26,"column":56}},"13":{"start":{"line":27,"column":4},"end":{"line":27,"column":72}},"14":{"start":{"line":29,"column":4},"end":{"line":29,"column":60}},"15":{"start":{"line":30,"column":4},"end":{"line":30,"column":70}},"16":{"start":{"line":34,"column":29},"end":{"line":73,"column":1}},"17":{"start":{"line":35,"column":21},"end":{"line":35,"column":27}},"18":{"start":{"line":37,"column":63},"end":{"line":37,"column":82}},"19":{"start":{"line":39,"column":4},"end":{"line":42,"column":5}},"20":{"start":{"line":40,"column":6},"end":{"line":40,"column":49}},"21":{"start":{"line":41,"column":6},"end":{"line":41,"column":25}},"22":{"start":{"line":45,"column":4},"end":{"line":47,"column":5}},"23":{"start":{"line":46,"column":6},"end":{"line":46,"column":28}},"24":{"start":{"line":51,"column":2},"end":{"line":54,"column":32}},"25":{"start":{"line":52,"column":4},"end":{"line":52,"column":40}},"26":{"start":{"line":53,"column":4},"end":{"line":53,"column":35}},"27":{"start":{"line":56,"column":2},"end":{"line":59,"column":5}},"28":{"start":{"line":57,"column":4},"end":{"line":57,"column":29}},"29":{"start":{"line":58,"column":4},"end":{"line":58,"column":25}},"30":{"start":{"line":60,"column":2},"end":{"line":72,"column":4}},"31":{"start":{"line":67,"column":24},"end":{"line":67,"column":70}},"32":{"start":{"line":75,"column":0},"end":{"line":77,"column":13}}},"fnMap":{"0":{"name":"(anonymous_0)","decl":{"start":{"line":8,"column":19},"end":{"line":8,"column":20}},"loc":{"start":{"line":8,"column":44},"end":{"line":22,"column":1}},"line":8},"1":{"name":"(anonymous_1)","decl":{"start":{"line":11,"column":20},"end":{"line":11,"column":21}},"loc":{"start":{"line":11,"column":36},"end":{"line":16,"column":3}},"line":11},"2":{"name":"(anonymous_2)","decl":{"start":{"line":24,"column":23},"end":{"line":24,"column":24}},"loc":{"start":{"line":24,"column":37},"end":{"line":32,"column":1}},"line":24},"3":{"name":"(anonymous_3)","decl":{"start":{"line":34,"column":29},"end":{"line":34,"column":30}},"loc":{"start":{"line":34,"column":45},"end":{"line":73,"column":1}},"line":34},"4":{"name":"checkAndInitLSProgress","decl":{"start":{"line":38,"column":11},"end":{"line":38,"column":33}},"loc":{"start":{"line":38,"column":36},"end":{"line":43,"column":3}},"line":38},"5":{"name":"checkAndInitLSDone","decl":{"start":{"line":44,"column":11},"end":{"line":44,"column":29}},"loc":{"start":{"line":44,"column":32},"end":{"line":48,"column":3}},"line":44},"6":{"name":"(anonymous_6)","decl":{"start":{"line":51,"column":12},"end":{"line":51,"column":13}},"loc":{"start":{"line":51,"column":18},"end":{"line":54,"column":3}},"line":51},"7":{"name":"(anonymous_7)","decl":{"start":{"line":56,"column":12},"end":{"line":56,"column":13}},"loc":{"start":{"line":56,"column":18},"end":{"line":59,"column":3}},"line":56},"8":{"name":"(anonymous_8)","decl":{"start":{"line":67,"column":18},"end":{"line":67,"column":19}},"loc":{"start":{"line":67,"column":24},"end":{"line":67,"column":70}},"line":67}},"branchMap":{"0":{"loc":{"start":{"line":12,"column":4},"end":{"line":15,"column":5}},"type":"if","locations":[{"start":{"line":12,"column":4},"end":{"line":15,"column":5}},{"start":{"line":12,"column":4},"end":{"line":15,"column":5}}],"line":12},"1":{"loc":{"start":{"line":17,"column":2},"end":{"line":19,"column":3}},"type":"if","locations":[{"start":{"line":17,"column":2},"end":{"line":19,"column":3}},{"start":{"line":17,"column":2},"end":{"line":19,"column":3}}],"line":17},"2":{"loc":{"start":{"line":25,"column":2},"end":{"line":31,"column":3}},"type":"if","locations":[{"start":{"line":25,"column":2},"end":{"line":31,"column":3}},{"start":{"line":25,"column":2},"end":{"line":31,"column":3}}],"line":25},"3":{"loc":{"start":{"line":39,"column":4},"end":{"line":42,"column":5}},"type":"if","locations":[{"start":{"line":39,"column":4},"end":{"line":42,"column":5}},{"start":{"line":39,"column":4},"end":{"line":42,"column":5}}],"line":39},"4":{"loc":{"start":{"line":45,"column":4},"end":{"line":47,"column":5}},"type":"if","locations":[{"start":{"line":45,"column":4},"end":{"line":47,"column":5}},{"start":{"line":45,"col
[...]
},"type":"cond-expr","locations":[{"start":{"line":10,"column":36},"end":{"line":10,"column":45}},{"start":{"line":10,"column":48},"end":{"line":10,"column":51}}],"line":10},"2":{"loc":{"start":{"line":16,"column":2},"end":{"line":16,"column":57}},"type":"if","locations":[{"start":{"line":16,"column":2},"end":{"line":16,"column":57}},{"start":{"line":16,"column":2},"end":{"line":16,"column":57}}],"line":16},"3":{"loc":{"start":{"line":20,"column":4},"end":{"line":22,"column":5}},"type":"if","locations":[{"start":{"line":20,"column":4},"end":{"line":22,"column":5}},{"start":{"line":20,"column":4},"end":{"line":22,"column":5}}],"line":20},"4":{"loc":{"start":{"line":30,"column":2},"end":{"line":33,"column":3}},"type":"if","locations":[{"start":{"line":30,"column":2},"end":{"line":33,"column":3}},{"start":{"line":30,"column":2},"end":{"line":33,"column":3}}],"line":30},"5":{"loc":{"start":{"line":34,"column":2},"end":{"line":37,"column":3}},"type":"if","locations":[{"start":{"line":34,"column":2},"end":{"line":37,"column":3}},{"start":{"line":34,"column":2},"end":{"line":37,"column":3}}],"line":34},"6":{"loc":{"start":{"line":45,"column":10},"end":{"line":45,"column":30}},"type":"binary-expr","locations":[{"start":{"line":45,"column":10},"end":{"line":45,"column":24}},{"start":{"line":45,"column":28},"end":{"line":45,"column":30}}],"line":45},"7":{"loc":{"start":{"line":46,"column":14},"end":{"line":46,"column":38}},"type":"binary-expr","locations":[{"start":{"line":46,"column":14},"end":{"line":46,"column":32}},{"start":{"line":46,"column":36},"end":{"line":46,"column":38}}],"line":46},"8":{"loc":{"start":{"line":61,"column":41},"end":{"line":61,"column":66}},"type":"binary-expr","locations":[{"start":{"line":61,"column":41},"end":{"line":61,"column":52}},{"start":{"line":61,"column":56},"end":{"line":61,"column":66}}],"line":61},"9":{"loc":{"start":{"line":63,"column":27},"end":{"line":63,"column":44}},"type":"binary-expr","locations":[{"start":{"line":63,"column":27},"end":{"line":63,"column":34}},{"start":{"line":63,"column":38},"end":{"line":63,"column":44}}],"line":63},"10":{"loc":{"start":{"line":63,"column":46},"end":{"line":63,"column":72}},"type":"cond-expr","locations":[{"start":{"line":63,"column":56},"end":{"line":63,"column":63}},{"start":{"line":63,"column":66},"end":{"line":63,"column":72}}],"line":63},"11":{"loc":{"start":{"line":64,"column":2},"end":{"line":67,"column":3}},"type":"if","locations":[{"start":{"line":64,"column":2},"end":{"line":67,"column":3}},{"start":{"line":64,"column":2},"end":{"line":67,"column":3}}],"line":64},"12":{"loc":{"start":{"line":64,"column":28},"end":{"line":64,"column":45}},"type":"binary-expr","locations":[{"start":{"line":64,"column":28},"end":{"line":64,"column":35}},{"start":{"line":64,"column":39},"end":{"line":64,"column":45}}],"line":64},"13":{"loc":{"start":{"line":68,"column":2},"end":{"line":82,"column":3}},"type":"if","locations":[{"start":{"line":68,"column":2},"end":{"line":82,"column":3}},{"start":{"line":68,"column":2},"end":{"line":82,"column":3}}],"line":68},"14":{"loc":{"start":{"line":74,"column":12},"end":{"line":74,"column":25}},"type":"binary-expr","locations":[{"start":{"line":74,"column":12},"end":{"line":74,"column":19}},{"start":{"line":74,"column":23},"end":{"line":74,"column":25}}],"line":74},"15":{"loc":{"start":{"line":75,"column":16},"end":{"line":75,"column":33}},"type":"binary-expr","locations":[{"start":{"line":75,"column":16},"end":{"line":75,"column":27}},{"start":{"line":75,"column":31},"end":{"line":75,"column":33}}],"line":75},"16":{"loc":{"start":{"line":76,"column":22},"end":{"line":76,"column":40}},"type":"binary-expr","locations":[{"start":{"line":76,"column":22},"end":{"line":76,"column":34}},{"start":{"line":76,"column":38},"end":{"line":76,"column":40}}],"line":76},"17":{"loc":{"start":{"line":80,"column":12},"end":{"line":80,"column":25}},"type":"binary-expr","locations":[{"start":{"line":80,"column":12},"end":{"line":80,"column":19}},{"start":{"line":80,"column":23},"end":{"line":80,"column":25}}],"line":80}},"s":{"0":0,"1":0,"2":0,"3":0,"4":0,"5":0,"6":0,"7":0,"8":0,"9":0,"10":0,"11":0,"12":0,"13":0,"14":0,"15":0,"16":0,"17":0,"18":0,"19":0,"20":0,"21":0,"22":0,"23":9,"24":0,"25":0,"26":0,"27":0,"28":0,"29":0,"30":0,"31":0,"32":0,"33":0,"34":0,"35":0,"36":0},"f":{"0":0,"1":0,"2":0,"3":0,"4":0,"5":0},"b":{"0":[0,0],"1":[0,0],"2":[0,0],"3":[0,0],"4":[0,0],"5":[0,0],"6":[0,0],"7":[0,0],"8":[0,0],"9":[0,0],"10":[0,0],"11":[0,0],"12":[0,0],"13":[0,0],"14":[0,0],"15":[0,0],"16":[0,0],"17":[0,0]},"_coverageSchema":"43e27e138ebf9cfc5966b082cf9a028302ed4184","hash":"46033c4d0c195216984e0409259f8b2a9d898016"}
,"/home/maria-baeta/trybe/trybe-projects/sd-010-a-project-recipes-app/src/services/localStorage/setFavRecipes.js": {"path":"/home/maria-baeta/trybe/trybe-projects/sd-010-a-project-recipes-app/src/services/localStorage/setFavRecipes.js","statementMap":{"0":{"start":{"line":5,"column":20},"end":{"line":5,"column":71}},"1":{"start":{"line":6,"column":2},"end":{"line":6,"column":31}},"2":{"start":{"line":6,"column":18},"end":{"line":6,"column":31}},"3":{"start":{"line":7,"column":15},"end":{"line":7,"column":20}},"4":{"start":{"line":8,"column":2},"end":{"line":14,"column":5}},"5":{"start":{"line":9,"column":4},"end":{"line":13,"column":5}},"6":{"start":{"line":10,"column":6},"end":{"line":10,"column":49}},"7":{"start":{"line":12,"column":6},"end":{"line":12,"column":20}},"8":{"start":{"line":15,"column":2},"end":{"line":15,"column":16}},"9":{"start":{"line":20,"column":20},"end":{"line":20,"column":71}},"10":{"start":{"line":21,"column":2},"end":{"line":29,"column":3}},"11":{"start":{"line":22,"column":19},"end":{"line":22,"column":21}},"12":{"start":{"line":23,"column":4},"end":{"line":23,"column":24}},"13":{"start":{"line":24,"column":4},"end":{"line":24,"column":68}},"14":{"start":{"line":26,"column":25},"end":{"line":26,"column":76}},"15":{"start":{"line":27,"column":4},"end":{"line":27,"column":30}},"16":{"start":{"line":28,"column":4},"end":{"line":28,"column":74}},"17":{"start":{"line":33,"column":20},"end":{"line":33,"column":71}},"18":{"start":{"line":34,"column":2},"end":{"line":38,"column":3}},"19":{"start":{"line":34,"column":15},"end":{"line":34,"column":16}},"20":{"start":{"line":35,"column":4},"end":{"line":37,"column":5}},"21":{"start":{"line":36,"column":6},"end":{"line":36,"column":29}},"22":{"start":{"line":40,"column":2},"end":{"line":40,"column":69}},"23":{"start":{"line":44,"column":2},"end":{"line":50,"column":3}},"24":{"start":{"line":45,"column":4},"end":{"line":45,"column":37}},"25":{"start":{"line":46,"column":4},"end":{"line":46,"column":60}},"26":{"start":{"line":48,"column":4},"end":{"line":48,"column":29}},"27":{"start":{"line":49,"column":4},"end":{"line":49,"column":60}}},"fnMap":{"0":{"name":"verifyInLS","decl":{"start":{"line":4,"column":16},"end":{"line":4,"column":26}},"loc":{"start":{"line":4,"column":31},"end":{"line":17,"column":1}},"line":4},"1":{"name":"(anonymous_1)","decl":{"start":{"line":8,"column":20},"end":{"line":8,"column":21}},"loc":{"start":{"line":8,"column":32},"end":{"line":14,"column":3}},"line":8},"2":{"name":"addRecipeInFavLS","decl":{"start":{"line":19,"column":9},"end":{"line":19,"column":25}},"loc":{"start":{"line":19,"column":34},"end":{"line":30,"column":1}},"line":19},"3":{"name":"removeRecipeFromFavLS","decl":{"start":{"line":32,"column":9},"end":{"line":32,"column":30}},"loc":{"start":{"line":32,"column":35},"end":{"line":41,"column":1}},"line":32},"4":{"name":"setFavRecipe","decl":{"start":{"line":43,"column":24},"end":{"line":43,"column":36}},"loc":{"start":{"line":43,"column":45},"end":{"line":51,"column":1}},"line":43}},"branchMap":{"0":{"loc":{"start":{"line":6,"column":2},"end":{"line":6,"column":31}},"type":"if","locations":[{"start":{"line":6,"column":2},"end":{"line":6,"column":31}},{"start":{"line":6,"column":2},"end":{"line":6,"column":31}}],"line":6},"1":{"loc":{"start":{"line":9,"column":4},"end":{"line":13,"column":5}},"type":"if","locations":[{"start":{"line":9,"column":4},"end":{"line":13,"column":5}},{"start":{"line":9,"column":4},"end":{"line":13,"column":5}}],"line":9},"2":{"loc":{"start":{"line":21,"column":2},"end":{"line":29,"column":3}},"type":"if","locations":[{"start":{"line":21,"column":2},"end":{"line":29,"column":3}},{"start":{"line":21,"column":2},"end":{"line":29,"column":3}}],"line":21},"3":{"loc":{"start":{"line":35,"column":4},"end":{"line":37,"column":5}},"type":"if","locations":[{"start":{"line":35,"column":4},"end":{"line":37,"column":5}},{"start":{"line":35,"column":4},"end":{"line":37,"column":5}}],"line":35},"4":{"loc":{"start":{"line":44,"column":2},"end":{"line":50,"column":3}},"type":"if","locations":[{"start":{"line":44,"column":2},"end":{"line":50,"column":3}},{"start":{"line":44,"column":2},"end":{"line":50,"column":3}}],"line":44}},"s":{"0":0,"1":0,"2":0,"3":0,"4":0,"5":0,"6":0,"7":0,"8":0,"9":0,"10":0,"11":0,"12":0,"13":0,"14":0,"15":0,"16":0,"17":0,"18":0,"19":0,"20":0,"21":0,"22":0,"23":0,"24":0,"25":0,"26":0,"27":0},"f":{"0":0,"1":0,"2":0,"3":0,"4":0},"b":{"0":[0,0],"1":[0,0],"2":[0,0],"3":[0,0],"4":[0,0]},"_coverageSchema":"43e27e138ebf9cfc5966b082cf9a028302ed4184","hash":"e321903bd264fe243dc8044190219f6276aadd9b"}
,"/home/maria-baeta/trybe/trybe-projects/sd-010-a-project-recipes-app/src/services/localStorage/setIdAndIngredients.js": {"path":"/home/maria-baeta/trybe/trybe-projects/sd-010-a-project-recipes-app/src/services/localStorage/setIdAndIngredients.js","statementMap":{"0":{"start":{"line":2,"column":23},"end":{"line":2,"column":76}},"1":{"start":{"line":3,"column":2},"end":{"line":5,"column":3}},"2":{"start":{"line":4,"column":4},"end":{"line":4,"column":44}},"3":{"start":{"line":6,"column":2},"end":{"line":8,"column":3}},"4":{"start":{"line":7,"column":4},"end":{"line":7,"column":48}},"5":{"start":{"line":9,"column":2},"end":{"line":9,"column":74}},"6":{"start":{"line":13,"column":23},"end":{"line":13,"column":76}},"7":{"start":{"line":15,"column":20},"end":{"line":15,"column":22}},"8":{"start":{"line":16,"column":30},"end":{"line":16,"column":36}},"9":{"start":{"line":17,"column":2},"end":{"line":19,"column":3}},"10":{"start":{"line":18,"column":4},"end":{"line":18,"column":50}},"11":{"start":{"line":20,"column":2},"end":{"line":22,"column":3}},"12":{"start":{"line":21,"column":4},"end":{"line":21,"column":45}},"13":{"start":{"line":23,"column":2},"end":{"line":23,"column":21}}},"fnMap":{"0":{"name":"setIdAndIngredients","decl":{"start":{"line":1,"column":9},"end":{"line":1,"column":28}},"loc":{"start":{"line":1,"column":55},"end":{"line":10,"column":1}},"line":1},"1":{"name":"returnIngredientsOfId","decl":{"start":{"line":12,"column":16},"end":{"line":12,"column":37}},"loc":{"start":{"line":12,"column":46},"end":{"line":24,"column":1}},"line":12}},"branchMap":{"0":{"loc":{"start":{"line":3,"column":2},"end":{"line":5,"column":3}},"type":"if","locations":[{"start":{"line":3,"column":2},"end":{"line":5,"column":3}},{"start":{"line":3,"column":2},"end":{"line":5,"column":3}}],"line":3},"1":{"loc":{"start":{"line":6,"column":2},"end":{"line":8,"column":3}},"type":"if","locations":[{"start":{"line":6,"column":2},"end":{"line":8,"column":3}},{"start":{"line":6,"column":2},"end":{"line":8,"column":3}}],"line":6},"2":{"loc":{"start":{"line":17,"column":2},"end":{"line":19,"column":3}},"type":"if","locations":[{"start":{"line":17,"column":2},"end":{"line":19,"column":3}},{"start":{"line":17,"column":2},"end":{"line":19,"column":3}}],"line":17},"3":{"loc":{"start":{"line":20,"column":2},"end":{"line":22,"column":3}},"type":"if","locations":[{"start":{"line":20,"column":2},"end":{"line":22,"column":3}},{"start":{"line":20,"column":2},"end":{"line":22,"column":3}}],"line":20}},"s":{"0":0,"1":0,"2":0,"3":0,"4":0,"5":0,"6":0,"7":0,"8":0,"9":0,"10":0,"11":0,"12":0,"13":0},"f":{"0":0,"1":0},"b":{"0":[0,0],"1":[0,0],"2":[0,0],"3":[0,0]},"_coverageSchema":"43e27e138ebf9cfc5966b082cf9a028302ed4184","hash":"6929a493775a20d45cc8a99562d223b9e896f2c3"}
,"/home/maria-baeta/trybe/trybe-projects/sd-010-a-project-recipes-app/src/services/localStorage/setProgressRecipesLS.js": {"path":"/home/maria-baeta/trybe/trybe-projects/sd-010-a-project-recipes-app/src/services/localStorage/setProgressRecipesLS.js","statementMap":{"0":{"start":{"line":2,"column":25},"end":{"line":2,"column":78}},"1":{"start":{"line":3,"column":2},"end":{"line":3,"column":36}},"2":{"start":{"line":3,"column":23},"end":{"line":3,"column":36}},"3":{"start":{"line":6,"column":14},"end":{"line":6,"column":19}},"4":{"start":{"line":7,"column":2},"end":{"line":14,"column":3}},"5":{"start":{"line":8,"column":24},"end":{"line":8,"column":57}},"6":{"start":{"line":10,"column":4},"end":{"line":10,"column":36}},"7":{"start":{"line":10,"column":22},"end":{"line":10,"column":36}},"8":{"start":{"line":11,"column":4},"end":{"line":13,"column":7}},"9":{"start":{"line":12,"column":6},"end":{"line":12,"column":35}},"10":{"start":{"line":12,"column":22},"end":{"line":12,"column":35}},"11":{"start":{"line":16,"column":2},"end":{"line":22,"column":3}},"12":{"start":{"line":17,"column":25},"end":{"line":17,"column":62}},"13":{"start":{"line":18,"column":4},"end":{"line":18,"column":37}},"14":{"start":{"line":18,"column":23},"end":{"line":18,"column":37}},"15":{"start":{"line":19,"column":4},"end":{"line":21,"column":7}},"16":{"start":{"line":20,"column":6},"end":{"line":20,"column":35}},"17":{"start":{"line":20,"column":22},"end":{"line":20,"column":35}},"18":{"start":{"line":23,"column":2},"end":{"line":23,"column":15}},"19":{"start":{"line":27,"column":30},"end":{"line":27,"column":36}},"20":{"start":{"line":29,"column":28},"end":{"line":29,"column":81}},"21":{"start":{"line":30,"column":2},"end":{"line":30,"column":33}},"22":{"start":{"line":31,"column":2},"end":{"line":36,"column":3}},"23":{"start":{"line":32,"column":4},"end":{"line":35,"column":6}},"24":{"start":{"line":37,"column":2},"end":{"line":42,"column":3}},"25":{"start":{"line":38,"column":4},"end":{"line":41,"column":6}},"26":{"start":{"line":43,"column":2},"end":{"line":43,"column":79}},"27":{"start":{"line":47,"column":2},"end":{"line":47,"column":39}},"28":{"start":{"line":48,"column":30},"end":{"line":48,"column":36}},"29":{"start":{"line":49,"column":16},"end":{"line":49,"column":81}},"30":{"start":{"line":50,"column":2},"end":{"line":52,"column":3}},"31":{"start":{"line":51,"column":4},"end":{"line":51,"column":32}}},"fnMap":{"0":{"name":"verifyProgressInLS","decl":{"start":{"line":1,"column":16},"end":{"line":1,"column":34}},"loc":{"start":{"line":1,"column":45},"end":{"line":24,"column":1}},"line":1},"1":{"name":"(anonymous_1)","decl":{"start":{"line":11,"column":24},"end":{"line":11,"column":25}},"loc":{"start":{"line":11,"column":33},"end":{"line":13,"column":5}},"line":11},"2":{"name":"(anonymous_2)","decl":{"start":{"line":19,"column":25},"end":{"line":19,"column":26}},"loc":{"start":{"line":19,"column":34},"end":{"line":21,"column":5}},"line":19},"3":{"name":"addRecipeInProgress","decl":{"start":{"line":26,"column":9},"end":{"line":26,"column":28}},"loc":{"start":{"line":26,"column":37},"end":{"line":44,"column":1}},"line":26},"4":{"name":"setProgressRecipesLS","decl":{"start":{"line":46,"column":9},"end":{"line":46,"column":29}},"loc":{"start":{"line":46,"column":38},"end":{"line":53,"column":1}},"line":46}},"branchMap":{"0":{"loc":{"start":{"line":3,"column":2},"end":{"line":3,"column":36}},"type":"if","locations":[{"start":{"line":3,"column":2},"end":{"line":3,"column":36}},{"start":{"line":3,"column":2},"end":{"line":3,"column":36}}],"line":3},"1":{"loc":{"start":{"line":7,"column":2},"end":{"line":14,"column":3}},"type":"if","locations":[{"start":{"line":7,"column":2},"end":{"line":14,"column":3}},{"start":{"line":7,"column":2},"end":{"line":14,"column":3}}],"line":7},"2":{"loc":{"start":{"line":10,"column":4},"end":{"line":10,"column":36}},"type":"if","locations":[{"start":{"line":10,"column":4},"end":{"line":10,"column":36}},{"start":{"line":10,"column":4},"end":{"line":10,"column":36}}],"line":10},"3":{"loc":{"start":{"line":12,"column":6},"end":{"line":12,"column":35}},"type":"if","locations":[{"start":{"line":12,"column":6},"end":{"line":12,"column":35}},{"start":{"line":12,"column":6},"end":{"line":12,"column":35}}],"line":12},"4":{"loc":{"start":{"line":16,"column":2},"end":{"line":22,"column":3}},"type":"if","locations":[{"start":{"line":16,"column":2},"end":{"line":22,"column":3}},{"start":{"line":16,"column":2},"end":{"line":22,"column":3}}],"line":16},"5":{"loc":{"start":{"line":18,"column":4},"end":{"line":18,"column":37}},"type":"if","locations":[{"start":{"line":18,"column":4},"end":{"line":18,"column":37}},{"start":{"line":18,"column":4},"end":{"line":18,"column":37}}],"line":18},"6":{"loc":{"start":{"line":20,"column":6},"end":{"line":20,"column":35}},"type":"if","locations":[{"start":{"line":20,"column":6},"end":{"line":20,"column":35}},{"start":{"line":20,"column":6},"end":{"line":20,"column":35}}],"line":20},"7":{"loc":{"start":{"line":31,"column":2},"end":{"line":36,"column":3}},"type":"if","locations":[{"start":{"line":31,"column":2},"end":{"line":36,"column":3}},{"start":{"line":31,"column":2},"end":{"line":36,"column":3}}],"line":31},"8":{"loc":{"start":{"line":37,"column":2},"end":{"line":42,"column":3}},"type":"if","locations":[{"start":{"line":37,"column":2},"end":{"line":42,"column":3}},{"start":{"line":37,"column":2},"end":{"line":42,"column":3}}],"line":37},"9":{"loc":{"start":{"line":49,"column":35},"end":{"line":49,"column":52}},"type":"binary-expr","locations":[{"start":{"line":49,"column":35},"end":{"line":49,"column":42}},{"start":{"line":49,"column":46},"end":{"line":49,"column":52}}],"line":49},"10":{"loc":{"start":{"line":49,"column":54},"end":{"line":49,"column":80}},"type":"cond-expr","locations":[{"start":{"line":49,"column":64},"end":{"line":49,"column":71}},{"start":{"line":49,"column":74},"end":{"line":49,"column":80}}],"line":49},"11":{"loc":{"start":{"line":50,"column":2},"end":{"line":52,"column":3}},"type":"if","locations":[{"start":{"line":50,"column":2},"end":{"line":52,"column":3}},{"start":{"line":50,"column":2},"end":{"line":52,"column":3}}],"line":50}},"s":{"0":0,"1":0,"2":0,"3":0,"4":0,"5":0,"6":0,"7":0,"8":0,"9":0,"10":0,"11":0,"12":0,"13":0,"14":0,"15":0,"16":0,"17":0,"18":0,"19":0,"20":0,"21":0,"22":0,"23":0,"24":0,"25":0,"26":0,"27":0,"28":0,"29":0,"30":0,"31":0},"f":{"0":0,"1":0,"2":0,"3":0,"4":0},"b":{"0":[0,0],"1":[0,0],"2":[0,0],"3":[0,0],"4":[0,0],"5":[0,0],"6":[0,0],"7":[0,0],"8":[0,0],"9":[0,0],"10":[0,0],"11":[0,0]},"_coverageSchema":"43e27e138ebf9cfc5966b082cf9a028302ed4184","hash":"72aaa7866284ac9b47c2c8a0d20d59ad297f9e10"}
,"/home/maria-baeta/trybe/trybe-projects/sd-010-a-project-recipes-app/src/tests/mock.js": {"path":"/home/maria-baeta/trybe/trybe-projects/sd-010-a-project-recipes-app/src/tests/mock.js","statementMap":{"0":{"start":{"line":1,"column":25},"end":{"line":154,"column":1}},"1":{"start":{"line":156,"column":30},"end":{"line":173,"column":1}}},"fnMap":{},"branchMap":{},"s":{"0":0,"1":0},"f":{},"b":{},"hash":"4e5d26cdc604646afc2a751b22c59707086458f4"}
,"/home/maria-baeta/trybe/trybe-projects/sd-010-a-project-recipes-app/src/tests/renderWithRouter.js": {"path":"/home/maria-baeta/trybe/trybe-projects/sd-010-a-project-recipes-app/src/tests/renderWithRouter.js","statementMap":{"0":{"start":{"line":7,"column":25},"end":{"line":21,"column":1}},"1":{"start":{"line":8,"column":18},"end":{"line":8,"column":39}},"2":{"start":{"line":10,"column":2},"end":{"line":20,"column":4}}},"fnMap":{"0":{"name":"(anonymous_0)","decl":{"start":{"line":7,"column":25},"end":{"line":7,"column":26}},"loc":{"start":{"line":7,"column":40},"end":{"line":21,"column":1}},"line":7}},"branchMap":{},"s":{"0":8,"1":25,"2":25},"f":{"0":25},"b":{},"_coverageSchema":"43e27e138ebf9cfc5966b082cf9a028302ed4184","hash":"82ea79b5da87c2491f58fa4be745001ac6abb614"}
}
