TN:
SF:/home/maria-baeta/trybe/trybe-projects/sd-010-a-project-recipes-app/src/App.js
FN:7,App
FNF:1
FNH:1
FNDA:18,App
DA:8,18
LF:1
LH:1
BRF:0
BRH:0
end_of_record
TN:
SF:/home/maria-baeta/trybe/trybe-projects/sd-010-a-project-recipes-app/src/Routes.js
FN:25,Routes
FNF:1
FNH:1
FNDA:18,Routes
DA:26,18
LF:1
LH:1
BRF:0
BRH:0
end_of_record
TN:
SF:/home/maria-baeta/trybe/trybe-projects/sd-010-a-project-recipes-app/src/components/Footer.jsx
FN:8,Footer
FNF:1
FNH:1
FNDA:45,Footer
DA:9,45
LF:1
LH:1
BRF:0
BRH:0
end_of_record
TN:
SF:/home/maria-baeta/trybe/trybe-projects/sd-010-a-project-recipes-app/src/components/Header.jsx
FN:6,Header
FN:7,(anonymous_1)
FNF:2
FNH:2
FNDA:24,Header
FNDA:24,(anonymous_1)
DA:7,24
DA:8,24
DA:9,24
DA:10,24
DA:11,24
DA:12,24
DA:14,24
DA:15,24
DA:17,0
DA:18,24
DA:19,0
DA:20,24
DA:21,0
DA:22,24
DA:24,24
LF:15
LH:12
BRDA:15,0,0,0
BRDA:15,0,1,24
BRDA:15,1,0,24
BRDA:15,1,1,24
BRDA:18,2,0,0
BRDA:18,2,1,24
BRDA:20,3,0,0
BRDA:20,3,1,24
BRF:8
BRH:5
end_of_record
TN:
SF:/home/maria-baeta/trybe/trybe-projects/sd-010-a-project-recipes-app/src/components/HeaderSearchbar.jsx
FN:13,HeaderSearchbar
FN:28,(anonymous_1)
FN:38,(anonymous_2)
FN:40,(anonymous_3)
FN:50,(anonymous_4)
FN:56,(anonymous_5)
FN:66,(anonymous_6)
FN:72,(anonymous_7)
FN:82,(anonymous_8)
FN:97,(anonymous_9)
FN:119,(anonymous_10)
FN:128,(anonymous_11)
FN:137,(anonymous_12)
FNF:13
FNH:1
FNDA:2,HeaderSearchbar
FNDA:0,(anonymous_1)
FNDA:0,(anonymous_2)
FNDA:0,(anonymous_3)
FNDA:0,(anonymous_4)
FNDA:0,(anonymous_5)
FNDA:0,(anonymous_6)
FNDA:0,(anonymous_7)
FNDA:0,(anonymous_8)
FNDA:0,(anonymous_9)
FNDA:0,(anonymous_10)
FNDA:0,(anonymous_11)
FNDA:0,(anonymous_12)
DA:24,2
DA:26,2
DA:28,2
DA:29,0
DA:30,0
DA:31,0
DA:32,0
DA:33,0
DA:34,0
DA:38,2
DA:39,0
DA:40,0
DA:41,0
DA:42,0
DA:43,0
DA:44,0
DA:46,0
DA:47,0
DA:48,0
DA:49,0
DA:50,0
DA:51,0
DA:52,0
DA:54,0
DA:55,0
DA:56,0
DA:57,0
DA:58,0
DA:59,0
DA:60,0
DA:62,0
DA:63,0
DA:64,0
DA:65,0
DA:66,0
DA:67,0
DA:68,0
DA:70,0
DA:71,0
DA:72,0
DA:73,0
DA:74,0
DA:75,0
DA:76,0
DA:78,0
DA:79,0
DA:80,0
DA:81,0
DA:82,0
DA:83,0
DA:84,0
DA:86,0
DA:88,0
DA:91,2
DA:97,0
DA:119,0
DA:128,0
DA:137,0
LF:58
LH:5
BRDA:32,0,0,0
BRDA:32,0,1,0
BRDA:32,1,0,0
BRDA:32,1,1,0
BRDA:39,2,0,0
BRDA:39,2,1,0
BRDA:39,3,0,0
BRDA:39,3,1,0
BRDA:47,4,0,0
BRDA:47,4,1,0
BRDA:47,5,0,0
BRDA:47,5,1,0
BRDA:55,6,0,0
BRDA:55,6,1,0
BRDA:55,7,0,0
BRDA:55,7,1,0
BRDA:63,8,0,0
BRDA:63,8,1,0
BRDA:63,9,0,0
BRDA:63,9,1,0
BRDA:71,10,0,0
BRDA:71,10,1,0
BRDA:71,11,0,0
BRDA:71,11,1,0
BRDA:79,12,0,0
BRDA:79,12,1,0
BRDA:79,13,0,0
BRDA:79,13,1,0
BRF:28
BRH:0
end_of_record
TN:
SF:/home/maria-baeta/trybe/trybe-projects/sd-010-a-project-recipes-app/src/components/HeaderWithSearch.jsx
FN:8,HeaderWithSearch
FN:17,(anonymous_1)
FN:34,(anonymous_2)
FN:40,(anonymous_3)
FN:64,(anonymous_4)
FNF:5
FNH:4
FNDA:26,HeaderWithSearch
FNDA:26,(anonymous_1)
FNDA:0,(anonymous_2)
FNDA:2,(anonymous_3)
FNDA:2,(anonymous_4)
DA:15,26
DA:17,26
DA:18,26
DA:19,26
DA:20,26
DA:21,26
DA:22,26
DA:24,26
DA:26,26
DA:29,26
DA:34,26
DA:35,0
DA:36,0
DA:37,0
DA:40,26
DA:41,2
DA:42,2
DA:43,0
DA:44,0
DA:45,0
DA:46,0
DA:50,26
DA:64,2
LF:23
LH:16
BRDA:26,0,0,0
BRDA:26,0,1,26
BRDA:41,1,0,2
BRDA:41,1,1,0
BRDA:43,2,0,0
BRDA:43,2,1,0
BRDA:43,3,0,0
BRDA:43,3,1,0
BRDA:45,4,0,0
BRDA:45,4,1,0
BRDA:45,5,0,0
BRDA:45,5,1,0
BRDA:75,6,0,2
BRDA:75,6,1,24
BRF:14
BRH:4
end_of_record
TN:
SF:/home/maria-baeta/trybe/trybe-projects/sd-010-a-project-recipes-app/src/context/Context.js
FNF:0
FNH:0
DA:3,9
LF:1
LH:1
BRF:0
BRH:0
end_of_record
TN:
SF:/home/maria-baeta/trybe/trybe-projects/sd-010-a-project-recipes-app/src/context/Provider.js
FN:11,Provider
FN:39,getInFormations
FN:42,(anonymous_2)
FN:62,(anonymous_3)
FN:67,(anonymous_4)
FN:79,(anonymous_5)
FN:84,(anonymous_6)
FN:98,(anonymous_7)
FN:99,(anonymous_8)
FN:106,(anonymous_9)
FN:107,(anonymous_10)
FN:114,foodsRecommendedF
FN:115,(anonymous_12)
FN:122,drinksRecommendedF
FN:123,(anonymous_14)
FN:130,clickSetProgress
FN:141,initProgressInLS
FN:147,initDoneRecipesInLS
FN:152,initFavRecipesInLS
FN:157,(anonymous_19)
FNF:20
FNH:11
FNDA:160,Provider
FNDA:44,getInFormations
FNDA:44,(anonymous_2)
FNDA:0,(anonymous_3)
FNDA:0,(anonymous_4)
FNDA:0,(anonymous_5)
FNDA:0,(anonymous_6)
FNDA:0,(anonymous_7)
FNDA:0,(anonymous_8)
FNDA:0,(anonymous_9)
FNDA:0,(anonymous_10)
FNDA:44,foodsRecommendedF
FNDA:44,(anonymous_12)
FNDA:44,drinksRecommendedF
FNDA:44,(anonymous_14)
FNDA:0,clickSetProgress
FNDA:44,initProgressInLS
FNDA:44,initDoneRecipesInLS
FNDA:44,initFavRecipesInLS
FNDA:44,(anonymous_19)
DA:12,160
DA:13,160
DA:14,160
DA:15,160
DA:16,160
DA:17,160
DA:18,160
DA:19,160
DA:20,160
DA:21,160
DA:22,160
DA:23,160
DA:24,160
DA:25,160
DA:26,160
DA:27,160
DA:28,160
DA:29,160
DA:30,160
DA:31,160
DA:32,160
DA:33,160
DA:34,160
DA:35,160
DA:36,160
DA:37,160
DA:40,44
DA:41,44
DA:42,44
DA:43,44
DA:44,4
DA:45,4
DA:46,4
DA:47,4
DA:48,4
DA:49,4
DA:50,4
DA:52,44
DA:53,44
DA:54,44
DA:55,44
DA:57,44
DA:58,44
DA:59,44
DA:62,160
DA:63,0
DA:64,0
DA:65,0
DA:66,0
DA:67,0
DA:68,0
DA:69,0
DA:71,0
DA:72,0
DA:73,0
DA:74,0
DA:75,0
DA:79,160
DA:80,0
DA:81,0
DA:82,0
DA:83,0
DA:84,0
DA:85,0
DA:86,0
DA:88,0
DA:90,0
DA:91,0
DA:93,0
DA:94,0
DA:98,160
DA:99,0
DA:100,0
DA:101,0
DA:103,0
DA:106,160
DA:107,0
DA:108,0
DA:109,0
DA:111,0
DA:115,44
DA:116,44
DA:117,4
DA:119,44
DA:123,44
DA:124,44
DA:125,4
DA:127,44
DA:131,0
DA:132,0
DA:133,0
DA:134,0
DA:136,0
DA:137,0
DA:142,44
DA:143,9
DA:148,44
DA:149,9
DA:153,44
DA:154,9
DA:157,160
DA:158,44
DA:159,44
DA:160,44
DA:161,44
DA:162,44
DA:163,44
DA:166,160
DA:219,160
DA:226,9
LF:110
LH:72
BRDA:53,0,0,44
BRDA:53,0,1,0
BRDA:57,1,0,44
BRDA:57,1,1,0
BRDA:64,2,0,0
BRDA:64,2,1,0
BRDA:72,3,0,0
BRDA:72,3,1,0
BRDA:74,4,0,0
BRDA:74,4,1,0
BRDA:81,5,0,0
BRDA:81,5,1,0
BRDA:90,6,0,0
BRDA:90,6,1,0
BRDA:93,7,0,0
BRDA:93,7,1,0
BRDA:131,8,0,0
BRDA:131,8,1,0
BRDA:136,9,0,0
BRDA:136,9,1,0
BRDA:142,10,0,35
BRDA:142,10,1,9
BRDA:148,11,0,35
BRDA:148,11,1,9
BRDA:153,12,0,35
BRDA:153,12,1,9
BRF:26
BRH:8
end_of_record
TN:
SF:/home/maria-baeta/trybe/trybe-projects/sd-010-a-project-recipes-app/src/pages/DetailsPages/ComponentAux.js
FN:14,ComponentAux
FNF:1
FNH:0
FNDA:0,ComponentAux
DA:15,0
DA:17,0
LF:2
LH:0
BRDA:19,0,0,0
BRDA:19,0,1,0
BRDA:20,1,0,0
BRDA:20,1,1,0
BRDA:22,2,0,0
BRDA:22,2,1,0
BRDA:23,3,0,0
BRDA:23,3,1,0
BRDA:24,4,0,0
BRDA:24,4,1,0
BRDA:25,5,0,0
BRDA:25,5,1,0
BRDA:27,6,0,0
BRDA:27,6,1,0
BRF:14
BRH:0
end_of_record
TN:
SF:/home/maria-baeta/trybe/trybe-projects/sd-010-a-project-recipes-app/src/pages/DetailsPages/ComponentAuxProgress.js
FN:13,ComponentAuxProgress
FN:16,(anonymous_1)
FN:40,(anonymous_2)
FNF:3
FNH:0
FNDA:0,ComponentAuxProgress
FNDA:0,(anonymous_1)
FNDA:0,(anonymous_2)
DA:14,0
DA:15,0
DA:16,0
DA:17,0
DA:18,0
DA:19,0
DA:20,0
DA:21,0
DA:26,0
DA:40,0
LF:10
LH:0
BRDA:19,0,0,0
BRDA:19,0,1,0
BRDA:28,1,0,0
BRDA:28,1,1,0
BRDA:29,2,0,0
BRDA:29,2,1,0
BRDA:31,3,0,0
BRDA:31,3,1,0
BRDA:32,4,0,0
BRDA:32,4,1,0
BRDA:33,5,0,0
BRDA:33,5,1,0
BRF:12
BRH:0
end_of_record
TN:
SF:/home/maria-baeta/trybe/trybe-projects/sd-010-a-project-recipes-app/src/pages/DetailsPages/DetailsDrinkRecipe.jsx
FN:16,(anonymous_0)
FN:21,(anonymous_1)
FN:22,getRecipe
FNF:3
FNH:0
FNDA:0,(anonymous_0)
FNDA:0,(anonymous_1)
FNDA:0,getRecipe
DA:16,4
DA:18,0
DA:19,0
DA:20,0
DA:21,0
DA:23,0
DA:24,0
DA:25,0
DA:26,0
DA:28,0
DA:31,0
LF:11
LH:1
BRDA:32,0,0,0
BRDA:32,0,1,0
BRF:2
BRH:0
end_of_record
TN:
SF:/home/maria-baeta/trybe/trybe-projects/sd-010-a-project-recipes-app/src/pages/DetailsPages/DetailsFoodRecipe.jsx
FN:18,(anonymous_0)
FN:25,(anonymous_1)
FN:26,getRecipe
FNF:3
FNH:0
FNDA:0,(anonymous_0)
FNDA:0,(anonymous_1)
FNDA:0,getRecipe
DA:18,4
DA:21,0
DA:22,0
DA:23,0
DA:25,0
DA:27,0
DA:28,0
DA:29,0
DA:30,0
DA:32,0
DA:35,0
LF:11
LH:1
BRDA:36,0,0,0
BRDA:36,0,1,0
BRF:2
BRH:0
end_of_record
TN:
SF:/home/maria-baeta/trybe/trybe-projects/sd-010-a-project-recipes-app/src/pages/DetailsPages/DetailsInProgressDrink.jsx
FN:5,DetailsInProgressDrink
FN:10,(anonymous_1)
FN:11,getRecipe
FNF:3
FNH:0
FNDA:0,DetailsInProgressDrink
FNDA:0,(anonymous_1)
FNDA:0,getRecipe
DA:7,0
DA:8,0
DA:9,0
DA:10,0
DA:12,0
DA:13,0
DA:14,0
DA:15,0
DA:17,0
DA:19,0
LF:10
LH:0
BRDA:20,0,0,0
BRDA:20,0,1,0
BRF:2
BRH:0
end_of_record
TN:
SF:/home/maria-baeta/trybe/trybe-projects/sd-010-a-project-recipes-app/src/pages/DetailsPages/DetailsInProgressFood.jsx
FN:5,DetailsInProgressFood
FN:10,(anonymous_1)
FN:11,getRecipe
FNF:3
FNH:0
FNDA:0,DetailsInProgressFood
FNDA:0,(anonymous_1)
FNDA:0,getRecipe
DA:7,0
DA:8,0
DA:9,0
DA:10,0
DA:12,0
DA:13,0
DA:14,0
DA:15,0
DA:17,0
DA:19,0
LF:10
LH:0
BRDA:20,0,0,0
BRDA:20,0,1,0
BRF:2
BRH:0
end_of_record
TN:
SF:/home/maria-baeta/trybe/trybe-projects/sd-010-a-project-recipes-app/src/pages/DetailsPages/components/Heading.jsx
FN:6,(anonymous_0)
FNF:1
FNH:0
FNDA:0,(anonymous_0)
DA:6,4
DA:7,0
DA:17,4
LF:3
LH:2
BRDA:9,0,0,0
BRDA:9,0,1,0
BRDA:10,1,0,0
BRDA:10,1,1,0
BRF:4
BRH:0
end_of_record
TN:
SF:/home/maria-baeta/trybe/trybe-projects/sd-010-a-project-recipes-app/src/pages/DetailsPages/components/Ingredients.jsx
FN:5,(anonymous_0)
FN:17,(anonymous_1)
FNF:2
FNH:0
FNDA:0,(anonymous_0)
FNDA:0,(anonymous_1)
DA:5,4
DA:6,0
DA:7,0
DA:8,0
DA:9,0
DA:11,0
DA:18,0
DA:31,4
LF:8
LH:2
BRDA:8,0,0,0
BRDA:8,0,1,0
BRF:2
BRH:0
end_of_record
TN:
SF:/home/maria-baeta/trybe/trybe-projects/sd-010-a-project-recipes-app/src/pages/DetailsPages/components/IngredinetsRadio.jsx
FN:9,altTextDecorationWithId
FN:28,observeAndEnableBtn
FN:32,(anonymous_2)
FN:44,(anonymous_3)
FN:51,altTextDecoration
FN:64,handleChange
FN:70,(anonymous_6)
FN:82,(anonymous_7)
FN:86,(anonymous_8)
FN:92,(anonymous_9)
FN:106,(anonymous_10)
FNF:11
FNH:0
FNDA:0,altTextDecorationWithId
FNDA:0,observeAndEnableBtn
FNDA:0,(anonymous_2)
FNDA:0,(anonymous_3)
FNDA:0,altTextDecoration
FNDA:0,handleChange
FNDA:0,(anonymous_6)
FNDA:0,(anonymous_7)
FNDA:0,(anonymous_8)
FNDA:0,(anonymous_9)
FNDA:0,(anonymous_10)
DA:7,4
DA:10,0
DA:11,0
DA:13,0
DA:15,0
DA:16,0
DA:18,0
DA:19,0
DA:21,0
DA:22,0
DA:23,0
DA:29,0
DA:30,0
DA:32,0
DA:33,0
DA:35,0
DA:36,0
DA:37,0
DA:39,0
DA:40,0
DA:44,4
DA:45,0
DA:46,0
DA:47,0
DA:48,0
DA:52,0
DA:54,0
DA:55,0
DA:56,0
DA:57,0
DA:59,0
DA:60,0
DA:65,0
DA:66,0
DA:68,0
DA:69,0
DA:70,0
DA:71,0
DA:74,0
DA:75,0
DA:76,0
DA:78,0
DA:79,0
DA:82,0
DA:83,0
DA:86,0
DA:87,0
DA:90,0
DA:93,0
DA:106,0
DA:121,4
LF:51
LH:3
BRDA:15,0,0,0
BRDA:15,0,1,0
BRDA:18,1,0,0
BRDA:18,1,1,0
BRDA:33,2,0,0
BRDA:33,2,1,0
BRDA:35,3,0,0
BRDA:35,3,1,0
BRDA:47,4,0,0
BRDA:47,4,1,0
BRDA:55,5,0,0
BRDA:55,5,1,0
BRDA:71,6,0,0
BRDA:71,6,1,0
BRDA:75,7,0,0
BRDA:75,7,1,0
BRDA:78,8,0,0
BRDA:78,8,1,0
BRF:18
BRH:0
end_of_record
TN:
SF:/home/maria-baeta/trybe/trybe-projects/sd-010-a-project-recipes-app/src/pages/DetailsPages/components/Instructions.jsx
FN:6,(anonymous_0)
FNF:1
FNH:0
FNDA:0,(anonymous_0)
DA:6,4
DA:7,0
DA:17,4
LF:3
LH:2
BRF:0
BRH:0
end_of_record
TN:
SF:/home/maria-baeta/trybe/trybe-projects/sd-010-a-project-recipes-app/src/pages/DetailsPages/components/Recommends.jsx
FN:7,(anonymous_0)
FN:20,(anonymous_1)
FNF:2
FNH:0
FNDA:0,(anonymous_0)
FNDA:0,(anonymous_1)
DA:7,4
DA:8,0
DA:9,0
DA:10,0
DA:11,0
DA:13,0
DA:14,0
DA:16,0
DA:20,0
DA:26,4
LF:10
LH:2
BRDA:10,0,0,0
BRDA:10,0,1,0
BRDA:13,1,0,0
BRDA:13,1,1,0
BRDA:13,2,0,0
BRDA:13,2,1,0
BRF:6
BRH:0
end_of_record
TN:
SF:/home/maria-baeta/trybe/trybe-projects/sd-010-a-project-recipes-app/src/pages/DetailsPages/components/Video.jsx
FN:4,(anonymous_0)
FNF:1
FNH:0
FNDA:0,(anonymous_0)
DA:4,4
DA:5,0
DA:6,0
DA:7,0
DA:8,0
DA:11,0
DA:27,4
LF:7
LH:2
BRDA:7,0,0,0
BRDA:7,0,1,0
BRF:2
BRH:0
end_of_record
TN:
SF:/home/maria-baeta/trybe/trybe-projects/sd-010-a-project-recipes-app/src/pages/DetailsPages/components/ImageComponent/Image.jsx
FN:5,(anonymous_0)
FNF:1
FNH:0
FNDA:0,(anonymous_0)
DA:5,4
DA:6,0
DA:15,4
LF:3
LH:2
BRDA:8,0,0,0
BRDA:8,0,1,0
BRDA:10,1,0,0
BRDA:10,1,1,0
BRF:4
BRH:0
end_of_record
TN:
SF:/home/maria-baeta/trybe/trybe-projects/sd-010-a-project-recipes-app/src/pages/DetailsPages/components/ImageComponent/index.style.js
FNF:0
FNH:0
LF:0
LH:0
BRF:0
BRH:0
end_of_record
TN:
SF:/home/maria-baeta/trybe/trybe-projects/sd-010-a-project-recipes-app/src/pages/DetailsPages/components/buttons/ButtonMakeRecipeDrink.jsx
FN:10,(anonymous_0)
FN:12,(anonymous_1)
FN:25,checkExistInLS
FN:33,checkDoneInLS
FN:39,(anonymous_4)
FN:43,checkAndInitLSProgress
FN:50,checkAndInitLSDone
FN:56,(anonymous_7)
FN:62,(anonymous_8)
FN:74,(anonymous_9)
FNF:10
FNH:0
FNDA:0,(anonymous_0)
FNDA:0,(anonymous_1)
FNDA:0,checkExistInLS
FNDA:0,checkDoneInLS
FNDA:0,(anonymous_4)
FNDA:0,checkAndInitLSProgress
FNDA:0,checkAndInitLSDone
FNDA:0,(anonymous_7)
FNDA:0,(anonymous_8)
FNDA:0,(anonymous_9)
DA:10,9
DA:11,0
DA:12,0
DA:13,0
DA:14,0
DA:15,0
DA:18,0
DA:19,0
DA:21,0
DA:22,0
DA:26,0
DA:27,0
DA:29,0
DA:34,0
DA:35,0
DA:39,9
DA:40,0
DA:42,0
DA:44,0
DA:45,0
DA:46,0
DA:51,0
DA:52,0
DA:56,0
DA:57,0
DA:58,0
DA:59,0
DA:62,0
DA:63,0
DA:64,0
DA:67,0
DA:74,0
DA:82,9
LF:33
LH:3
BRDA:13,0,0,0
BRDA:13,0,1,0
BRDA:18,1,0,0
BRDA:18,1,1,0
BRDA:26,2,0,0
BRDA:26,2,1,0
BRDA:34,3,0,0
BRDA:34,3,1,0
BRDA:44,4,0,0
BRDA:44,4,1,0
BRDA:51,5,0,0
BRDA:51,5,1,0
BRF:12
BRH:0
end_of_record
TN:
SF:/home/maria-baeta/trybe/trybe-projects/sd-010-a-project-recipes-app/src/pages/DetailsPages/components/buttons/ButtonMakeRecipeFood.jsx
FN:8,(anonymous_0)
FN:11,(anonymous_1)
FN:24,(anonymous_2)
FN:34,(anonymous_3)
FN:38,checkAndInitLSProgress
FN:44,checkAndInitLSDone
FN:51,(anonymous_6)
FN:56,(anonymous_7)
FN:67,(anonymous_8)
FNF:9
FNH:0
FNDA:0,(anonymous_0)
FNDA:0,(anonymous_1)
FNDA:0,(anonymous_2)
FNDA:0,(anonymous_3)
FNDA:0,checkAndInitLSProgress
FNDA:0,checkAndInitLSDone
FNDA:0,(anonymous_6)
FNDA:0,(anonymous_7)
FNDA:0,(anonymous_8)
DA:8,4
DA:9,0
DA:11,0
DA:12,0
DA:13,0
DA:14,0
DA:17,0
DA:18,0
DA:20,0
DA:21,0
DA:24,4
DA:25,0
DA:26,0
DA:27,0
DA:29,0
DA:30,0
DA:34,4
DA:35,0
DA:37,0
DA:39,0
DA:40,0
DA:41,0
DA:45,0
DA:46,0
DA:51,0
DA:52,0
DA:53,0
DA:56,0
DA:57,0
DA:58,0
DA:60,0
DA:67,0
DA:75,4
LF:33
LH:4
BRDA:12,0,0,0
BRDA:12,0,1,0
BRDA:17,1,0,0
BRDA:17,1,1,0
BRDA:25,2,0,0
BRDA:25,2,1,0
BRDA:39,3,0,0
BRDA:39,3,1,0
BRDA:45,4,0,0
BRDA:45,4,1,0
BRF:10
BRH:0
end_of_record
TN:
SF:/home/maria-baeta/trybe/trybe-projects/sd-010-a-project-recipes-app/src/pages/DetailsPages/components/buttons/ButtonShare.jsx
FN:8,ButtonShare
FN:9,(anonymous_1)
FN:24,(anonymous_2)
FNF:3
FNH:0
FNDA:0,ButtonShare
FNDA:0,(anonymous_1)
FNDA:0,(anonymous_2)
DA:6,4
DA:9,0
DA:10,0
DA:11,0
DA:13,0
DA:15,0
DA:16,0
DA:19,0
DA:24,0
DA:36,4
LF:10
LH:2
BRF:0
BRH:0
end_of_record
TN:
SF:/home/maria-baeta/trybe/trybe-projects/sd-010-a-project-recipes-app/src/pages/DetailsPages/components/buttons/FavButton.jsx
FN:8,FavButton
FN:20,(anonymous_1)
FN:23,(anonymous_2)
FN:32,(anonymous_3)
FNF:4
FNH:0
FNDA:0,FavButton
FNDA:0,(anonymous_1)
FNDA:0,(anonymous_2)
FNDA:0,(anonymous_3)
DA:10,0
DA:11,0
DA:20,0
DA:21,0
DA:23,0
DA:24,0
DA:25,0
DA:27,0
DA:30,0
DA:32,0
DA:48,4
LF:11
LH:1
BRDA:12,0,0,0
BRDA:12,0,1,0
BRDA:13,1,0,0
BRDA:13,1,1,0
BRDA:14,2,0,0
BRDA:14,2,1,0
BRDA:16,3,0,0
BRDA:16,3,1,0
BRDA:17,4,0,0
BRDA:17,4,1,0
BRDA:18,5,0,0
BRDA:18,5,1,0
BRDA:24,6,0,0
BRDA:24,6,1,0
BRDA:24,7,0,0
BRDA:24,7,1,0
BRDA:35,8,0,0
BRDA:35,8,1,0
BRF:18
BRH:0
end_of_record
TN:
SF:/home/maria-baeta/trybe/trybe-projects/sd-010-a-project-recipes-app/src/pages/LoginPage/Login.js
FN:8,Login
FN:16,(anonymous_1)
FN:25,(anonymous_2)
FN:41,(anonymous_3)
FN:51,(anonymous_4)
FN:62,(anonymous_5)
FNF:6
FNH:6
FNDA:72,Login
FNDA:72,(anonymous_1)
FNDA:1,(anonymous_2)
FNDA:26,(anonymous_3)
FNDA:16,(anonymous_4)
FNDA:1,(anonymous_5)
DA:14,72
DA:16,72
DA:17,72
DA:18,72
DA:19,72
DA:20,4
DA:22,68
DA:25,72
DA:26,1
DA:27,1
DA:28,1
DA:29,1
DA:30,1
DA:31,1
DA:34,72
DA:41,26
DA:51,16
DA:62,1
DA:73,4
LF:19
LH:19
BRDA:19,0,0,4
BRDA:19,0,1,68
BRDA:19,1,0,72
BRDA:19,1,1,4
BRF:4
BRH:4
end_of_record
TN:
SF:/home/maria-baeta/trybe/trybe-projects/sd-010-a-project-recipes-app/src/pages/ProfileScreen/ProfileScreen.jsx
FN:10,(anonymous_0)
FN:20,(anonymous_1)
FNF:2
FNH:2
FNDA:8,(anonymous_0)
FNDA:4,(anonymous_1)
DA:10,4
DA:17,8
DA:18,8
DA:20,8
DA:21,4
DA:22,2
DA:23,2
DA:24,2
DA:25,2
DA:28,4
DA:29,1
DA:30,1
DA:31,1
DA:32,1
DA:34,4
DA:35,1
DA:36,1
DA:37,1
DA:41,8
LF:19
LH:19
BRDA:21,0,0,2
BRDA:21,0,1,2
BRDA:23,1,0,2
BRDA:23,1,1,0
BRDA:28,2,0,1
BRDA:28,2,1,3
BRDA:34,3,0,1
BRDA:34,3,1,3
BRDA:45,4,0,8
BRDA:45,4,1,0
BRF:10
BRH:8
end_of_record
TN:
SF:/home/maria-baeta/trybe/trybe-projects/sd-010-a-project-recipes-app/src/pages/RecipesDone/ButtonFilter.js
FN:6,ButtonFilter
FN:13,(anonymous_1)
FN:25,(anonymous_2)
FN:31,(anonymous_3)
FN:43,(anonymous_4)
FN:53,(anonymous_5)
FN:63,(anonymous_6)
FNF:7
FNH:1
FNDA:4,ButtonFilter
FNDA:0,(anonymous_1)
FNDA:0,(anonymous_2)
FNDA:0,(anonymous_3)
FNDA:0,(anonymous_4)
FNDA:0,(anonymous_5)
FNDA:0,(anonymous_6)
DA:12,4
DA:13,4
DA:14,0
DA:15,0
DA:16,0
DA:17,0
DA:18,0
DA:19,0
DA:20,0
DA:22,0
DA:23,0
DA:24,0
DA:25,0
DA:26,0
DA:28,0
DA:29,0
DA:30,0
DA:31,0
DA:32,0
DA:35,4
DA:43,0
DA:53,0
DA:63,0
LF:23
LH:3
BRDA:17,0,0,0
BRDA:17,0,1,0
BRDA:22,1,0,0
BRDA:22,1,1,0
BRDA:25,2,0,0
BRDA:25,2,1,0
BRDA:28,3,0,0
BRDA:28,3,1,0
BRDA:31,4,0,0
BRDA:31,4,1,0
BRF:10
BRH:0
end_of_record
TN:
SF:/home/maria-baeta/trybe/trybe-projects/sd-010-a-project-recipes-app/src/pages/RecipesDone/Recipes.js
FN:11,Recipes
FN:21,(anonymous_1)
FN:23,(anonymous_2)
FN:28,(anonymous_3)
FN:30,(anonymous_4)
FN:36,(anonymous_5)
FN:39,(anonymous_6)
FN:47,(anonymous_7)
FN:72,(anonymous_8)
FN:105,(anonymous_9)
FN:130,(anonymous_10)
FN:166,(anonymous_11)
FNF:12
FNH:1
FNDA:4,Recipes
FNDA:0,(anonymous_1)
FNDA:0,(anonymous_2)
FNDA:0,(anonymous_3)
FNDA:0,(anonymous_4)
FNDA:0,(anonymous_5)
FNDA:0,(anonymous_6)
FNDA:0,(anonymous_7)
FNDA:0,(anonymous_8)
FNDA:0,(anonymous_9)
FNDA:0,(anonymous_10)
FNDA:0,(anonymous_11)
DA:9,5
DA:12,4
DA:13,4
DA:14,4
DA:15,4
DA:16,4
DA:17,4
DA:19,0
DA:21,4
DA:22,0
DA:23,0
DA:24,0
DA:26,0
DA:28,4
DA:29,0
DA:30,0
DA:31,0
DA:33,0
DA:36,4
DA:37,0
DA:38,0
DA:39,0
DA:40,0
DA:47,4
DA:48,0
DA:72,0
DA:105,4
DA:106,0
DA:130,0
DA:164,4
DA:167,0
LF:31
LH:13
BRDA:16,0,0,4
BRDA:16,0,1,0
BRDA:38,1,0,0
BRDA:38,1,1,0
BRDA:65,2,0,0
BRDA:65,2,1,0
BRDA:123,3,0,0
BRDA:123,3,1,0
BRDA:166,4,0,4
BRDA:166,4,1,3
BRDA:167,5,0,0
BRDA:167,5,1,0
BRF:12
BRH:3
end_of_record
TN:
SF:/home/maria-baeta/trybe/trybe-projects/sd-010-a-project-recipes-app/src/pages/RecipesDone/RecipesDone.js
FN:7,RecipesDone
FNF:1
FNH:1
FNDA:3,RecipesDone
DA:8,3
LF:1
LH:1
BRF:0
BRH:0
end_of_record
TN:
SF:/home/maria-baeta/trybe/trybe-projects/sd-010-a-project-recipes-app/src/pages/RecipesFav/ButtonFilter.js
FN:6,ButtonFilter
FN:15,(anonymous_1)
FN:27,(anonymous_2)
FN:33,(anonymous_3)
FN:45,(anonymous_4)
FN:55,(anonymous_5)
FN:65,(anonymous_6)
FNF:7
FNH:1
FNDA:3,ButtonFilter
FNDA:0,(anonymous_1)
FNDA:0,(anonymous_2)
FNDA:0,(anonymous_3)
FNDA:0,(anonymous_4)
FNDA:0,(anonymous_5)
FNDA:0,(anonymous_6)
DA:13,3
DA:15,3
DA:16,0
DA:17,0
DA:18,0
DA:19,0
DA:20,0
DA:21,0
DA:22,0
DA:24,0
DA:25,0
DA:26,0
DA:27,0
DA:28,0
DA:30,0
DA:31,0
DA:32,0
DA:33,0
DA:34,0
DA:37,3
DA:45,0
DA:55,0
DA:65,0
LF:23
LH:3
BRDA:19,0,0,0
BRDA:19,0,1,0
BRDA:24,1,0,0
BRDA:24,1,1,0
BRDA:27,2,0,0
BRDA:27,2,1,0
BRDA:30,3,0,0
BRDA:30,3,1,0
BRDA:33,4,0,0
BRDA:33,4,1,0
BRF:10
BRH:0
end_of_record
TN:
SF:/home/maria-baeta/trybe/trybe-projects/sd-010-a-project-recipes-app/src/pages/RecipesFav/Recipes.js
FN:12,Recipes
FN:26,(anonymous_1)
FN:28,(anonymous_2)
FN:33,(anonymous_3)
FN:35,(anonymous_4)
FN:41,(anonymous_5)
FN:43,(anonymous_6)
FN:49,(anonymous_7)
FN:74,(anonymous_8)
FN:86,(anonymous_9)
FN:110,(anonymous_10)
FN:135,(anonymous_11)
FN:147,(anonymous_12)
FN:173,(anonymous_13)
FNF:14
FNH:1
FNDA:3,Recipes
FNDA:0,(anonymous_1)
FNDA:0,(anonymous_2)
FNDA:0,(anonymous_3)
FNDA:0,(anonymous_4)
FNDA:0,(anonymous_5)
FNDA:0,(anonymous_6)
FNDA:0,(anonymous_7)
FNDA:0,(anonymous_8)
FNDA:0,(anonymous_9)
FNDA:0,(anonymous_10)
FNDA:0,(anonymous_11)
FNDA:0,(anonymous_12)
FNDA:0,(anonymous_13)
DA:10,5
DA:13,3
DA:14,3
DA:19,3
DA:20,3
DA:21,3
DA:22,3
DA:24,0
DA:26,3
DA:27,0
DA:28,0
DA:29,0
DA:31,0
DA:33,3
DA:34,0
DA:35,0
DA:36,0
DA:38,0
DA:41,3
DA:43,0
DA:44,0
DA:45,0
DA:46,0
DA:49,3
DA:50,0
DA:74,0
DA:86,0
DA:110,3
DA:111,0
DA:135,0
DA:147,0
DA:171,3
DA:174,0
LF:33
LH:13
BRDA:21,0,0,3
BRDA:21,0,1,0
BRDA:43,1,0,0
BRDA:43,1,1,0
BRDA:67,2,0,0
BRDA:67,2,1,0
BRDA:128,3,0,0
BRDA:128,3,1,0
BRDA:173,4,0,3
BRDA:173,4,1,2
BRDA:174,5,0,0
BRDA:174,5,1,0
BRF:12
BRH:3
end_of_record
TN:
SF:/home/maria-baeta/trybe/trybe-projects/sd-010-a-project-recipes-app/src/pages/RecipesFav/RecipesFav.jsx
FN:6,(anonymous_0)
FNF:1
FNH:1
FNDA:2,(anonymous_0)
DA:6,5
DA:7,2
LF:2
LH:2
BRF:0
BRH:0
end_of_record
TN:
SF:/home/maria-baeta/trybe/trybe-projects/sd-010-a-project-recipes-app/src/pages/explore/Explore.jsx
FN:8,Explore
FNF:1
FNH:1
FNDA:5,Explore
DA:9,5
LF:1
LH:1
BRF:0
BRH:0
end_of_record
TN:
SF:/home/maria-baeta/trybe/trybe-projects/sd-010-a-project-recipes-app/src/pages/explore/ExploreDrinks.jsx
FN:6,ExploreDrinks
FNF:1
FNH:1
FNDA:3,ExploreDrinks
DA:7,3
LF:1
LH:1
BRF:0
BRH:0
end_of_record
TN:
SF:/home/maria-baeta/trybe/trybe-projects/sd-010-a-project-recipes-app/src/pages/explore/ExploreDrinksByIngredients.jsx
FN:7,ExploreDrinksByIngredients
FN:10,(anonymous_1)
FN:11,(anonymous_2)
FN:21,(anonymous_3)
FNF:4
FNH:0
FNDA:0,ExploreDrinksByIngredients
FNDA:0,(anonymous_1)
FNDA:0,(anonymous_2)
FNDA:0,(anonymous_3)
DA:8,0
DA:10,0
DA:11,0
DA:14,0
DA:15,0
DA:16,0
DA:21,0
LF:7
LH:0
BRF:0
BRH:0
end_of_record
TN:
SF:/home/maria-baeta/trybe/trybe-projects/sd-010-a-project-recipes-app/src/pages/explore/ExploreFood.jsx
FN:6,ExploreFood
FNF:1
FNH:1
FNDA:3,ExploreFood
DA:7,3
LF:1
LH:1
BRF:0
BRH:0
end_of_record
TN:
SF:/home/maria-baeta/trybe/trybe-projects/sd-010-a-project-recipes-app/src/pages/explore/ExploreFoodByIngredients.jsx
FN:7,ExploreFoodByIngredients
FN:10,(anonymous_1)
FN:11,(anonymous_2)
FN:20,(anonymous_3)
FNF:4
FNH:0
FNDA:0,ExploreFoodByIngredients
FNDA:0,(anonymous_1)
FNDA:0,(anonymous_2)
FNDA:0,(anonymous_3)
DA:8,0
DA:10,0
DA:11,0
DA:13,0
DA:14,0
DA:15,0
DA:20,0
LF:7
LH:0
BRF:0
BRH:0
end_of_record
TN:
SF:/home/maria-baeta/trybe/trybe-projects/sd-010-a-project-recipes-app/src/pages/explore/ExploreFoodByOrigin.jsx
FN:12,ExploreFoodByOrigin
FN:17,(anonymous_1)
FN:19,(anonymous_2)
FN:22,(anonymous_3)
FN:24,(anonymous_4)
FN:27,(anonymous_5)
FN:50,(anonymous_6)
FN:62,(anonymous_7)
FN:67,(anonymous_8)
FNF:9
FNH:0
FNDA:0,ExploreFoodByOrigin
FNDA:0,(anonymous_1)
FNDA:0,(anonymous_2)
FNDA:0,(anonymous_3)
FNDA:0,(anonymous_4)
FNDA:0,(anonymous_5)
FNDA:0,(anonymous_6)
FNDA:0,(anonymous_7)
FNDA:0,(anonymous_8)
DA:13,0
DA:14,0
DA:15,0
DA:17,0
DA:18,0
DA:19,0
DA:22,0
DA:23,0
DA:24,0
DA:27,0
DA:28,0
DA:29,0
DA:30,0
DA:32,0
DA:33,0
DA:34,0
DA:38,0
DA:40,0
DA:51,0
DA:63,0
DA:67,0
LF:21
LH:0
BRDA:28,0,0,0
BRDA:28,0,1,0
BRDA:32,1,0,0
BRDA:32,1,1,0
BRDA:61,2,0,0
BRDA:61,2,1,0
BRF:6
BRH:0
end_of_record
TN:
SF:/home/maria-baeta/trybe/trybe-projects/sd-010-a-project-recipes-app/src/pages/explore/NotFound.jsx
FN:3,NotFound
FNF:1
FNH:0
FNDA:0,NotFound
DA:4,0
LF:1
LH:0
BRF:0
BRH:0
end_of_record
TN:
SF:/home/maria-baeta/trybe/trybe-projects/sd-010-a-project-recipes-app/src/pages/explore/components/ButtonsByType.jsx
FN:7,ButtonsByType
FN:12,(anonymous_1)
FN:13,(anonymous_2)
FN:14,(anonymous_3)
FN:17,handleExploreDirection
FN:21,randomDrinkMeal
FN:32,(anonymous_6)
FN:42,(anonymous_7)
FN:51,(anonymous_8)
FNF:9
FNH:7
FNDA:6,ButtonsByType
FNDA:6,(anonymous_1)
FNDA:0,(anonymous_2)
FNDA:0,(anonymous_3)
FNDA:2,handleExploreDirection
FNDA:2,randomDrinkMeal
FNDA:1,(anonymous_6)
FNDA:1,(anonymous_7)
FNDA:2,(anonymous_8)
DA:8,6
DA:9,6
DA:10,6
DA:12,6
DA:13,6
DA:14,6
DA:18,2
DA:22,2
DA:23,1
DA:26,6
DA:32,1
DA:42,1
DA:51,2
DA:59,5
LF:14
LH:14
BRDA:22,0,0,1
BRDA:22,0,1,1
BRDA:36,1,0,6
BRDA:36,1,1,3
BRF:4
BRH:4
end_of_record
TN:
SF:/home/maria-baeta/trybe/trybe-projects/sd-010-a-project-recipes-app/src/pages/explore/components/IngredientCards.jsx
FN:10,IngredientCards
FN:18,(anonymous_1)
FN:37,(anonymous_2)
FNF:3
FNH:0
FNDA:0,IngredientCards
FNDA:0,(anonymous_1)
FNDA:0,(anonymous_2)
DA:12,0
DA:15,0
DA:16,0
DA:17,0
DA:18,0
DA:19,0
DA:20,0
DA:21,0
DA:22,0
DA:24,0
DA:25,0
DA:26,0
DA:27,0
DA:30,0
DA:33,0
DA:37,0
DA:57,4
LF:17
LH:1
BRDA:19,0,0,0
BRDA:19,0,1,0
BRDA:24,1,0,0
BRDA:24,1,1,0
BRF:4
BRH:0
end_of_record
TN:
SF:/home/maria-baeta/trybe/trybe-projects/sd-010-a-project-recipes-app/src/pages/recipes-main/Drinks/CardsFilterRecipes.js
FN:7,CardsFilterRecipes
FN:9,(anonymous_1)
FN:14,(anonymous_2)
FN:20,(anonymous_3)
FN:44,(anonymous_4)
FN:52,(anonymous_5)
FN:57,(anonymous_6)
FNF:7
FNH:0
FNDA:0,CardsFilterRecipes
FNDA:0,(anonymous_1)
FNDA:0,(anonymous_2)
FNDA:0,(anonymous_3)
FNDA:0,(anonymous_4)
FNDA:0,(anonymous_5)
FNDA:0,(anonymous_6)
DA:8,0
DA:9,0
DA:10,0
DA:11,0
DA:12,0
DA:16,0
DA:20,0
DA:44,0
DA:45,0
DA:46,0
DA:47,0
DA:52,0
DA:53,0
DA:54,0
DA:57,0
DA:58,0
DA:59,0
DA:60,0
DA:61,0
DA:62,0
DA:65,0
LF:21
LH:0
BRDA:58,0,0,0
BRDA:58,0,1,0
BRDA:58,1,0,0
BRDA:58,1,1,0
BRDA:60,2,0,0
BRDA:60,2,1,0
BRDA:60,3,0,0
BRDA:60,3,1,0
BRF:8
BRH:0
end_of_record
TN:
SF:/home/maria-baeta/trybe/trybe-projects/sd-010-a-project-recipes-app/src/pages/recipes-main/Drinks/Drinks.js
FN:11,Drinks
FN:14,(anonymous_1)
FN:19,(anonymous_2)
FN:25,(anonymous_3)
FN:49,(anonymous_4)
FNF:5
FNH:4
FNDA:13,Drinks
FNDA:13,(anonymous_1)
FNDA:12,(anonymous_2)
FNDA:0,(anonymous_3)
FNDA:13,(anonymous_4)
DA:12,13
DA:13,13
DA:14,13
DA:15,13
DA:16,13
DA:17,13
DA:21,12
DA:25,0
DA:49,13
DA:50,13
DA:51,0
DA:52,13
DA:53,12
DA:54,1
DA:55,1
DA:56,0
DA:57,0
DA:61,13
LF:18
LH:14
BRDA:15,0,0,13
BRDA:15,0,1,0
BRDA:50,1,0,0
BRDA:50,1,1,13
BRDA:50,2,0,13
BRDA:50,2,1,0
BRDA:52,3,0,12
BRDA:52,3,1,1
BRDA:52,4,0,13
BRDA:52,4,1,13
BRDA:54,5,0,1
BRDA:54,5,1,0
BRDA:54,6,0,1
BRDA:54,6,1,1
BRDA:56,7,0,0
BRDA:56,7,1,0
BRDA:56,8,0,0
BRDA:56,8,1,0
BRF:18
BRH:10
end_of_record
TN:
SF:/home/maria-baeta/trybe/trybe-projects/sd-010-a-project-recipes-app/src/pages/recipes-main/Drinks/FilterDrinks.js
FN:5,FilterDrinks
FN:8,(anonymous_1)
FN:20,(anonymous_2)
FN:24,(anonymous_3)
FN:33,(anonymous_4)
FNF:5
FNH:3
FNDA:13,FilterDrinks
FNDA:13,(anonymous_1)
FNDA:0,(anonymous_2)
FNDA:10,(anonymous_3)
FNDA:0,(anonymous_4)
DA:6,13
DA:7,13
DA:8,13
DA:9,13
DA:10,13
DA:11,13
DA:20,0
DA:26,10
DA:33,0
DA:42,13
LF:10
LH:8
BRDA:9,0,0,13
BRDA:9,0,1,0
BRF:2
BRH:1
end_of_record
TN:
SF:/home/maria-baeta/trybe/trybe-projects/sd-010-a-project-recipes-app/src/pages/recipes-main/Foods/CardsFilterRecipes.js
FN:7,CardsFilterRecipes
FN:10,(anonymous_1)
FN:15,(anonymous_2)
FN:21,(anonymous_3)
FN:45,(anonymous_4)
FN:53,(anonymous_5)
FN:58,(anonymous_6)
FNF:7
FNH:0
FNDA:0,CardsFilterRecipes
FNDA:0,(anonymous_1)
FNDA:0,(anonymous_2)
FNDA:0,(anonymous_3)
FNDA:0,(anonymous_4)
FNDA:0,(anonymous_5)
FNDA:0,(anonymous_6)
DA:8,0
DA:10,0
DA:11,0
DA:12,0
DA:13,0
DA:17,0
DA:21,0
DA:45,0
DA:46,0
DA:47,0
DA:48,0
DA:53,0
DA:54,0
DA:55,0
DA:58,0
DA:59,0
DA:60,0
DA:61,0
DA:62,0
DA:63,0
DA:66,0
LF:21
LH:0
BRDA:59,0,0,0
BRDA:59,0,1,0
BRDA:59,1,0,0
BRDA:59,1,1,0
BRDA:61,2,0,0
BRDA:61,2,1,0
BRDA:61,3,0,0
BRDA:61,3,1,0
BRF:8
BRH:0
end_of_record
TN:
SF:/home/maria-baeta/trybe/trybe-projects/sd-010-a-project-recipes-app/src/pages/recipes-main/Foods/FilterFoods.js
FN:5,FilterFoods
FN:9,(anonymous_1)
FN:21,(anonymous_2)
FN:25,(anonymous_3)
FN:34,(anonymous_4)
FNF:5
FNH:3
FNDA:13,FilterFoods
FNDA:13,(anonymous_1)
FNDA:0,(anonymous_2)
FNDA:20,(anonymous_3)
FNDA:0,(anonymous_4)
DA:6,13
DA:7,13
DA:9,13
DA:10,13
DA:11,13
DA:12,13
DA:21,0
DA:27,20
DA:34,0
DA:43,13
LF:10
LH:8
BRDA:10,0,0,13
BRDA:10,0,1,0
BRF:2
BRH:1
end_of_record
TN:
SF:/home/maria-baeta/trybe/trybe-projects/sd-010-a-project-recipes-app/src/pages/recipes-main/Foods/Foods.js
FN:11,Foods
FN:14,(anonymous_1)
FN:19,(anonymous_2)
FN:25,(anonymous_3)
FN:49,(anonymous_4)
FNF:5
FNH:4
FNDA:13,Foods
FNDA:13,(anonymous_1)
FNDA:36,(anonymous_2)
FNDA:0,(anonymous_3)
FNDA:13,(anonymous_4)
DA:12,13
DA:13,13
DA:14,13
DA:15,13
DA:16,13
DA:17,13
DA:21,36
DA:25,0
DA:49,13
DA:50,13
DA:51,0
DA:52,13
DA:53,12
DA:54,1
DA:55,1
DA:56,0
DA:57,0
DA:61,13
LF:18
LH:14
BRDA:15,0,0,13
BRDA:15,0,1,0
BRDA:50,1,0,0
BRDA:50,1,1,13
BRDA:50,2,0,13
BRDA:50,2,1,0
BRDA:52,3,0,12
BRDA:52,3,1,1
BRDA:52,4,0,13
BRDA:52,4,1,13
BRDA:54,5,0,1
BRDA:54,5,1,0
BRDA:54,6,0,1
BRDA:54,6,1,1
BRDA:56,7,0,0
BRDA:56,7,1,0
BRDA:56,8,0,0
BRDA:56,8,1,0
BRF:18
BRH:10
end_of_record
TN:
SF:/home/maria-baeta/trybe/trybe-projects/sd-010-a-project-recipes-app/src/services/fetchApi.js
FN:4,fetchApiFoods
FN:12,fetchApiDrinks
FN:20,fetchCategoryFoods
FN:28,fetchCategoryDrinks
FN:35,fetchFilterFoods
FN:41,fetchFilterDrinks
FN:47,fetchRecipeFood
FN:56,fetchRecipeDrink
FN:63,fetchFoodsRecommended
FN:75,fetchDrinksRecommended
FN:86,fetchApiRandomDrinks
FN:93,fetchApiRandomMeal
FN:101,fetchApiIngredientsFood
FN:108,fetchApiIngredientsDrink
FN:115,fetchFilterFoodByIngredient
FN:121,fetchFilterDrinkByIngredient
FN:127,fetchFilterFoodByName
FN:133,fetchFilterDrinkByName
FN:139,fetchFilterFoodByLetter
FN:145,fetchFilterDrinkByLetter
FN:151,fetchMealsCountries
FN:157,fetchSearchMealByCountry
FNF:22
FNH:8
FNDA:44,fetchApiFoods
FNDA:4,fetchApiDrinks
FNDA:4,fetchCategoryFoods
FNDA:4,fetchCategoryDrinks
FNDA:0,fetchFilterFoods
FNDA:0,fetchFilterDrinks
FNDA:0,fetchRecipeFood
FNDA:0,fetchRecipeDrink
FNDA:44,fetchFoodsRecommended
FNDA:44,fetchDrinksRecommended
FNDA:6,fetchApiRandomDrinks
FNDA:6,fetchApiRandomMeal
FNDA:0,fetchApiIngredientsFood
FNDA:0,fetchApiIngredientsDrink
FNDA:0,fetchFilterFoodByIngredient
FNDA:0,fetchFilterDrinkByIngredient
FNDA:0,fetchFilterFoodByName
FNDA:0,fetchFilterDrinkByName
FNDA:0,fetchFilterFoodByLetter
FNDA:0,fetchFilterDrinkByLetter
FNDA:0,fetchMealsCountries
FNDA:0,fetchSearchMealByCountry
DA:2,9
DA:5,44
DA:6,4
DA:7,4
DA:10,9
DA:13,4
DA:14,4
DA:15,4
DA:19,9
DA:21,4
DA:22,4
DA:23,4
DA:27,9
DA:29,4
DA:30,4
DA:31,4
DA:36,0
DA:37,0
DA:38,0
DA:42,0
DA:43,0
DA:44,0
DA:48,0
DA:49,0
DA:52,0
DA:57,0
DA:58,0
DA:60,0
DA:64,44
DA:65,44
DA:66,4
DA:67,4
DA:69,4
DA:70,24
DA:72,4
DA:76,44
DA:77,44
DA:78,4
DA:79,4
DA:80,4
DA:81,24
DA:83,4
DA:87,6
DA:88,6
DA:89,0
DA:90,0
DA:94,6
DA:95,6
DA:96,0
DA:97,0
DA:102,0
DA:103,0
DA:104,0
DA:105,0
DA:109,0
DA:110,0
DA:111,0
DA:112,0
DA:116,0
DA:117,0
DA:118,0
DA:122,0
DA:123,0
DA:124,0
DA:128,0
DA:129,0
DA:130,0
DA:134,0
DA:135,0
DA:136,0
DA:140,0
DA:141,0
DA:142,0
DA:146,0
DA:147,0
DA:148,0
DA:152,0
DA:153,0
DA:154,0
DA:158,0
DA:159,0
DA:160,0
LF:82
LH:34
BRF:0
BRH:0
end_of_record
TN:
SF:/home/maria-baeta/trybe/trybe-projects/sd-010-a-project-recipes-app/src/services/MakeArray/makeArr.js
FN:6,makeArray
FNF:1
FNH:0
FNDA:0,makeArray
DA:7,0
DA:8,0
DA:12,0
DA:72,0
LF:4
LH:0
BRDA:19,0,0,0
BRDA:19,0,1,0
BRDA:20,1,0,0
BRDA:20,1,1,0
BRDA:25,2,0,0
BRDA:25,2,1,0
BRDA:32,3,0,0
BRDA:32,3,1,0
BRDA:39,4,0,0
BRDA:39,4,1,0
BRDA:48,5,0,0
BRDA:48,5,1,0
BRDA:49,6,0,0
BRDA:49,6,1,0
BRDA:54,7,0,0
BRDA:54,7,1,0
BRDA:65,8,0,0
BRDA:65,8,1,0
BRF:18
BRH:0
end_of_record
TN:
SF:/home/maria-baeta/trybe/trybe-projects/sd-010-a-project-recipes-app/src/services/MakeIds/generateIdByIndex.js
FN:5,generateIdFirstCard
FN:14,generateIdSecondCard
FNF:2
FNH:0
FNDA:0,generateIdFirstCard
FNDA:0,generateIdSecondCard
DA:1,4
DA:2,4
DA:3,4
DA:6,0
DA:7,0
DA:8,0
DA:9,0
DA:11,0
DA:15,0
DA:16,0
DA:18,0
DA:19,0
DA:21,0
LF:13
LH:3
BRDA:6,0,0,0
BRDA:6,0,1,0
BRDA:8,1,0,0
BRDA:8,1,1,0
BRDA:15,2,0,0
BRDA:15,2,1,0
BRDA:18,3,0,0
BRDA:18,3,1,0
BRF:8
BRH:0
end_of_record
TN:
SF:/home/maria-baeta/trybe/trybe-projects/sd-010-a-project-recipes-app/src/services/formatObjects/makeObjIngredients.js
FN:1,(anonymous_0)
FN:3,(anonymous_1)
FNF:2
FNH:0
FNDA:0,(anonymous_0)
FNDA:0,(anonymous_1)
DA:1,4
DA:2,0
DA:3,0
DA:6,0
DA:7,0
DA:8,0
DA:10,0
DA:12,0
LF:8
LH:1
BRDA:3,0,0,0
BRDA:3,0,1,0
BRDA:3,0,2,0
BRDA:3,0,3,0
BRDA:3,0,4,0
BRDA:6,1,0,0
BRDA:6,1,1,0
BRDA:10,2,0,0
BRDA:10,2,1,0
BRF:9
BRH:0
end_of_record
TN:
SF:/home/maria-baeta/trybe/trybe-projects/sd-010-a-project-recipes-app/src/services/localStorage/clearLS.js
FN:1,(anonymous_0)
FNF:1
FNH:1
FNDA:1,(anonymous_0)
DA:1,4
LF:1
LH:1
BRF:0
BRH:0
end_of_record
TN:
SF:/home/maria-baeta/trybe/trybe-projects/sd-010-a-project-recipes-app/src/services/localStorage/doneRecipes.js
FN:5,dataAtualFormatada
FN:15,verifyDoneRecipesInLS
FN:19,(anonymous_2)
FN:27,removeRecipeFromProgress
FN:41,(anonymous_4)
FN:55,doneRecipes
FNF:6
FNH:0
FNDA:0,dataAtualFormatada
FNDA:0,verifyDoneRecipesInLS
FNDA:0,(anonymous_2)
FNDA:0,removeRecipeFromProgress
FNDA:0,(anonymous_4)
FNDA:0,doneRecipes
DA:6,0
DA:7,0
DA:8,0
DA:9,0
DA:10,0
DA:11,0
DA:12,0
DA:16,0
DA:17,0
DA:18,0
DA:19,0
DA:20,0
DA:21,0
DA:24,0
DA:29,0
DA:30,0
DA:31,0
DA:32,0
DA:34,0
DA:35,0
DA:36,0
DA:38,0
DA:41,9
DA:42,0
DA:57,0
DA:58,0
DA:61,0
DA:62,0
DA:63,0
DA:64,0
DA:65,0
DA:66,0
DA:68,0
DA:69,0
DA:71,0
DA:83,0
LF:36
LH:1
BRDA:8,0,0,0
BRDA:8,0,1,0
BRDA:10,1,0,0
BRDA:10,1,1,0
BRDA:16,2,0,0
BRDA:16,2,1,0
BRDA:20,3,0,0
BRDA:20,3,1,0
BRDA:30,4,0,0
BRDA:30,4,1,0
BRDA:34,5,0,0
BRDA:34,5,1,0
BRDA:45,6,0,0
BRDA:45,6,1,0
BRDA:46,7,0,0
BRDA:46,7,1,0
BRDA:61,8,0,0
BRDA:61,8,1,0
BRDA:63,9,0,0
BRDA:63,9,1,0
BRDA:63,10,0,0
BRDA:63,10,1,0
BRDA:64,11,0,0
BRDA:64,11,1,0
BRDA:64,12,0,0
BRDA:64,12,1,0
BRDA:68,13,0,0
BRDA:68,13,1,0
BRDA:74,14,0,0
BRDA:74,14,1,0
BRDA:75,15,0,0
BRDA:75,15,1,0
BRDA:76,16,0,0
BRDA:76,16,1,0
BRDA:80,17,0,0
BRDA:80,17,1,0
BRF:36
BRH:0
end_of_record
TN:
SF:/home/maria-baeta/trybe/trybe-projects/sd-010-a-project-recipes-app/src/services/localStorage/setFavRecipes.js
FN:4,verifyInLS
FN:8,(anonymous_1)
FN:19,addRecipeInFavLS
FN:32,removeRecipeFromFavLS
FN:43,setFavRecipe
FNF:5
FNH:0
FNDA:0,verifyInLS
FNDA:0,(anonymous_1)
FNDA:0,addRecipeInFavLS
FNDA:0,removeRecipeFromFavLS
FNDA:0,setFavRecipe
DA:5,0
DA:6,0
DA:7,0
DA:8,0
DA:9,0
DA:10,0
DA:12,0
DA:15,0
DA:20,0
DA:21,0
DA:22,0
DA:23,0
DA:24,0
DA:26,0
DA:27,0
DA:28,0
DA:33,0
DA:34,0
DA:35,0
DA:36,0
DA:40,0
DA:44,0
DA:45,0
DA:46,0
DA:48,0
DA:49,0
LF:26
LH:0
BRDA:6,0,0,0
BRDA:6,0,1,0
BRDA:9,1,0,0
BRDA:9,1,1,0
BRDA:21,2,0,0
BRDA:21,2,1,0
BRDA:35,3,0,0
BRDA:35,3,1,0
BRDA:44,4,0,0
BRDA:44,4,1,0
BRF:10
BRH:0
end_of_record
TN:
SF:/home/maria-baeta/trybe/trybe-projects/sd-010-a-project-recipes-app/src/services/localStorage/setIdAndIngredients.js
FN:1,setIdAndIngredients
FN:12,returnIngredientsOfId
FNF:2
FNH:0
FNDA:0,setIdAndIngredients
FNDA:0,returnIngredientsOfId
DA:2,0
DA:3,0
DA:4,0
DA:6,0
DA:7,0
DA:9,0
DA:13,0
DA:15,0
DA:16,0
DA:17,0
DA:18,0
DA:20,0
DA:21,0
DA:23,0
LF:14
LH:0
BRDA:3,0,0,0
BRDA:3,0,1,0
BRDA:6,1,0,0
BRDA:6,1,1,0
BRDA:17,2,0,0
BRDA:17,2,1,0
BRDA:20,3,0,0
BRDA:20,3,1,0
BRF:8
BRH:0
end_of_record
TN:
SF:/home/maria-baeta/trybe/trybe-projects/sd-010-a-project-recipes-app/src/services/localStorage/setProgressRecipesLS.js
FN:1,verifyProgressInLS
FN:11,(anonymous_1)
FN:19,(anonymous_2)
FN:26,addRecipeInProgress
FN:46,setProgressRecipesLS
FNF:5
FNH:0
FNDA:0,verifyProgressInLS
FNDA:0,(anonymous_1)
FNDA:0,(anonymous_2)
FNDA:0,addRecipeInProgress
FNDA:0,setProgressRecipesLS
DA:2,0
DA:3,0
DA:6,0
DA:7,0
DA:8,0
DA:10,0
DA:11,0
DA:12,0
DA:16,0
DA:17,0
DA:18,0
DA:19,0
DA:20,0
DA:23,0
DA:27,0
DA:29,0
DA:30,0
DA:31,0
DA:32,0
DA:37,0
DA:38,0
DA:43,0
DA:47,0
DA:48,0
DA:49,0
DA:50,0
DA:51,0
LF:27
LH:0
BRDA:3,0,0,0
BRDA:3,0,1,0
BRDA:7,1,0,0
BRDA:7,1,1,0
BRDA:10,2,0,0
BRDA:10,2,1,0
BRDA:12,3,0,0
BRDA:12,3,1,0
BRDA:16,4,0,0
BRDA:16,4,1,0
BRDA:18,5,0,0
BRDA:18,5,1,0
BRDA:20,6,0,0
BRDA:20,6,1,0
BRDA:31,7,0,0
BRDA:31,7,1,0
BRDA:37,8,0,0
BRDA:37,8,1,0
BRDA:49,9,0,0
BRDA:49,9,1,0
BRDA:49,10,0,0
BRDA:49,10,1,0
BRDA:50,11,0,0
BRDA:50,11,1,0
BRF:24
BRH:0
end_of_record
TN:
SF:/home/maria-baeta/trybe/trybe-projects/sd-010-a-project-recipes-app/src/tests/mock.js
FNF:0
FNH:0
DA:1,0
DA:156,0
LF:2
LH:0
BRF:0
BRH:0
end_of_record
TN:
SF:/home/maria-baeta/trybe/trybe-projects/sd-010-a-project-recipes-app/src/tests/renderWithRouter.js
FN:7,(anonymous_0)
FNF:1
FNH:1
FNDA:25,(anonymous_0)
DA:7,8
DA:8,25
DA:10,25
LF:3
LH:3
BRF:0
BRH:0
end_of_record
